# JRE version: Java(TM) SE Runtime Environment (8.0_144-b01) (build 1.8.0_144-b01)
# Java VM: Java HotSpot(TM) 64-Bit Server VM (25.144-b01 mixed mode linux-amd64 compressed oops)
Heap:
 PSYoungGen      total 174592K, used 43451K [0x000000076d100000, 0x0000000778600000, 0x00000007c0000000)
  eden space 165888K, 25% used [0x000000076d100000,0x000000076fa0ede0,0x0000000777300000)
  from space 8704K, 16% used [0x0000000777b00000,0x0000000777c60018,0x0000000778380000)
  to   space 8192K, 0% used [0x0000000777300000,0x0000000777300000,0x0000000777b00000)
 ParOldGen       total 133632K, used 15499K [0x00000006c7200000, 0x00000006cf480000, 0x000000076d100000)
  object space 133632K, 11% used [0x00000006c7200000,0x00000006c8122f00,0x00000006cf480000)
 Metaspace       used 22715K, capacity 24213K, committed 24320K, reserved 1071104K
  class space    used 3261K, capacity 3574K, committed 3584K, reserved 1048576K
GC Heap History (10 events):
Event: 15.295 GC heap before
{Heap before GC invocations=11 (full 1):
 PSYoungGen      total 129536K, used 119680K [0x000000076d100000, 0x0000000776880000, 0x00000007c0000000)
  eden space 118272K, 100% used [0x000000076d100000,0x0000000774480000,0x0000000774480000)
  from space 11264K, 12% used [0x0000000774480000,0x00000007745e0018,0x0000000774f80000)
  to   space 10752K, 0% used [0x0000000775e00000,0x0000000775e00000,0x0000000776880000)
 ParOldGen       total 133632K, used 15475K [0x00000006c7200000, 0x00000006cf480000, 0x000000076d100000)
  object space 133632K, 11% used [0x00000006c7200000,0x00000006c811cf00,0x00000006cf480000)
 Metaspace       used 22607K, capacity 24067K, committed 24320K, reserved 1071104K
  class space    used 3260K, capacity 3571K, committed 3584K, reserved 1048576K
Event: 15.306 GC heap after
Heap after GC invocations=11 (full 1):
 PSYoungGen      total 143360K, used 1472K [0x000000076d100000, 0x0000000776780000, 0x00000007c0000000)
  eden space 133632K, 0% used [0x000000076d100000,0x000000076d100000,0x0000000775380000)
  from space 9728K, 15% used [0x0000000775e00000,0x0000000775f70018,0x0000000776780000)
  to   space 10240K, 0% used [0x0000000775380000,0x0000000775380000,0x0000000775d80000)
 ParOldGen       total 133632K, used 15483K [0x00000006c7200000, 0x00000006cf480000, 0x000000076d100000)
  object space 133632K, 11% used [0x00000006c7200000,0x00000006c811ef00,0x00000006cf480000)
 Metaspace       used 22607K, capacity 24067K, committed 24320K, reserved 1071104K
  class space    used 3260K, capacity 3571K, committed 3584K, reserved 1048576K
}
Event: 16.706 GC heap before
{Heap before GC invocations=12 (full 1):
 PSYoungGen      total 143360K, used 135104K [0x000000076d100000, 0x0000000776780000, 0x00000007c0000000)
  eden space 133632K, 100% used [0x000000076d100000,0x0000000775380000,0x0000000775380000)
  from space 9728K, 15% used [0x0000000775e00000,0x0000000775f70018,0x0000000776780000)
  to   space 10240K, 0% used [0x0000000775380000,0x0000000775380000,0x0000000775d80000)
 ParOldGen       total 133632K, used 15483K [0x00000006c7200000, 0x00000006cf480000, 0x000000076d100000)
  object space 133632K, 11% used [0x00000006c7200000,0x00000006c811ef00,0x00000006cf480000)
 Metaspace       used 22614K, capacity 24067K, committed 24320K, reserved 1071104K
  class space    used 3260K, capacity 3571K, committed 3584K, reserved 1048576K
Event: 16.711 GC heap after
Heap after GC invocations=12 (full 1):
 PSYoungGen      total 143872K, used 1376K [0x000000076d100000, 0x0000000777600000, 0x00000007c0000000)
  eden space 133632K, 0% used [0x000000076d100000,0x000000076d100000,0x0000000775380000)
  from space 10240K, 13% used [0x0000000775380000,0x00000007754d8018,0x0000000775d80000)
  to   space 9728K, 0% used [0x0000000776c80000,0x0000000776c80000,0x0000000777600000)
 ParOldGen       total 133632K, used 15491K [0x00000006c7200000, 0x00000006cf480000, 0x000000076d100000)
  object space 133632K, 11% used [0x00000006c7200000,0x00000006c8120f00,0x00000006cf480000)
 Metaspace       used 22614K, capacity 24067K, committed 24320K, reserved 1071104K
  class space    used 3260K, capacity 3571K, committed 3584K, reserved 1048576K
}
Event: 18.281 GC heap before
{Heap before GC invocations=13 (full 1):
 PSYoungGen      total 143872K, used 135008K [0x000000076d100000, 0x0000000777600000, 0x00000007c0000000)
  eden space 133632K, 100% used [0x000000076d100000,0x0000000775380000,0x0000000775380000)
  from space 10240K, 13% used [0x0000000775380000,0x00000007754d8018,0x0000000775d80000)
  to   space 9728K, 0% used [0x0000000776c80000,0x0000000776c80000,0x0000000777600000)
 ParOldGen       total 133632K, used 15491K [0x00000006c7200000, 0x00000006cf480000, 0x000000076d100000)
  object space 133632K, 11% used [0x00000006c7200000,0x00000006c8120f00,0x00000006cf480000)
 Metaspace       used 22656K, capacity 24067K, committed 24320K, reserved 1071104K
  class space    used 3260K, capacity 3571K, committed 3584K, reserved 1048576K
Event: 18.282 GC heap after
Heap after GC invocations=13 (full 1):
 PSYoungGen      total 153088K, used 1440K [0x000000076d100000, 0x0000000777280000, 0x00000007c0000000)
  eden space 146944K, 0% used [0x000000076d100000,0x000000076d100000,0x0000000776080000)
  from space 6144K, 23% used [0x0000000776c80000,0x0000000776de8018,0x0000000777280000)
  to   space 9216K, 0% used [0x0000000776080000,0x0000000776080000,0x0000000776980000)
 ParOldGen       total 133632K, used 15499K [0x00000006c7200000, 0x00000006cf480000, 0x000000076d100000)
  object space 133632K, 11% used [0x00000006c7200000,0x00000006c8122f00,0x00000006cf480000)
 Metaspace       used 22656K, capacity 24067K, committed 24320K, reserved 1071104K
  class space    used 3260K, capacity 3571K, committed 3584K, reserved 1048576K
}
Event: 18.559 GC heap before
{Heap before GC invocations=14 (full 1):
 PSYoungGen      total 153088K, used 148384K [0x000000076d100000, 0x0000000777280000, 0x00000007c0000000)
  eden space 146944K, 100% used [0x000000076d100000,0x0000000776080000,0x0000000776080000)
  from space 6144K, 23% used [0x0000000776c80000,0x0000000776de8018,0x0000000777280000)
  to   space 9216K, 0% used [0x0000000776080000,0x0000000776080000,0x0000000776980000)
 ParOldGen       total 133632K, used 15499K [0x00000006c7200000, 0x00000006cf480000, 0x000000076d100000)
  object space 133632K, 11% used [0x00000006c7200000,0x00000006c8122f00,0x00000006cf480000)
 Metaspace       used 22670K, capacity 24067K, committed 24320K, reserved 1071104K
  class space    used 3260K, capacity 3571K, committed 3584K, reserved 1048576K
Event: 18.562 GC heap after
Heap after GC invocations=14 (full 1):
 PSYoungGen      total 156160K, used 1408K [0x000000076d100000, 0x0000000778380000, 0x00000007c0000000)
  eden space 146944K, 0% used [0x000000076d100000,0x000000076d100000,0x0000000776080000)
  from space 9216K, 15% used [0x0000000776080000,0x00000007761e0018,0x0000000776980000)
  to   space 8704K, 0% used [0x0000000777b00000,0x0000000777b00000,0x0000000778380000)
 ParOldGen       total 133632K, used 15499K [0x00000006c7200000, 0x00000006cf480000, 0x000000076d100000)
  object space 133632K, 11% used [0x00000006c7200000,0x00000006c8122f00,0x00000006cf480000)
 Metaspace       used 22670K, capacity 24067K, committed 24320K, reserved 1071104K
  class space    used 3260K, capacity 3571K, committed 3584K, reserved 1048576K
}
Event: 18.742 GC heap before
{Heap before GC invocations=15 (full 1):
 PSYoungGen      total 156160K, used 148352K [0x000000076d100000, 0x0000000778380000, 0x00000007c0000000)
  eden space 146944K, 100% used [0x000000076d100000,0x0000000776080000,0x0000000776080000)
  from space 9216K, 15% used [0x0000000776080000,0x00000007761e0018,0x0000000776980000)
  to   space 8704K, 0% used [0x0000000777b00000,0x0000000777b00000,0x0000000778380000)
 ParOldGen       total 133632K, used 15499K [0x00000006c7200000, 0x00000006cf480000, 0x000000076d100000)
  object space 133632K, 11% used [0x00000006c7200000,0x00000006c8122f00,0x00000006cf480000)
 Metaspace       used 22671K, capacity 24131K, committed 24320K, reserved 1071104K
  class space    used 3260K, capacity 3571K, committed 3584K, reserved 1048576K
Event: 18.744 GC heap after
Heap after GC invocations=15 (full 1):
 PSYoungGen      total 174592K, used 1408K [0x000000076d100000, 0x0000000778600000, 0x00000007c0000000)
  eden space 165888K, 0% used [0x000000076d100000,0x000000076d100000,0x0000000777300000)
  from space 8704K, 16% used [0x0000000777b00000,0x0000000777c60018,0x0000000778380000)
  to   space 8192K, 0% used [0x0000000777300000,0x0000000777300000,0x0000000777b00000)
 ParOldGen       total 133632K, used 15499K [0x00000006c7200000, 0x00000006cf480000, 0x000000076d100000)
  object space 133632K, 11% used [0x00000006c7200000,0x00000006c8122f00,0x00000006cf480000)
 Metaspace       used 22671K, capacity 24131K, committed 24320K, reserved 1071104K
  class space    used 3260K, capacity 3571K, committed 3584K, reserved 1048576K
}

