# JRE version: Java(TM) SE Runtime Environment (8.0_144-b01) (build 1.8.0_144-b01)
# Java VM: Java HotSpot(TM) 64-Bit Server VM (25.144-b01 mixed mode linux-amd64 compressed oops)
Heap:
 PSYoungGen      total 132096K, used 43388K [0x000000076d100000, 0x0000000776580000, 0x00000007c0000000)
  eden space 114176K, 37% used [0x000000076d100000,0x000000076fa8f270,0x0000000774080000)
  from space 17920K, 4% used [0x0000000775100000,0x00000007751d0018,0x0000000776280000)
  to   space 16896K, 0% used [0x0000000774080000,0x0000000774080000,0x0000000775100000)
 ParOldGen       total 126464K, used 15485K [0x00000006c7200000, 0x00000006ced80000, 0x000000076d100000)
  object space 126464K, 12% used [0x00000006c7200000,0x00000006c811f6e0,0x00000006ced80000)
 Metaspace       used 22132K, capacity 23537K, committed 23808K, reserved 1069056K
  class space    used 3244K, capacity 3528K, committed 3584K, reserved 1048576K
GC Heap History (10 events):
Event: 2.824 GC heap before
{Heap before GC invocations=3 (full 1):
 PSYoungGen      total 74752K, used 10238K [0x000000076d100000, 0x0000000772400000, 0x00000007c0000000)
  eden space 64512K, 0% used [0x000000076d100000,0x000000076d100000,0x0000000771000000)
  from space 10240K, 99% used [0x0000000771a00000,0x00000007723ff838,0x0000000772400000)
  to   space 10240K, 0% used [0x0000000771000000,0x0000000771000000,0x0000000771a00000)
 ParOldGen       total 171008K, used 5527K [0x00000006c7200000, 0x00000006d1900000, 0x000000076d100000)
  object space 171008K, 3% used [0x00000006c7200000,0x00000006c7765df8,0x00000006d1900000)
 Metaspace       used 20003K, capacity 21191K, committed 21296K, reserved 1067008K
  class space    used 2910K, capacity 3200K, committed 3200K, reserved 1048576K
Event: 2.860 GC heap after
Heap after GC invocations=3 (full 1):
 PSYoungGen      total 74752K, used 0K [0x000000076d100000, 0x0000000772400000, 0x00000007c0000000)
  eden space 64512K, 0% used [0x000000076d100000,0x000000076d100000,0x0000000771000000)
  from space 10240K, 0% used [0x0000000771a00000,0x0000000771a00000,0x0000000772400000)
  to   space 10240K, 0% used [0x0000000771000000,0x0000000771000000,0x0000000771a00000)
 ParOldGen       total 126464K, used 15461K [0x00000006c7200000, 0x00000006ced80000, 0x000000076d100000)
  object space 126464K, 12% used [0x00000006c7200000,0x00000006c81196e0,0x00000006ced80000)
 Metaspace       used 20003K, capacity 21191K, committed 21296K, reserved 1067008K
  class space    used 2910K, capacity 3200K, committed 3200K, reserved 1048576K
}
Event: 4.304 GC heap before
{Heap before GC invocations=4 (full 1):
 PSYoungGen      total 74752K, used 64512K [0x000000076d100000, 0x0000000772400000, 0x00000007c0000000)
  eden space 64512K, 100% used [0x000000076d100000,0x0000000771000000,0x0000000771000000)
  from space 10240K, 0% used [0x0000000771a00000,0x0000000771a00000,0x0000000772400000)
  to   space 10240K, 0% used [0x0000000771000000,0x0000000771000000,0x0000000771a00000)
 ParOldGen       total 126464K, used 15461K [0x00000006c7200000, 0x00000006ced80000, 0x000000076d100000)
  object space 126464K, 12% used [0x00000006c7200000,0x00000006c81196e0,0x00000006ced80000)
 Metaspace       used 21578K, capacity 22923K, committed 23296K, reserved 1069056K
  class space    used 3168K, capacity 3457K, committed 3584K, reserved 1048576K
Event: 4.311 GC heap after
Heap after GC invocations=4 (full 1):
 PSYoungGen      total 74752K, used 800K [0x000000076d100000, 0x0000000773880000, 0x00000007c0000000)
  eden space 64512K, 0% used [0x000000076d100000,0x000000076d100000,0x0000000771000000)
  from space 10240K, 7% used [0x0000000771000000,0x00000007710c8018,0x0000000771a00000)
  to   space 10240K, 0% used [0x0000000772e80000,0x0000000772e80000,0x0000000773880000)
 ParOldGen       total 126464K, used 15469K [0x00000006c7200000, 0x00000006ced80000, 0x000000076d100000)
  object space 126464K, 12% used [0x00000006c7200000,0x00000006c811b6e0,0x00000006ced80000)
 Metaspace       used 21578K, capacity 22923K, committed 23296K, reserved 1069056K
  class space    used 3168K, capacity 3457K, committed 3584K, reserved 1048576K
}
Event: 5.603 GC heap before
{Heap before GC invocations=5 (full 1):
 PSYoungGen      total 74752K, used 65312K [0x000000076d100000, 0x0000000773880000, 0x00000007c0000000)
  eden space 64512K, 100% used [0x000000076d100000,0x0000000771000000,0x0000000771000000)
  from space 10240K, 7% used [0x0000000771000000,0x00000007710c8018,0x0000000771a00000)
  to   space 10240K, 0% used [0x0000000772e80000,0x0000000772e80000,0x0000000773880000)
 ParOldGen       total 126464K, used 15469K [0x00000006c7200000, 0x00000006ced80000, 0x000000076d100000)
  object space 126464K, 12% used [0x00000006c7200000,0x00000006c811b6e0,0x00000006ced80000)
 Metaspace       used 21720K, capacity 23121K, committed 23296K, reserved 1069056K
  class space    used 3170K, capacity 3458K, committed 3584K, reserved 1048576K
Event: 5.608 GC heap after
Heap after GC invocations=5 (full 1):
 PSYoungGen      total 93696K, used 800K [0x000000076d100000, 0x0000000773780000, 0x00000007c0000000)
  eden space 84480K, 0% used [0x000000076d100000,0x000000076d100000,0x0000000772380000)
  from space 9216K, 8% used [0x0000000772e80000,0x0000000772f48018,0x0000000773780000)
  to   space 10240K, 0% used [0x0000000772380000,0x0000000772380000,0x0000000772d80000)
 ParOldGen       total 126464K, used 15477K [0x00000006c7200000, 0x00000006ced80000, 0x000000076d100000)
  object space 126464K, 12% used [0x00000006c7200000,0x00000006c811d6e0,0x00000006ced80000)
 Metaspace       used 21720K, capacity 23121K, committed 23296K, reserved 1069056K
  class space    used 3170K, capacity 3458K, committed 3584K, reserved 1048576K
}
Event: 6.001 GC heap before
{Heap before GC invocations=6 (full 1):
 PSYoungGen      total 93696K, used 85280K [0x000000076d100000, 0x0000000773780000, 0x00000007c0000000)
  eden space 84480K, 100% used [0x000000076d100000,0x0000000772380000,0x0000000772380000)
  from space 9216K, 8% used [0x0000000772e80000,0x0000000772f48018,0x0000000773780000)
  to   space 10240K, 0% used [0x0000000772380000,0x0000000772380000,0x0000000772d80000)
 ParOldGen       total 126464K, used 15477K [0x00000006c7200000, 0x00000006ced80000, 0x000000076d100000)
  object space 126464K, 12% used [0x00000006c7200000,0x00000006c811d6e0,0x00000006ced80000)
 Metaspace       used 21751K, capacity 23185K, committed 23552K, reserved 1069056K
  class space    used 3170K, capacity 3458K, committed 3584K, reserved 1048576K
Event: 6.005 GC heap after
Heap after GC invocations=6 (full 1):
 PSYoungGen      total 94720K, used 800K [0x000000076d100000, 0x0000000776280000, 0x00000007c0000000)
  eden space 84480K, 0% used [0x000000076d100000,0x000000076d100000,0x0000000772380000)
  from space 10240K, 7% used [0x0000000772380000,0x0000000772448018,0x0000000772d80000)
  to   space 17920K, 0% used [0x0000000775100000,0x0000000775100000,0x0000000776280000)
 ParOldGen       total 126464K, used 15477K [0x00000006c7200000, 0x00000006ced80000, 0x000000076d100000)
  object space 126464K, 12% used [0x00000006c7200000,0x00000006c811d6e0,0x00000006ced80000)
 Metaspace       used 21751K, capacity 23185K, committed 23552K, reserved 1069056K
  class space    used 3170K, capacity 3458K, committed 3584K, reserved 1048576K
}
Event: 6.237 GC heap before
{Heap before GC invocations=7 (full 1):
 PSYoungGen      total 94720K, used 85280K [0x000000076d100000, 0x0000000776280000, 0x00000007c0000000)
  eden space 84480K, 100% used [0x000000076d100000,0x0000000772380000,0x0000000772380000)
  from space 10240K, 7% used [0x0000000772380000,0x0000000772448018,0x0000000772d80000)
  to   space 17920K, 0% used [0x0000000775100000,0x0000000775100000,0x0000000776280000)
 ParOldGen       total 126464K, used 15477K [0x00000006c7200000, 0x00000006ced80000, 0x000000076d100000)
  object space 126464K, 12% used [0x00000006c7200000,0x00000006c811d6e0,0x00000006ced80000)
 Metaspace       used 21794K, capacity 23191K, committed 23552K, reserved 1069056K
  class space    used 3171K, capacity 3459K, committed 3584K, reserved 1048576K
Event: 6.240 GC heap after
Heap after GC invocations=7 (full 1):
 PSYoungGen      total 132096K, used 832K [0x000000076d100000, 0x0000000776580000, 0x00000007c0000000)
  eden space 114176K, 0% used [0x000000076d100000,0x000000076d100000,0x0000000774080000)
  from space 17920K, 4% used [0x0000000775100000,0x00000007751d0018,0x0000000776280000)
  to   space 16896K, 0% used [0x0000000774080000,0x0000000774080000,0x0000000775100000)
 ParOldGen       total 126464K, used 15485K [0x00000006c7200000, 0x00000006ced80000, 0x000000076d100000)
  object space 126464K, 12% used [0x00000006c7200000,0x00000006c811f6e0,0x00000006ced80000)
 Metaspace       used 21794K, capacity 23191K, committed 23552K, reserved 1069056K
  class space    used 3171K, capacity 3459K, committed 3584K, reserved 1048576K
}

