# JRE version: Java(TM) SE Runtime Environment (8.0_144-b01) (build 1.8.0_144-b01)
# Java VM: Java HotSpot(TM) 64-Bit Server VM (25.144-b01 mixed mode linux-amd64 compressed oops)
Heap:
 PSYoungGen      total 93184K, used 62485K [0x000000076d100000, 0x0000000776780000, 0x00000007c0000000)
  eden space 82944K, 74% used [0x000000076d100000,0x0000000770d35728,0x0000000772200000)
  from space 10240K, 8% used [0x0000000772200000,0x00000007722d0018,0x0000000772c00000)
  to   space 17920K, 0% used [0x0000000775600000,0x0000000775600000,0x0000000776780000)
 ParOldGen       total 126464K, used 15467K [0x00000006c7200000, 0x00000006ced80000, 0x000000076d100000)
  object space 126464K, 12% used [0x00000006c7200000,0x00000006c811afe0,0x00000006ced80000)
 Metaspace       used 22002K, capacity 23403K, committed 23552K, reserved 1069056K
  class space    used 3246K, capacity 3527K, committed 3584K, reserved 1048576K
GC Heap History (10 events):
Event: 2.531 GC heap before
{Heap before GC invocations=2 (full 0):
 PSYoungGen      total 74752K, used 22680K [0x000000076d100000, 0x0000000772400000, 0x00000007c0000000)
  eden space 64512K, 19% used [0x000000076d100000,0x000000076dd269b0,0x0000000771000000)
  from space 10240K, 99% used [0x0000000771000000,0x00000007719ff858,0x0000000771a00000)
  to   space 10240K, 0% used [0x0000000771a00000,0x0000000771a00000,0x0000000772400000)
 ParOldGen       total 171008K, used 3208K [0x00000006c7200000, 0x00000006d1900000, 0x000000076d100000)
  object space 171008K, 1% used [0x00000006c7200000,0x00000006c75223d8,0x00000006d1900000)
 Metaspace       used 19976K, capacity 21191K, committed 21296K, reserved 1067008K
  class space    used 2911K, capacity 3200K, committed 3200K, reserved 1048576K
Event: 2.538 GC heap after
Heap after GC invocations=2 (full 0):
 PSYoungGen      total 74752K, used 10222K [0x000000076d100000, 0x0000000772400000, 0x00000007c0000000)
  eden space 64512K, 0% used [0x000000076d100000,0x000000076d100000,0x0000000771000000)
  from space 10240K, 99% used [0x0000000771a00000,0x00000007723fb848,0x0000000772400000)
  to   space 10240K, 0% used [0x0000000771000000,0x0000000771000000,0x0000000771a00000)
 ParOldGen       total 171008K, used 5534K [0x00000006c7200000, 0x00000006d1900000, 0x000000076d100000)
  object space 171008K, 3% used [0x00000006c7200000,0x00000006c7767858,0x00000006d1900000)
 Metaspace       used 19976K, capacity 21191K, committed 21296K, reserved 1067008K
  class space    used 2911K, capacity 3200K, committed 3200K, reserved 1048576K
}
Event: 2.538 GC heap before
{Heap before GC invocations=3 (full 1):
 PSYoungGen      total 74752K, used 10222K [0x000000076d100000, 0x0000000772400000, 0x00000007c0000000)
  eden space 64512K, 0% used [0x000000076d100000,0x000000076d100000,0x0000000771000000)
  from space 10240K, 99% used [0x0000000771a00000,0x00000007723fb848,0x0000000772400000)
  to   space 10240K, 0% used [0x0000000771000000,0x0000000771000000,0x0000000771a00000)
 ParOldGen       total 171008K, used 5534K [0x00000006c7200000, 0x00000006d1900000, 0x000000076d100000)
  object space 171008K, 3% used [0x00000006c7200000,0x00000006c7767858,0x00000006d1900000)
 Metaspace       used 19976K, capacity 21191K, committed 21296K, reserved 1067008K
  class space    used 2911K, capacity 3200K, committed 3200K, reserved 1048576K
Event: 2.575 GC heap after
Heap after GC invocations=3 (full 1):
 PSYoungGen      total 74752K, used 0K [0x000000076d100000, 0x0000000772400000, 0x00000007c0000000)
  eden space 64512K, 0% used [0x000000076d100000,0x000000076d100000,0x0000000771000000)
  from space 10240K, 0% used [0x0000000771a00000,0x0000000771a00000,0x0000000772400000)
  to   space 10240K, 0% used [0x0000000771000000,0x0000000771000000,0x0000000771a00000)
 ParOldGen       total 126464K, used 15451K [0x00000006c7200000, 0x00000006ced80000, 0x000000076d100000)
  object space 126464K, 12% used [0x00000006c7200000,0x00000006c8116fe0,0x00000006ced80000)
 Metaspace       used 19976K, capacity 21191K, committed 21296K, reserved 1067008K
  class space    used 2911K, capacity 3200K, committed 3200K, reserved 1048576K
}
Event: 4.293 GC heap before
{Heap before GC invocations=4 (full 1):
 PSYoungGen      total 74752K, used 64512K [0x000000076d100000, 0x0000000772400000, 0x00000007c0000000)
  eden space 64512K, 100% used [0x000000076d100000,0x0000000771000000,0x0000000771000000)
  from space 10240K, 0% used [0x0000000771a00000,0x0000000771a00000,0x0000000772400000)
  to   space 10240K, 0% used [0x0000000771000000,0x0000000771000000,0x0000000771a00000)
 ParOldGen       total 126464K, used 15451K [0x00000006c7200000, 0x00000006ced80000, 0x000000076d100000)
  object space 126464K, 12% used [0x00000006c7200000,0x00000006c8116fe0,0x00000006ced80000)
 Metaspace       used 21545K, capacity 22923K, committed 23296K, reserved 1069056K
  class space    used 3169K, capacity 3457K, committed 3584K, reserved 1048576K
Event: 4.297 GC heap after
Heap after GC invocations=4 (full 1):
 PSYoungGen      total 74752K, used 800K [0x000000076d100000, 0x0000000773600000, 0x00000007c0000000)
  eden space 64512K, 0% used [0x000000076d100000,0x000000076d100000,0x0000000771000000)
  from space 10240K, 7% used [0x0000000771000000,0x00000007710c8018,0x0000000771a00000)
  to   space 10240K, 0% used [0x0000000772c00000,0x0000000772c00000,0x0000000773600000)
 ParOldGen       total 126464K, used 15459K [0x00000006c7200000, 0x00000006ced80000, 0x000000076d100000)
  object space 126464K, 12% used [0x00000006c7200000,0x00000006c8118fe0,0x00000006ced80000)
 Metaspace       used 21545K, capacity 22923K, committed 23296K, reserved 1069056K
  class space    used 3169K, capacity 3457K, committed 3584K, reserved 1048576K
}
Event: 4.541 GC heap before
{Heap before GC invocations=5 (full 1):
 PSYoungGen      total 74752K, used 65312K [0x000000076d100000, 0x0000000773600000, 0x00000007c0000000)
  eden space 64512K, 100% used [0x000000076d100000,0x0000000771000000,0x0000000771000000)
  from space 10240K, 7% used [0x0000000771000000,0x00000007710c8018,0x0000000771a00000)
  to   space 10240K, 0% used [0x0000000772c00000,0x0000000772c00000,0x0000000773600000)
 ParOldGen       total 126464K, used 15459K [0x00000006c7200000, 0x00000006ced80000, 0x000000076d100000)
  object space 126464K, 12% used [0x00000006c7200000,0x00000006c8118fe0,0x00000006ced80000)
 Metaspace       used 21604K, capacity 22993K, committed 23296K, reserved 1069056K
  class space    used 3172K, capacity 3458K, committed 3584K, reserved 1048576K
Event: 4.545 GC heap after
Heap after GC invocations=5 (full 1):
 PSYoungGen      total 93184K, used 800K [0x000000076d100000, 0x0000000773a00000, 0x00000007c0000000)
  eden space 82944K, 0% used [0x000000076d100000,0x000000076d100000,0x0000000772200000)
  from space 10240K, 7% used [0x0000000772c00000,0x0000000772cc8018,0x0000000773600000)
  to   space 10240K, 0% used [0x0000000772200000,0x0000000772200000,0x0000000772c00000)
 ParOldGen       total 126464K, used 15459K [0x00000006c7200000, 0x00000006ced80000, 0x000000076d100000)
  object space 126464K, 12% used [0x00000006c7200000,0x00000006c8118fe0,0x00000006ced80000)
 Metaspace       used 21604K, capacity 22993K, committed 23296K, reserved 1069056K
  class space    used 3172K, capacity 3458K, committed 3584K, reserved 1048576K
}
Event: 4.818 GC heap before
{Heap before GC invocations=6 (full 1):
 PSYoungGen      total 93184K, used 83744K [0x000000076d100000, 0x0000000773a00000, 0x00000007c0000000)
  eden space 82944K, 100% used [0x000000076d100000,0x0000000772200000,0x0000000772200000)
  from space 10240K, 7% used [0x0000000772c00000,0x0000000772cc8018,0x0000000773600000)
  to   space 10240K, 0% used [0x0000000772200000,0x0000000772200000,0x0000000772c00000)
 ParOldGen       total 126464K, used 15459K [0x00000006c7200000, 0x00000006ced80000, 0x000000076d100000)
  object space 126464K, 12% used [0x00000006c7200000,0x00000006c8118fe0,0x00000006ced80000)
 Metaspace       used 21640K, capacity 22993K, committed 23296K, reserved 1069056K
  class space    used 3172K, capacity 3458K, committed 3584K, reserved 1048576K
Event: 4.823 GC heap after
Heap after GC invocations=6 (full 1):
 PSYoungGen      total 93184K, used 832K [0x000000076d100000, 0x0000000776780000, 0x00000007c0000000)
  eden space 82944K, 0% used [0x000000076d100000,0x000000076d100000,0x0000000772200000)
  from space 10240K, 8% used [0x0000000772200000,0x00000007722d0018,0x0000000772c00000)
  to   space 17920K, 0% used [0x0000000775600000,0x0000000775600000,0x0000000776780000)
 ParOldGen       total 126464K, used 15467K [0x00000006c7200000, 0x00000006ced80000, 0x000000076d100000)
  object space 126464K, 12% used [0x00000006c7200000,0x00000006c811afe0,0x00000006ced80000)
 Metaspace       used 21640K, capacity 22993K, committed 23296K, reserved 1069056K
  class space    used 3172K, capacity 3458K, committed 3584K, reserved 1048576K
}

