# JRE version: Java(TM) SE Runtime Environment (8.0_144-b01) (build 1.8.0_144-b01)
# Java VM: Java HotSpot(TM) 64-Bit Server VM (25.144-b01 mixed mode linux-amd64 compressed oops)
Heap:
 PSYoungGen      total 483840K, used 66544K [0x000000076d100000, 0x0000000791b80000, 0x00000007c0000000)
  eden space 475648K, 13% used [0x000000076d100000,0x00000007710f4180,0x000000078a180000)
  from space 8192K, 12% used [0x000000078a180000,0x000000078a288000,0x000000078a980000)
  to   space 7680K, 0% used [0x0000000791400000,0x0000000791400000,0x0000000791b80000)
 ParOldGen       total 128512K, used 16829K [0x00000006c7200000, 0x00000006cef80000, 0x000000076d100000)
  object space 128512K, 13% used [0x00000006c7200000,0x00000006c826f498,0x00000006cef80000)
 Metaspace       used 22950K, capacity 24387K, committed 24576K, reserved 1071104K
  class space    used 3254K, capacity 3539K, committed 3584K, reserved 1048576K
GC Heap History (10 events):
Event: 26.787 GC heap before
{Heap before GC invocations=18 (full 1):
 PSYoungGen      total 342016K, used 336160K [0x000000076d100000, 0x0000000782b80000, 0x00000007c0000000)
  eden space 334336K, 100% used [0x000000076d100000,0x0000000781780000,0x0000000781780000)
  from space 7680K, 23% used [0x0000000782400000,0x00000007825c8018,0x0000000782b80000)
  to   space 10240K, 0% used [0x0000000781780000,0x0000000781780000,0x0000000782180000)
 ParOldGen       total 128512K, used 15542K [0x00000006c7200000, 0x00000006cef80000, 0x000000076d100000)
  object space 128512K, 12% used [0x00000006c7200000,0x00000006c812dbe0,0x00000006cef80000)
 Metaspace       used 22785K, capacity 24177K, committed 24320K, reserved 1071104K
  class space    used 3253K, capacity 3536K, committed 3584K, reserved 1048576K
Event: 26.803 GC heap after
Heap after GC invocations=18 (full 1):
 PSYoungGen      total 344576K, used 1888K [0x000000076d100000, 0x0000000787280000, 0x00000007c0000000)
  eden space 334336K, 0% used [0x000000076d100000,0x000000076d100000,0x0000000781780000)
  from space 10240K, 18% used [0x0000000781780000,0x0000000781958018,0x0000000782180000)
  to   space 9216K, 0% used [0x0000000786980000,0x0000000786980000,0x0000000787280000)
 ParOldGen       total 128512K, used 15550K [0x00000006c7200000, 0x00000006cef80000, 0x000000076d100000)
  object space 128512K, 12% used [0x00000006c7200000,0x00000006c812fbe0,0x00000006cef80000)
 Metaspace       used 22785K, capacity 24177K, committed 24320K, reserved 1071104K
  class space    used 3253K, capacity 3536K, committed 3584K, reserved 1048576K
}
Event: 30.631 GC heap before
{Heap before GC invocations=19 (full 1):
 PSYoungGen      total 344576K, used 336224K [0x000000076d100000, 0x0000000787280000, 0x00000007c0000000)
  eden space 334336K, 100% used [0x000000076d100000,0x0000000781780000,0x0000000781780000)
  from space 10240K, 18% used [0x0000000781780000,0x0000000781958018,0x0000000782180000)
  to   space 9216K, 0% used [0x0000000786980000,0x0000000786980000,0x0000000787280000)
 ParOldGen       total 128512K, used 15550K [0x00000006c7200000, 0x00000006cef80000, 0x000000076d100000)
  object space 128512K, 12% used [0x00000006c7200000,0x00000006c812fbe0,0x00000006cef80000)
 Metaspace       used 22886K, capacity 24317K, committed 24576K, reserved 1071104K
  class space    used 3254K, capacity 3538K, committed 3584K, reserved 1048576K
Event: 30.640 GC heap after
Heap after GC invocations=19 (full 1):
 PSYoungGen      total 403456K, used 1632K [0x000000076d100000, 0x0000000786b80000, 0x00000007c0000000)
  eden space 401408K, 0% used [0x000000076d100000,0x000000076d100000,0x0000000785900000)
  from space 2048K, 79% used [0x0000000786980000,0x0000000786b18000,0x0000000786b80000)
  to   space 8704K, 0% used [0x0000000785a80000,0x0000000785a80000,0x0000000786300000)
 ParOldGen       total 128512K, used 16229K [0x00000006c7200000, 0x00000006cef80000, 0x000000076d100000)
  object space 128512K, 12% used [0x00000006c7200000,0x00000006c81d9498,0x00000006cef80000)
 Metaspace       used 22886K, capacity 24317K, committed 24576K, reserved 1071104K
  class space    used 3254K, capacity 3538K, committed 3584K, reserved 1048576K
}
Event: 31.511 GC heap before
{Heap before GC invocations=20 (full 1):
 PSYoungGen      total 403456K, used 403040K [0x000000076d100000, 0x0000000786b80000, 0x00000007c0000000)
  eden space 401408K, 100% used [0x000000076d100000,0x0000000785900000,0x0000000785900000)
  from space 2048K, 79% used [0x0000000786980000,0x0000000786b18000,0x0000000786b80000)
  to   space 8704K, 0% used [0x0000000785a80000,0x0000000785a80000,0x0000000786300000)
 ParOldGen       total 128512K, used 16229K [0x00000006c7200000, 0x00000006cef80000, 0x000000076d100000)
  object space 128512K, 12% used [0x00000006c7200000,0x00000006c81d9498,0x00000006cef80000)
 Metaspace       used 22906K, capacity 24381K, committed 24576K, reserved 1071104K
  class space    used 3254K, capacity 3538K, committed 3584K, reserved 1048576K
Event: 31.514 GC heap after
Heap after GC invocations=20 (full 1):
 PSYoungGen      total 411648K, used 1600K [0x000000076d100000, 0x000000078b200000, 0x00000007c0000000)
  eden space 402944K, 0% used [0x000000076d100000,0x000000076d100000,0x0000000785a80000)
  from space 8704K, 18% used [0x0000000785a80000,0x0000000785c10000,0x0000000786300000)
  to   space 8704K, 0% used [0x000000078a980000,0x000000078a980000,0x000000078b200000)
 ParOldGen       total 128512K, used 16245K [0x00000006c7200000, 0x00000006cef80000, 0x000000076d100000)
  object space 128512K, 12% used [0x00000006c7200000,0x00000006c81dd498,0x00000006cef80000)
 Metaspace       used 22906K, capacity 24381K, committed 24576K, reserved 1071104K
  class space    used 3254K, capacity 3538K, committed 3584K, reserved 1048576K
}
Event: 31.826 GC heap before
{Heap before GC invocations=21 (full 1):
 PSYoungGen      total 411648K, used 404544K [0x000000076d100000, 0x000000078b200000, 0x00000007c0000000)
  eden space 402944K, 100% used [0x000000076d100000,0x0000000785a80000,0x0000000785a80000)
  from space 8704K, 18% used [0x0000000785a80000,0x0000000785c10000,0x0000000786300000)
  to   space 8704K, 0% used [0x000000078a980000,0x000000078a980000,0x000000078b200000)
 ParOldGen       total 128512K, used 16245K [0x00000006c7200000, 0x00000006cef80000, 0x000000076d100000)
  object space 128512K, 12% used [0x00000006c7200000,0x00000006c81dd498,0x00000006cef80000)
 Metaspace       used 22916K, capacity 24381K, committed 24576K, reserved 1071104K
  class space    used 3254K, capacity 3538K, committed 3584K, reserved 1048576K
Event: 31.836 GC heap after
Heap after GC invocations=21 (full 1):
 PSYoungGen      total 484352K, used 1632K [0x000000076d100000, 0x000000078c880000, 0x00000007c0000000)
  eden space 475648K, 0% used [0x000000076d100000,0x000000076d100000,0x000000078a180000)
  from space 8704K, 18% used [0x000000078a980000,0x000000078ab18000,0x000000078b200000)
  to   space 8192K, 0% used [0x000000078a180000,0x000000078a180000,0x000000078a980000)
 ParOldGen       total 128512K, used 16245K [0x00000006c7200000, 0x00000006cef80000, 0x000000076d100000)
  object space 128512K, 12% used [0x00000006c7200000,0x00000006c81dd498,0x00000006cef80000)
 Metaspace       used 22916K, capacity 24381K, committed 24576K, reserved 1071104K
  class space    used 3254K, capacity 3538K, committed 3584K, reserved 1048576K
}
Event: 32.087 GC heap before
{Heap before GC invocations=22 (full 1):
 PSYoungGen      total 484352K, used 477280K [0x000000076d100000, 0x000000078c880000, 0x00000007c0000000)
  eden space 475648K, 100% used [0x000000076d100000,0x000000078a180000,0x000000078a180000)
  from space 8704K, 18% used [0x000000078a980000,0x000000078ab18000,0x000000078b200000)
  to   space 8192K, 0% used [0x000000078a180000,0x000000078a180000,0x000000078a980000)
 ParOldGen       total 128512K, used 16245K [0x00000006c7200000, 0x00000006cef80000, 0x000000076d100000)
  object space 128512K, 12% used [0x00000006c7200000,0x00000006c81dd498,0x00000006cef80000)
 Metaspace       used 22936K, capacity 24381K, committed 24576K, reserved 1071104K
  class space    used 3254K, capacity 3538K, committed 3584K, reserved 1048576K
Event: 32.089 GC heap after
Heap after GC invocations=22 (full 1):
 PSYoungGen      total 483840K, used 1056K [0x000000076d100000, 0x0000000791b80000, 0x00000007c0000000)
  eden space 475648K, 0% used [0x000000076d100000,0x000000076d100000,0x000000078a180000)
  from space 8192K, 12% used [0x000000078a180000,0x000000078a288000,0x000000078a980000)
  to   space 7680K, 0% used [0x0000000791400000,0x0000000791400000,0x0000000791b80000)
 ParOldGen       total 128512K, used 16829K [0x00000006c7200000, 0x00000006cef80000, 0x000000076d100000)
  object space 128512K, 13% used [0x00000006c7200000,0x00000006c826f498,0x00000006cef80000)
 Metaspace       used 22936K, capacity 24381K, committed 24576K, reserved 1071104K
  class space    used 3254K, capacity 3538K, committed 3584K, reserved 1048576K
}

