# JRE version: Java(TM) SE Runtime Environment (8.0_144-b01) (build 1.8.0_144-b01)
# Java VM: Java HotSpot(TM) 64-Bit Server VM (25.144-b01 mixed mode linux-amd64 compressed oops)
Heap:
 PSYoungGen      total 118272K, used 60627K [0x000000076d100000, 0x0000000777380000, 0x00000007c0000000)
  eden space 101376K, 58% used [0x000000076d100000,0x0000000770b64e70,0x0000000773400000)
  from space 16896K, 4% used [0x0000000773400000,0x00000007734d0018,0x0000000774480000)
  to   space 16384K, 0% used [0x0000000776380000,0x0000000776380000,0x0000000777380000)
 ParOldGen       total 129024K, used 15501K [0x00000006c7200000, 0x00000006cf000000, 0x000000076d100000)
  object space 129024K, 12% used [0x00000006c7200000,0x00000006c8123468,0x00000006cf000000)
 Metaspace       used 22280K, capacity 23741K, committed 23808K, reserved 1069056K
  class space    used 3246K, capacity 3528K, committed 3584K, reserved 1048576K
GC Heap History (10 events):
Event: 4.541 GC heap before
{Heap before GC invocations=4 (full 1):
 PSYoungGen      total 74752K, used 64512K [0x000000076d100000, 0x0000000772400000, 0x00000007c0000000)
  eden space 64512K, 100% used [0x000000076d100000,0x0000000771000000,0x0000000771000000)
  from space 10240K, 0% used [0x0000000771a00000,0x0000000771a00000,0x0000000772400000)
  to   space 10240K, 0% used [0x0000000771000000,0x0000000771000000,0x0000000771a00000)
 ParOldGen       total 129024K, used 15461K [0x00000006c7200000, 0x00000006cf000000, 0x000000076d100000)
  object space 129024K, 11% used [0x00000006c7200000,0x00000006c8119468,0x00000006cf000000)
 Metaspace       used 21610K, capacity 22987K, committed 23296K, reserved 1069056K
  class space    used 3170K, capacity 3457K, committed 3584K, reserved 1048576K
Event: 4.548 GC heap after
Heap after GC invocations=4 (full 1):
 PSYoungGen      total 74752K, used 832K [0x000000076d100000, 0x0000000773600000, 0x00000007c0000000)
  eden space 64512K, 0% used [0x000000076d100000,0x000000076d100000,0x0000000771000000)
  from space 10240K, 8% used [0x0000000771000000,0x00000007710d0018,0x0000000771a00000)
  to   space 10240K, 0% used [0x0000000772c00000,0x0000000772c00000,0x0000000773600000)
 ParOldGen       total 129024K, used 15469K [0x00000006c7200000, 0x00000006cf000000, 0x000000076d100000)
  object space 129024K, 11% used [0x00000006c7200000,0x00000006c811b468,0x00000006cf000000)
 Metaspace       used 21610K, capacity 22987K, committed 23296K, reserved 1069056K
  class space    used 3170K, capacity 3457K, committed 3584K, reserved 1048576K
}
Event: 6.489 GC heap before
{Heap before GC invocations=5 (full 1):
 PSYoungGen      total 74752K, used 65344K [0x000000076d100000, 0x0000000773600000, 0x00000007c0000000)
  eden space 64512K, 100% used [0x000000076d100000,0x0000000771000000,0x0000000771000000)
  from space 10240K, 8% used [0x0000000771000000,0x00000007710d0018,0x0000000771a00000)
  to   space 10240K, 0% used [0x0000000772c00000,0x0000000772c00000,0x0000000773600000)
 ParOldGen       total 129024K, used 15469K [0x00000006c7200000, 0x00000006cf000000, 0x000000076d100000)
  object space 129024K, 11% used [0x00000006c7200000,0x00000006c811b468,0x00000006cf000000)
 Metaspace       used 21823K, capacity 23255K, committed 23552K, reserved 1069056K
  class space    used 3173K, capacity 3459K, committed 3584K, reserved 1048576K
Event: 6.492 GC heap after
Heap after GC invocations=5 (full 1):
 PSYoungGen      total 88064K, used 832K [0x000000076d100000, 0x0000000773380000, 0x00000007c0000000)
  eden space 80384K, 0% used [0x000000076d100000,0x000000076d100000,0x0000000771f80000)
  from space 7680K, 10% used [0x0000000772c00000,0x0000000772cd0018,0x0000000773380000)
  to   space 10240K, 0% used [0x0000000771f80000,0x0000000771f80000,0x0000000772980000)
 ParOldGen       total 129024K, used 15477K [0x00000006c7200000, 0x00000006cf000000, 0x000000076d100000)
  object space 129024K, 11% used [0x00000006c7200000,0x00000006c811d468,0x00000006cf000000)
 Metaspace       used 21823K, capacity 23255K, committed 23552K, reserved 1069056K
  class space    used 3173K, capacity 3459K, committed 3584K, reserved 1048576K
}
Event: 7.305 GC heap before
{Heap before GC invocations=6 (full 1):
 PSYoungGen      total 88064K, used 81216K [0x000000076d100000, 0x0000000773380000, 0x00000007c0000000)
  eden space 80384K, 100% used [0x000000076d100000,0x0000000771f80000,0x0000000771f80000)
  from space 7680K, 10% used [0x0000000772c00000,0x0000000772cd0018,0x0000000773380000)
  to   space 10240K, 0% used [0x0000000771f80000,0x0000000771f80000,0x0000000772980000)
 ParOldGen       total 129024K, used 15477K [0x00000006c7200000, 0x00000006cf000000, 0x000000076d100000)
  object space 129024K, 11% used [0x00000006c7200000,0x00000006c811d468,0x00000006cf000000)
 Metaspace       used 21862K, capacity 23255K, committed 23552K, reserved 1069056K
  class space    used 3173K, capacity 3459K, committed 3584K, reserved 1048576K
Event: 7.308 GC heap after
Heap after GC invocations=6 (full 1):
 PSYoungGen      total 90624K, used 832K [0x000000076d100000, 0x0000000775600000, 0x00000007c0000000)
  eden space 80384K, 0% used [0x000000076d100000,0x000000076d100000,0x0000000771f80000)
  from space 10240K, 8% used [0x0000000771f80000,0x0000000772050018,0x0000000772980000)
  to   space 17920K, 0% used [0x0000000774480000,0x0000000774480000,0x0000000775600000)
 ParOldGen       total 129024K, used 15485K [0x00000006c7200000, 0x00000006cf000000, 0x000000076d100000)
  object space 129024K, 12% used [0x00000006c7200000,0x00000006c811f468,0x00000006cf000000)
 Metaspace       used 21862K, capacity 23255K, committed 23552K, reserved 1069056K
  class space    used 3173K, capacity 3459K, committed 3584K, reserved 1048576K
}
Event: 8.056 GC heap before
{Heap before GC invocations=7 (full 1):
 PSYoungGen      total 90624K, used 81216K [0x000000076d100000, 0x0000000775600000, 0x00000007c0000000)
  eden space 80384K, 100% used [0x000000076d100000,0x0000000771f80000,0x0000000771f80000)
  from space 10240K, 8% used [0x0000000771f80000,0x0000000772050018,0x0000000772980000)
  to   space 17920K, 0% used [0x0000000774480000,0x0000000774480000,0x0000000775600000)
 ParOldGen       total 129024K, used 15485K [0x00000006c7200000, 0x00000006cf000000, 0x000000076d100000)
  object space 129024K, 12% used [0x00000006c7200000,0x00000006c811f468,0x00000006cf000000)
 Metaspace       used 21897K, capacity 23255K, committed 23552K, reserved 1069056K
  class space    used 3173K, capacity 3459K, committed 3584K, reserved 1048576K
Event: 8.064 GC heap after
Heap after GC invocations=7 (full 1):
 PSYoungGen      total 119296K, used 800K [0x000000076d100000, 0x0000000775a00000, 0x00000007c0000000)
  eden space 101376K, 0% used [0x000000076d100000,0x000000076d100000,0x0000000773400000)
  from space 17920K, 4% used [0x0000000774480000,0x0000000774548018,0x0000000775600000)
  to   space 16896K, 0% used [0x0000000773400000,0x0000000773400000,0x0000000774480000)
 ParOldGen       total 129024K, used 15493K [0x00000006c7200000, 0x00000006cf000000, 0x000000076d100000)
  object space 129024K, 12% used [0x00000006c7200000,0x00000006c8121468,0x00000006cf000000)
 Metaspace       used 21897K, capacity 23255K, committed 23552K, reserved 1069056K
  class space    used 3173K, capacity 3459K, committed 3584K, reserved 1048576K
}
Event: 8.811 GC heap before
{Heap before GC invocations=8 (full 1):
 PSYoungGen      total 119296K, used 102176K [0x000000076d100000, 0x0000000775a00000, 0x00000007c0000000)
  eden space 101376K, 100% used [0x000000076d100000,0x0000000773400000,0x0000000773400000)
  from space 17920K, 4% used [0x0000000774480000,0x0000000774548018,0x0000000775600000)
  to   space 16896K, 0% used [0x0000000773400000,0x0000000773400000,0x0000000774480000)
 ParOldGen       total 129024K, used 15493K [0x00000006c7200000, 0x00000006cf000000, 0x000000076d100000)
  object space 129024K, 12% used [0x00000006c7200000,0x00000006c8121468,0x00000006cf000000)
 Metaspace       used 21945K, capacity 23331K, committed 23552K, reserved 1069056K
  class space    used 3173K, capacity 3459K, committed 3584K, reserved 1048576K
Event: 8.815 GC heap after
Heap after GC invocations=8 (full 1):
 PSYoungGen      total 118272K, used 832K [0x000000076d100000, 0x0000000777380000, 0x00000007c0000000)
  eden space 101376K, 0% used [0x000000076d100000,0x000000076d100000,0x0000000773400000)
  from space 16896K, 4% used [0x0000000773400000,0x00000007734d0018,0x0000000774480000)
  to   space 16384K, 0% used [0x0000000776380000,0x0000000776380000,0x0000000777380000)
 ParOldGen       total 129024K, used 15501K [0x00000006c7200000, 0x00000006cf000000, 0x000000076d100000)
  object space 129024K, 12% used [0x00000006c7200000,0x00000006c8123468,0x00000006cf000000)
 Metaspace       used 21945K, capacity 23331K, committed 23552K, reserved 1069056K
  class space    used 3173K, capacity 3459K, committed 3584K, reserved 1048576K
}

