# JRE version: Java(TM) SE Runtime Environment (8.0_144-b01) (build 1.8.0_144-b01)
# Java VM: Java HotSpot(TM) 64-Bit Server VM (25.144-b01 mixed mode linux-amd64 compressed oops)
Heap:
 PSYoungGen      total 119808K, used 62426K [0x000000076d100000, 0x0000000775e00000, 0x00000007c0000000)
  eden space 101888K, 60% used [0x000000076d100000,0x0000000770d2eae8,0x0000000773480000)
  from space 17920K, 4% used [0x0000000774500000,0x00000007745c8018,0x0000000775680000)
  to   space 16896K, 0% used [0x0000000773480000,0x0000000773480000,0x0000000774500000)
 ParOldGen       total 131072K, used 15449K [0x00000006c7200000, 0x00000006cf200000, 0x000000076d100000)
  object space 131072K, 11% used [0x00000006c7200000,0x00000006c8116698,0x00000006cf200000)
 Metaspace       used 22085K, capacity 23500K, committed 23552K, reserved 1069056K
  class space    used 3252K, capacity 3537K, committed 3584K, reserved 1048576K
GC Heap History (10 events):
Event: 2.642 GC heap before
{Heap before GC invocations=3 (full 1):
 PSYoungGen      total 74752K, used 10238K [0x000000076d100000, 0x0000000776300000, 0x00000007c0000000)
  eden space 64512K, 0% used [0x000000076d100000,0x000000076d100000,0x0000000771000000)
  from space 10240K, 99% used [0x0000000771a00000,0x00000007723ff838,0x0000000772400000)
  to   space 10240K, 0% used [0x0000000771000000,0x0000000771000000,0x0000000771a00000)
 ParOldGen       total 171008K, used 5501K [0x00000006c7200000, 0x00000006d1900000, 0x000000076d100000)
  object space 171008K, 3% used [0x00000006c7200000,0x00000006c775f600,0x00000006d1900000)
 Metaspace       used 19978K, capacity 21172K, committed 21296K, reserved 1067008K
  class space    used 2909K, capacity 3175K, committed 3200K, reserved 1048576K
Event: 2.728 GC heap after
Heap after GC invocations=3 (full 1):
 PSYoungGen      total 74752K, used 0K [0x000000076d100000, 0x0000000776300000, 0x00000007c0000000)
  eden space 64512K, 0% used [0x000000076d100000,0x000000076d100000,0x0000000771000000)
  from space 10240K, 0% used [0x0000000771a00000,0x0000000771a00000,0x0000000772400000)
  to   space 10240K, 0% used [0x0000000771000000,0x0000000771000000,0x0000000771a00000)
 ParOldGen       total 131072K, used 15433K [0x00000006c7200000, 0x00000006cf200000, 0x000000076d100000)
  object space 131072K, 11% used [0x00000006c7200000,0x00000006c8112698,0x00000006cf200000)
 Metaspace       used 19978K, capacity 21172K, committed 21296K, reserved 1067008K
  class space    used 2909K, capacity 3175K, committed 3200K, reserved 1048576K
}
Event: 4.492 GC heap before
{Heap before GC invocations=4 (full 1):
 PSYoungGen      total 74752K, used 64512K [0x000000076d100000, 0x0000000776300000, 0x00000007c0000000)
  eden space 64512K, 100% used [0x000000076d100000,0x0000000771000000,0x0000000771000000)
  from space 10240K, 0% used [0x0000000771a00000,0x0000000771a00000,0x0000000772400000)
  to   space 10240K, 0% used [0x0000000771000000,0x0000000771000000,0x0000000771a00000)
 ParOldGen       total 131072K, used 15433K [0x00000006c7200000, 0x00000006cf200000, 0x000000076d100000)
  object space 131072K, 11% used [0x00000006c7200000,0x00000006c8112698,0x00000006cf200000)
 Metaspace       used 21582K, capacity 22950K, committed 23296K, reserved 1069056K
  class space    used 3175K, capacity 3466K, committed 3584K, reserved 1048576K
Event: 4.498 GC heap after
Heap after GC invocations=4 (full 1):
 PSYoungGen      total 74752K, used 832K [0x000000076d100000, 0x0000000773200000, 0x00000007c0000000)
  eden space 64512K, 0% used [0x000000076d100000,0x000000076d100000,0x0000000771000000)
  from space 10240K, 8% used [0x0000000771000000,0x00000007710d0018,0x0000000771a00000)
  to   space 10240K, 0% used [0x0000000772800000,0x0000000772800000,0x0000000773200000)
 ParOldGen       total 131072K, used 15441K [0x00000006c7200000, 0x00000006cf200000, 0x000000076d100000)
  object space 131072K, 11% used [0x00000006c7200000,0x00000006c8114698,0x00000006cf200000)
 Metaspace       used 21582K, capacity 22950K, committed 23296K, reserved 1069056K
  class space    used 3175K, capacity 3466K, committed 3584K, reserved 1048576K
}
Event: 4.838 GC heap before
{Heap before GC invocations=5 (full 1):
 PSYoungGen      total 74752K, used 65344K [0x000000076d100000, 0x0000000773200000, 0x00000007c0000000)
  eden space 64512K, 100% used [0x000000076d100000,0x0000000771000000,0x0000000771000000)
  from space 10240K, 8% used [0x0000000771000000,0x00000007710d0018,0x0000000771a00000)
  to   space 10240K, 0% used [0x0000000772800000,0x0000000772800000,0x0000000773200000)
 ParOldGen       total 131072K, used 15441K [0x00000006c7200000, 0x00000006cf200000, 0x000000076d100000)
  object space 131072K, 11% used [0x00000006c7200000,0x00000006c8114698,0x00000006cf200000)
 Metaspace       used 21661K, capacity 23020K, committed 23296K, reserved 1069056K
  class space    used 3177K, capacity 3467K, committed 3584K, reserved 1048576K
Event: 4.842 GC heap after
Heap after GC invocations=5 (full 1):
 PSYoungGen      total 89088K, used 832K [0x000000076d100000, 0x0000000773380000, 0x00000007c0000000)
  eden space 78848K, 0% used [0x000000076d100000,0x000000076d100000,0x0000000771e00000)
  from space 10240K, 8% used [0x0000000772800000,0x00000007728d0018,0x0000000773200000)
  to   space 10240K, 0% used [0x0000000771e00000,0x0000000771e00000,0x0000000772800000)
 ParOldGen       total 131072K, used 15441K [0x00000006c7200000, 0x00000006cf200000, 0x000000076d100000)
  object space 131072K, 11% used [0x00000006c7200000,0x00000006c8114698,0x00000006cf200000)
 Metaspace       used 21661K, capacity 23020K, committed 23296K, reserved 1069056K
  class space    used 3177K, capacity 3467K, committed 3584K, reserved 1048576K
}
Event: 5.151 GC heap before
{Heap before GC invocations=6 (full 1):
 PSYoungGen      total 89088K, used 79680K [0x000000076d100000, 0x0000000773380000, 0x00000007c0000000)
  eden space 78848K, 100% used [0x000000076d100000,0x0000000771e00000,0x0000000771e00000)
  from space 10240K, 8% used [0x0000000772800000,0x00000007728d0018,0x0000000773200000)
  to   space 10240K, 0% used [0x0000000771e00000,0x0000000771e00000,0x0000000772800000)
 ParOldGen       total 131072K, used 15441K [0x00000006c7200000, 0x00000006cf200000, 0x000000076d100000)
  object space 131072K, 11% used [0x00000006c7200000,0x00000006c8114698,0x00000006cf200000)
 Metaspace       used 21691K, capacity 23148K, committed 23296K, reserved 1069056K
  class space    used 3177K, capacity 3467K, committed 3584K, reserved 1048576K
Event: 5.157 GC heap after
Heap after GC invocations=6 (full 1):
 PSYoungGen      total 89088K, used 832K [0x000000076d100000, 0x0000000775680000, 0x00000007c0000000)
  eden space 78848K, 0% used [0x000000076d100000,0x000000076d100000,0x0000000771e00000)
  from space 10240K, 8% used [0x0000000771e00000,0x0000000771ed0018,0x0000000772800000)
  to   space 17920K, 0% used [0x0000000774500000,0x0000000774500000,0x0000000775680000)
 ParOldGen       total 131072K, used 15449K [0x00000006c7200000, 0x00000006cf200000, 0x000000076d100000)
  object space 131072K, 11% used [0x00000006c7200000,0x00000006c8116698,0x00000006cf200000)
 Metaspace       used 21691K, capacity 23148K, committed 23296K, reserved 1069056K
  class space    used 3177K, capacity 3467K, committed 3584K, reserved 1048576K
}
Event: 5.322 GC heap before
{Heap before GC invocations=7 (full 1):
 PSYoungGen      total 89088K, used 79680K [0x000000076d100000, 0x0000000775680000, 0x00000007c0000000)
  eden space 78848K, 100% used [0x000000076d100000,0x0000000771e00000,0x0000000771e00000)
  from space 10240K, 8% used [0x0000000771e00000,0x0000000771ed0018,0x0000000772800000)
  to   space 17920K, 0% used [0x0000000774500000,0x0000000774500000,0x0000000775680000)
 ParOldGen       total 131072K, used 15449K [0x00000006c7200000, 0x00000006cf200000, 0x000000076d100000)
  object space 131072K, 11% used [0x00000006c7200000,0x00000006c8116698,0x00000006cf200000)
 Metaspace       used 21726K, capacity 23154K, committed 23296K, reserved 1069056K
  class space    used 3178K, capacity 3468K, committed 3584K, reserved 1048576K
Event: 5.331 GC heap after
Heap after GC invocations=7 (full 1):
 PSYoungGen      total 119808K, used 800K [0x000000076d100000, 0x0000000775e00000, 0x00000007c0000000)
  eden space 101888K, 0% used [0x000000076d100000,0x000000076d100000,0x0000000773480000)
  from space 17920K, 4% used [0x0000000774500000,0x00000007745c8018,0x0000000775680000)
  to   space 16896K, 0% used [0x0000000773480000,0x0000000773480000,0x0000000774500000)
 ParOldGen       total 131072K, used 15449K [0x00000006c7200000, 0x00000006cf200000, 0x000000076d100000)
  object space 131072K, 11% used [0x00000006c7200000,0x00000006c8116698,0x00000006cf200000)
 Metaspace       used 21726K, capacity 23154K, committed 23296K, reserved 1069056K
  class space    used 3178K, capacity 3468K, committed 3584K, reserved 1048576K
}

