# JRE version: Java(TM) SE Runtime Environment (8.0_144-b01) (build 1.8.0_144-b01)
# Java VM: Java HotSpot(TM) 64-Bit Server VM (25.144-b01 mixed mode linux-amd64 compressed oops)
Heap:
 PSYoungGen      total 135168K, used 72612K [0x000000076d100000, 0x0000000776600000, 0x00000007c0000000)
  eden space 121856K, 58% used [0x000000076d100000,0x00000007717213b0,0x0000000774800000)
  from space 13312K, 6% used [0x0000000775900000,0x00000007759c8018,0x0000000776600000)
  to   space 15360K, 0% used [0x0000000774800000,0x0000000774800000,0x0000000775700000)
 ParOldGen       total 127488K, used 15489K [0x00000006c7200000, 0x00000006cee80000, 0x000000076d100000)
  object space 127488K, 12% used [0x00000006c7200000,0x00000006c8120680,0x00000006cee80000)
 Metaspace       used 22315K, capacity 23741K, committed 23808K, reserved 1069056K
  class space    used 3247K, capacity 3528K, committed 3584K, reserved 1048576K
GC Heap History (10 events):
Event: 6.109 GC heap before
{Heap before GC invocations=5 (full 1):
 PSYoungGen      total 74752K, used 65344K [0x000000076d100000, 0x0000000773700000, 0x00000007c0000000)
  eden space 64512K, 100% used [0x000000076d100000,0x0000000771000000,0x0000000771000000)
  from space 10240K, 8% used [0x0000000771000000,0x00000007710d0018,0x0000000771a00000)
  to   space 10240K, 0% used [0x0000000772d00000,0x0000000772d00000,0x0000000773700000)
 ParOldGen       total 127488K, used 15457K [0x00000006c7200000, 0x00000006cee80000, 0x000000076d100000)
  object space 127488K, 12% used [0x00000006c7200000,0x00000006c8118680,0x00000006cee80000)
 Metaspace       used 21767K, capacity 23185K, committed 23552K, reserved 1069056K
  class space    used 3172K, capacity 3458K, committed 3584K, reserved 1048576K
Event: 6.115 GC heap after
Heap after GC invocations=5 (full 1):
 PSYoungGen      total 91136K, used 832K [0x000000076d100000, 0x0000000773580000, 0x00000007c0000000)
  eden space 82432K, 0% used [0x000000076d100000,0x000000076d100000,0x0000000772180000)
  from space 8704K, 9% used [0x0000000772d00000,0x0000000772dd0018,0x0000000773580000)
  to   space 10240K, 0% used [0x0000000772180000,0x0000000772180000,0x0000000772b80000)
 ParOldGen       total 127488K, used 15465K [0x00000006c7200000, 0x00000006cee80000, 0x000000076d100000)
  object space 127488K, 12% used [0x00000006c7200000,0x00000006c811a680,0x00000006cee80000)
 Metaspace       used 21767K, capacity 23185K, committed 23552K, reserved 1069056K
  class space    used 3172K, capacity 3458K, committed 3584K, reserved 1048576K
}
Event: 8.188 GC heap before
{Heap before GC invocations=6 (full 1):
 PSYoungGen      total 91136K, used 83264K [0x000000076d100000, 0x0000000773580000, 0x00000007c0000000)
  eden space 82432K, 100% used [0x000000076d100000,0x0000000772180000,0x0000000772180000)
  from space 8704K, 9% used [0x0000000772d00000,0x0000000772dd0018,0x0000000773580000)
  to   space 10240K, 0% used [0x0000000772180000,0x0000000772180000,0x0000000772b80000)
 ParOldGen       total 127488K, used 15465K [0x00000006c7200000, 0x00000006cee80000, 0x000000076d100000)
  object space 127488K, 12% used [0x00000006c7200000,0x00000006c811a680,0x00000006cee80000)
 Metaspace       used 21872K, capacity 23263K, committed 23552K, reserved 1069056K
  class space    used 3172K, capacity 3459K, committed 3584K, reserved 1048576K
Event: 8.192 GC heap after
Heap after GC invocations=6 (full 1):
 PSYoungGen      total 92672K, used 864K [0x000000076d100000, 0x0000000775800000, 0x00000007c0000000)
  eden space 82432K, 0% used [0x000000076d100000,0x000000076d100000,0x0000000772180000)
  from space 10240K, 8% used [0x0000000772180000,0x0000000772258018,0x0000000772b80000)
  to   space 17920K, 0% used [0x0000000774680000,0x0000000774680000,0x0000000775800000)
 ParOldGen       total 127488K, used 15473K [0x00000006c7200000, 0x00000006cee80000, 0x000000076d100000)
  object space 127488K, 12% used [0x00000006c7200000,0x00000006c811c680,0x00000006cee80000)
 Metaspace       used 21872K, capacity 23263K, committed 23552K, reserved 1069056K
  class space    used 3172K, capacity 3459K, committed 3584K, reserved 1048576K
}
Event: 9.548 GC heap before
{Heap before GC invocations=7 (full 1):
 PSYoungGen      total 92672K, used 83296K [0x000000076d100000, 0x0000000775800000, 0x00000007c0000000)
  eden space 82432K, 100% used [0x000000076d100000,0x0000000772180000,0x0000000772180000)
  from space 10240K, 8% used [0x0000000772180000,0x0000000772258018,0x0000000772b80000)
  to   space 17920K, 0% used [0x0000000774680000,0x0000000774680000,0x0000000775800000)
 ParOldGen       total 127488K, used 15473K [0x00000006c7200000, 0x00000006cee80000, 0x000000076d100000)
  object space 127488K, 12% used [0x00000006c7200000,0x00000006c811c680,0x00000006cee80000)
 Metaspace       used 21908K, capacity 23267K, committed 23552K, reserved 1069056K
  class space    used 3172K, capacity 3459K, committed 3584K, reserved 1048576K
Event: 9.552 GC heap after
Heap after GC invocations=7 (full 1):
 PSYoungGen      total 116224K, used 832K [0x000000076d100000, 0x0000000775500000, 0x00000007c0000000)
  eden space 101376K, 0% used [0x000000076d100000,0x000000076d100000,0x0000000773400000)
  from space 14848K, 5% used [0x0000000774680000,0x0000000774750018,0x0000000775500000)
  to   space 16896K, 0% used [0x0000000773400000,0x0000000773400000,0x0000000774480000)
 ParOldGen       total 127488K, used 15481K [0x00000006c7200000, 0x00000006cee80000, 0x000000076d100000)
  object space 127488K, 12% used [0x00000006c7200000,0x00000006c811e680,0x00000006cee80000)
 Metaspace       used 21908K, capacity 23267K, committed 23552K, reserved 1069056K
  class space    used 3172K, capacity 3459K, committed 3584K, reserved 1048576K
}
Event: 10.959 GC heap before
{Heap before GC invocations=8 (full 1):
 PSYoungGen      total 116224K, used 102208K [0x000000076d100000, 0x0000000775500000, 0x00000007c0000000)
  eden space 101376K, 100% used [0x000000076d100000,0x0000000773400000,0x0000000773400000)
  from space 14848K, 5% used [0x0000000774680000,0x0000000774750018,0x0000000775500000)
  to   space 16896K, 0% used [0x0000000773400000,0x0000000773400000,0x0000000774480000)
 ParOldGen       total 127488K, used 15481K [0x00000006c7200000, 0x00000006cee80000, 0x000000076d100000)
  object space 127488K, 12% used [0x00000006c7200000,0x00000006c811e680,0x00000006cee80000)
 Metaspace       used 21952K, capacity 23331K, committed 23552K, reserved 1069056K
  class space    used 3172K, capacity 3459K, committed 3584K, reserved 1048576K
Event: 10.963 GC heap after
Heap after GC invocations=8 (full 1):
 PSYoungGen      total 118272K, used 832K [0x000000076d100000, 0x0000000776900000, 0x00000007c0000000)
  eden space 101376K, 0% used [0x000000076d100000,0x000000076d100000,0x0000000773400000)
  from space 16896K, 4% used [0x0000000773400000,0x00000007734d0018,0x0000000774480000)
  to   space 16384K, 0% used [0x0000000775900000,0x0000000775900000,0x0000000776900000)
 ParOldGen       total 127488K, used 15489K [0x00000006c7200000, 0x00000006cee80000, 0x000000076d100000)
  object space 127488K, 12% used [0x00000006c7200000,0x00000006c8120680,0x00000006cee80000)
 Metaspace       used 21952K, capacity 23331K, committed 23552K, reserved 1069056K
  class space    used 3172K, capacity 3459K, committed 3584K, reserved 1048576K
}
Event: 12.206 GC heap before
{Heap before GC invocations=9 (full 1):
 PSYoungGen      total 118272K, used 102208K [0x000000076d100000, 0x0000000776900000, 0x00000007c0000000)
  eden space 101376K, 100% used [0x000000076d100000,0x0000000773400000,0x0000000773400000)
  from space 16896K, 4% used [0x0000000773400000,0x00000007734d0018,0x0000000774480000)
  to   space 16384K, 0% used [0x0000000775900000,0x0000000775900000,0x0000000776900000)
 ParOldGen       total 127488K, used 15489K [0x00000006c7200000, 0x00000006cee80000, 0x000000076d100000)
  object space 127488K, 12% used [0x00000006c7200000,0x00000006c8120680,0x00000006cee80000)
 Metaspace       used 21985K, capacity 23395K, committed 23552K, reserved 1069056K
  class space    used 3172K, capacity 3459K, committed 3584K, reserved 1048576K
Event: 12.210 GC heap after
Heap after GC invocations=9 (full 1):
 PSYoungGen      total 135168K, used 800K [0x000000076d100000, 0x0000000776600000, 0x00000007c0000000)
  eden space 121856K, 0% used [0x000000076d100000,0x000000076d100000,0x0000000774800000)
  from space 13312K, 6% used [0x0000000775900000,0x00000007759c8018,0x0000000776600000)
  to   space 15360K, 0% used [0x0000000774800000,0x0000000774800000,0x0000000775700000)
 ParOldGen       total 127488K, used 15489K [0x00000006c7200000, 0x00000006cee80000, 0x000000076d100000)
  object space 127488K, 12% used [0x00000006c7200000,0x00000006c8120680,0x00000006cee80000)
 Metaspace       used 21985K, capacity 23395K, committed 23552K, reserved 1069056K
  class space    used 3172K, capacity 3459K, committed 3584K, reserved 1048576K
}

