# JRE version: Java(TM) SE Runtime Environment (8.0_144-b01) (build 1.8.0_144-b01)
# Java VM: Java HotSpot(TM) 64-Bit Server VM (25.144-b01 mixed mode linux-amd64 compressed oops)
Heap:
 PSYoungGen      total 194048K, used 133325K [0x000000076d100000, 0x000000077c480000, 0x00000007c0000000)
  eden space 180224K, 73% used [0x000000076d100000,0x00000007751c3570,0x0000000778100000)
  from space 13824K, 10% used [0x0000000778100000,0x0000000778270018,0x0000000778e80000)
  to   space 13312K, 0% used [0x000000077b780000,0x000000077b780000,0x000000077c480000)
 ParOldGen       total 123904K, used 15476K [0x00000006c7200000, 0x00000006ceb00000, 0x000000076d100000)
  object space 123904K, 12% used [0x00000006c7200000,0x00000006c811d3b8,0x00000006ceb00000)
 Metaspace       used 22741K, capacity 24222K, committed 24320K, reserved 1071104K
  class space    used 3265K, capacity 3574K, committed 3584K, reserved 1048576K
GC Heap History (10 events):
Event: 10.427 GC heap before
{Heap before GC invocations=8 (full 1):
 PSYoungGen      total 128000K, used 111424K [0x000000076d100000, 0x0000000776600000, 0x00000007c0000000)
  eden space 110592K, 100% used [0x000000076d100000,0x0000000773d00000,0x0000000773d00000)
  from space 17408K, 4% used [0x0000000774d80000,0x0000000774e50018,0x0000000775e80000)
  to   space 16896K, 0% used [0x0000000773d00000,0x0000000773d00000,0x0000000774d80000)
 ParOldGen       total 123904K, used 15460K [0x00000006c7200000, 0x00000006ceb00000, 0x000000076d100000)
  object space 123904K, 12% used [0x00000006c7200000,0x00000006c81193b8,0x00000006ceb00000)
 Metaspace       used 22433K, capacity 23874K, committed 24064K, reserved 1069056K
  class space    used 3261K, capacity 3570K, committed 3584K, reserved 1048576K
Event: 10.430 GC heap after
Heap after GC invocations=8 (full 1):
 PSYoungGen      total 127488K, used 1408K [0x000000076d100000, 0x0000000778380000, 0x00000007c0000000)
  eden space 110592K, 0% used [0x000000076d100000,0x000000076d100000,0x0000000773d00000)
  from space 16896K, 8% used [0x0000000773d00000,0x0000000773e60018,0x0000000774d80000)
  to   space 15872K, 0% used [0x0000000777400000,0x0000000777400000,0x0000000778380000)
 ParOldGen       total 123904K, used 15468K [0x00000006c7200000, 0x00000006ceb00000, 0x000000076d100000)
  object space 123904K, 12% used [0x00000006c7200000,0x00000006c811b3b8,0x00000006ceb00000)
 Metaspace       used 22433K, capacity 23874K, committed 24064K, reserved 1069056K
  class space    used 3261K, capacity 3570K, committed 3584K, reserved 1048576K
}
Event: 11.927 GC heap before
{Heap before GC invocations=9 (full 1):
 PSYoungGen      total 127488K, used 112000K [0x000000076d100000, 0x0000000778380000, 0x00000007c0000000)
  eden space 110592K, 100% used [0x000000076d100000,0x0000000773d00000,0x0000000773d00000)
  from space 16896K, 8% used [0x0000000773d00000,0x0000000773e60018,0x0000000774d80000)
  to   space 15872K, 0% used [0x0000000777400000,0x0000000777400000,0x0000000778380000)
 ParOldGen       total 123904K, used 15468K [0x00000006c7200000, 0x00000006ceb00000, 0x000000076d100000)
  object space 123904K, 12% used [0x00000006c7200000,0x00000006c811b3b8,0x00000006ceb00000)
 Metaspace       used 22527K, capacity 23944K, committed 24064K, reserved 1069056K
  class space    used 3263K, capacity 3571K, committed 3584K, reserved 1048576K
Event: 11.933 GC heap after
Heap after GC invocations=9 (full 1):
 PSYoungGen      total 162816K, used 1440K [0x000000076d100000, 0x0000000778100000, 0x00000007c0000000)
  eden space 149504K, 0% used [0x000000076d100000,0x000000076d100000,0x0000000776300000)
  from space 13312K, 10% used [0x0000000777400000,0x0000000777568018,0x0000000778100000)
  to   space 15360K, 0% used [0x0000000776300000,0x0000000776300000,0x0000000777200000)
 ParOldGen       total 123904K, used 15476K [0x00000006c7200000, 0x00000006ceb00000, 0x000000076d100000)
  object space 123904K, 12% used [0x00000006c7200000,0x00000006c811d3b8,0x00000006ceb00000)
 Metaspace       used 22527K, capacity 23944K, committed 24064K, reserved 1069056K
  class space    used 3263K, capacity 3571K, committed 3584K, reserved 1048576K
}
Event: 13.407 GC heap before
{Heap before GC invocations=10 (full 1):
 PSYoungGen      total 162816K, used 150944K [0x000000076d100000, 0x0000000778100000, 0x00000007c0000000)
  eden space 149504K, 100% used [0x000000076d100000,0x0000000776300000,0x0000000776300000)
  from space 13312K, 10% used [0x0000000777400000,0x0000000777568018,0x0000000778100000)
  to   space 15360K, 0% used [0x0000000776300000,0x0000000776300000,0x0000000777200000)
 ParOldGen       total 123904K, used 15476K [0x00000006c7200000, 0x00000006ceb00000, 0x000000076d100000)
  object space 123904K, 12% used [0x00000006c7200000,0x00000006c811d3b8,0x00000006ceb00000)
 Metaspace       used 22568K, capacity 24008K, committed 24064K, reserved 1069056K
  class space    used 3263K, capacity 3571K, committed 3584K, reserved 1048576K
Event: 13.413 GC heap after
Heap after GC invocations=10 (full 1):
 PSYoungGen      total 164864K, used 1440K [0x000000076d100000, 0x0000000779c80000, 0x00000007c0000000)
  eden space 149504K, 0% used [0x000000076d100000,0x000000076d100000,0x0000000776300000)
  from space 15360K, 9% used [0x0000000776300000,0x0000000776468018,0x0000000777200000)
  to   space 14336K, 0% used [0x0000000778e80000,0x0000000778e80000,0x0000000779c80000)
 ParOldGen       total 123904K, used 15476K [0x00000006c7200000, 0x00000006ceb00000, 0x000000076d100000)
  object space 123904K, 12% used [0x00000006c7200000,0x00000006c811d3b8,0x00000006ceb00000)
 Metaspace       used 22568K, capacity 24008K, committed 24064K, reserved 1069056K
  class space    used 3263K, capacity 3571K, committed 3584K, reserved 1048576K
}
Event: 14.315 GC heap before
{Heap before GC invocations=11 (full 1):
 PSYoungGen      total 164864K, used 150944K [0x000000076d100000, 0x0000000779c80000, 0x00000007c0000000)
  eden space 149504K, 100% used [0x000000076d100000,0x0000000776300000,0x0000000776300000)
  from space 15360K, 9% used [0x0000000776300000,0x0000000776468018,0x0000000777200000)
  to   space 14336K, 0% used [0x0000000778e80000,0x0000000778e80000,0x0000000779c80000)
 ParOldGen       total 123904K, used 15476K [0x00000006c7200000, 0x00000006ceb00000, 0x000000076d100000)
  object space 123904K, 12% used [0x00000006c7200000,0x00000006c811d3b8,0x00000006ceb00000)
 Metaspace       used 22598K, capacity 24012K, committed 24064K, reserved 1069056K
  class space    used 3263K, capacity 3571K, committed 3584K, reserved 1048576K
Event: 14.324 GC heap after
Heap after GC invocations=11 (full 1):
 PSYoungGen      total 194560K, used 1440K [0x000000076d100000, 0x0000000779f80000, 0x00000007c0000000)
  eden space 180224K, 0% used [0x000000076d100000,0x000000076d100000,0x0000000778100000)
  from space 14336K, 10% used [0x0000000778e80000,0x0000000778fe8018,0x0000000779c80000)
  to   space 13824K, 0% used [0x0000000778100000,0x0000000778100000,0x0000000778e80000)
 ParOldGen       total 123904K, used 15476K [0x00000006c7200000, 0x00000006ceb00000, 0x000000076d100000)
  object space 123904K, 12% used [0x00000006c7200000,0x00000006c811d3b8,0x00000006ceb00000)
 Metaspace       used 22598K, capacity 24012K, committed 24064K, reserved 1069056K
  class space    used 3263K, capacity 3571K, committed 3584K, reserved 1048576K
}
Event: 15.378 GC heap before
{Heap before GC invocations=12 (full 1):
 PSYoungGen      total 194560K, used 181664K [0x000000076d100000, 0x0000000779f80000, 0x00000007c0000000)
  eden space 180224K, 100% used [0x000000076d100000,0x0000000778100000,0x0000000778100000)
  from space 14336K, 10% used [0x0000000778e80000,0x0000000778fe8018,0x0000000779c80000)
  to   space 13824K, 0% used [0x0000000778100000,0x0000000778100000,0x0000000778e80000)
 ParOldGen       total 123904K, used 15476K [0x00000006c7200000, 0x00000006ceb00000, 0x000000076d100000)
  object space 123904K, 12% used [0x00000006c7200000,0x00000006c811d3b8,0x00000006ceb00000)
 Metaspace       used 22643K, capacity 24076K, committed 24320K, reserved 1071104K
  class space    used 3263K, capacity 3571K, committed 3584K, reserved 1048576K
Event: 15.386 GC heap after
Heap after GC invocations=12 (full 1):
 PSYoungGen      total 194048K, used 1472K [0x000000076d100000, 0x000000077c480000, 0x00000007c0000000)
  eden space 180224K, 0% used [0x000000076d100000,0x000000076d100000,0x0000000778100000)
  from space 13824K, 10% used [0x0000000778100000,0x0000000778270018,0x0000000778e80000)
  to   space 13312K, 0% used [0x000000077b780000,0x000000077b780000,0x000000077c480000)
 ParOldGen       total 123904K, used 15476K [0x00000006c7200000, 0x00000006ceb00000, 0x000000076d100000)
  object space 123904K, 12% used [0x00000006c7200000,0x00000006c811d3b8,0x00000006ceb00000)
 Metaspace       used 22643K, capacity 24076K, committed 24320K, reserved 1071104K
  class space    used 3263K, capacity 3571K, committed 3584K, reserved 1048576K
}

