# JRE version: Java(TM) SE Runtime Environment (8.0_144-b01) (build 1.8.0_144-b01)
# Java VM: Java HotSpot(TM) 64-Bit Server VM (25.144-b01 mixed mode linux-amd64 compressed oops)
Heap:
 PSYoungGen      total 118272K, used 8067K [0x000000076d100000, 0x0000000775580000, 0x00000007c0000000)
  eden space 100352K, 7% used [0x000000076d100000,0x000000076d808dd8,0x0000000773300000)
  from space 17920K, 4% used [0x0000000774380000,0x0000000774458018,0x0000000775500000)
  to   space 16896K, 0% used [0x0000000773300000,0x0000000773300000,0x0000000774380000)
 ParOldGen       total 132096K, used 15468K [0x00000006c7200000, 0x00000006cf300000, 0x000000076d100000)
  object space 132096K, 11% used [0x00000006c7200000,0x00000006c811b190,0x00000006cf300000)
 Metaspace       used 22047K, capacity 23430K, committed 23552K, reserved 1069056K
  class space    used 3251K, capacity 3536K, committed 3584K, reserved 1048576K
GC Heap History (10 events):
Event: 2.531 GC heap before
{Heap before GC invocations=3 (full 1):
 PSYoungGen      total 74752K, used 10238K [0x000000076d100000, 0x0000000772400000, 0x00000007c0000000)
  eden space 64512K, 0% used [0x000000076d100000,0x000000076d100000,0x0000000771000000)
  from space 10240K, 99% used [0x0000000771a00000,0x00000007723ff858,0x0000000772400000)
  to   space 10240K, 0% used [0x0000000771000000,0x0000000771000000,0x0000000771a00000)
 ParOldGen       total 171008K, used 5490K [0x00000006c7200000, 0x00000006d1900000, 0x000000076d100000)
  object space 171008K, 3% used [0x00000006c7200000,0x00000006c775c968,0x00000006d1900000)
 Metaspace       used 19999K, capacity 21172K, committed 21296K, reserved 1067008K
  class space    used 2908K, capacity 3175K, committed 3200K, reserved 1048576K
Event: 2.584 GC heap after
Heap after GC invocations=3 (full 1):
 PSYoungGen      total 74752K, used 0K [0x000000076d100000, 0x0000000772400000, 0x00000007c0000000)
  eden space 64512K, 0% used [0x000000076d100000,0x000000076d100000,0x0000000771000000)
  from space 10240K, 0% used [0x0000000771a00000,0x0000000771a00000,0x0000000772400000)
  to   space 10240K, 0% used [0x0000000771000000,0x0000000771000000,0x0000000771a00000)
 ParOldGen       total 132096K, used 15436K [0x00000006c7200000, 0x00000006cf300000, 0x000000076d100000)
  object space 132096K, 11% used [0x00000006c7200000,0x00000006c8113190,0x00000006cf300000)
 Metaspace       used 19999K, capacity 21172K, committed 21296K, reserved 1067008K
  class space    used 2908K, capacity 3175K, committed 3200K, reserved 1048576K
}
Event: 3.992 GC heap before
{Heap before GC invocations=4 (full 1):
 PSYoungGen      total 74752K, used 64512K [0x000000076d100000, 0x0000000772400000, 0x00000007c0000000)
  eden space 64512K, 100% used [0x000000076d100000,0x0000000771000000,0x0000000771000000)
  from space 10240K, 0% used [0x0000000771a00000,0x0000000771a00000,0x0000000772400000)
  to   space 10240K, 0% used [0x0000000771000000,0x0000000771000000,0x0000000771a00000)
 ParOldGen       total 132096K, used 15436K [0x00000006c7200000, 0x00000006cf300000, 0x000000076d100000)
  object space 132096K, 11% used [0x00000006c7200000,0x00000006c8113190,0x00000006cf300000)
 Metaspace       used 21570K, capacity 22950K, committed 23296K, reserved 1069056K
  class space    used 3175K, capacity 3466K, committed 3584K, reserved 1048576K
Event: 3.996 GC heap after
Heap after GC invocations=4 (full 1):
 PSYoungGen      total 74752K, used 864K [0x000000076d100000, 0x0000000773100000, 0x00000007c0000000)
  eden space 64512K, 0% used [0x000000076d100000,0x000000076d100000,0x0000000771000000)
  from space 10240K, 8% used [0x0000000771000000,0x00000007710d8018,0x0000000771a00000)
  to   space 10240K, 0% used [0x0000000772700000,0x0000000772700000,0x0000000773100000)
 ParOldGen       total 132096K, used 15444K [0x00000006c7200000, 0x00000006cf300000, 0x000000076d100000)
  object space 132096K, 11% used [0x00000006c7200000,0x00000006c8115190,0x00000006cf300000)
 Metaspace       used 21570K, capacity 22950K, committed 23296K, reserved 1069056K
  class space    used 3175K, capacity 3466K, committed 3584K, reserved 1048576K
}
Event: 4.489 GC heap before
{Heap before GC invocations=5 (full 1):
 PSYoungGen      total 74752K, used 65376K [0x000000076d100000, 0x0000000773100000, 0x00000007c0000000)
  eden space 64512K, 100% used [0x000000076d100000,0x0000000771000000,0x0000000771000000)
  from space 10240K, 8% used [0x0000000771000000,0x00000007710d8018,0x0000000771a00000)
  to   space 10240K, 0% used [0x0000000772700000,0x0000000772700000,0x0000000773100000)
 ParOldGen       total 132096K, used 15444K [0x00000006c7200000, 0x00000006cf300000, 0x000000076d100000)
  object space 132096K, 11% used [0x00000006c7200000,0x00000006c8115190,0x00000006cf300000)
 Metaspace       used 21635K, capacity 23084K, committed 23296K, reserved 1069056K
  class space    used 3177K, capacity 3467K, committed 3584K, reserved 1048576K
Event: 4.495 GC heap after
Heap after GC invocations=5 (full 1):
 PSYoungGen      total 88064K, used 832K [0x000000076d100000, 0x0000000773400000, 0x00000007c0000000)
  eden space 77824K, 0% used [0x000000076d100000,0x000000076d100000,0x0000000771d00000)
  from space 10240K, 8% used [0x0000000772700000,0x00000007727d0018,0x0000000773100000)
  to   space 10240K, 0% used [0x0000000771d00000,0x0000000771d00000,0x0000000772700000)
 ParOldGen       total 132096K, used 15452K [0x00000006c7200000, 0x00000006cf300000, 0x000000076d100000)
  object space 132096K, 11% used [0x00000006c7200000,0x00000006c8117190,0x00000006cf300000)
 Metaspace       used 21635K, capacity 23084K, committed 23296K, reserved 1069056K
  class space    used 3177K, capacity 3467K, committed 3584K, reserved 1048576K
}
Event: 4.695 GC heap before
{Heap before GC invocations=6 (full 1):
 PSYoungGen      total 88064K, used 78656K [0x000000076d100000, 0x0000000773400000, 0x00000007c0000000)
  eden space 77824K, 100% used [0x000000076d100000,0x0000000771d00000,0x0000000771d00000)
  from space 10240K, 8% used [0x0000000772700000,0x00000007727d0018,0x0000000773100000)
  to   space 10240K, 0% used [0x0000000771d00000,0x0000000771d00000,0x0000000772700000)
 ParOldGen       total 132096K, used 15452K [0x00000006c7200000, 0x00000006cf300000, 0x000000076d100000)
  object space 132096K, 11% used [0x00000006c7200000,0x00000006c8117190,0x00000006cf300000)
 Metaspace       used 21657K, capacity 23084K, committed 23296K, reserved 1069056K
  class space    used 3177K, capacity 3467K, committed 3584K, reserved 1048576K
Event: 4.697 GC heap after
Heap after GC invocations=6 (full 1):
 PSYoungGen      total 88064K, used 800K [0x000000076d100000, 0x0000000775500000, 0x00000007c0000000)
  eden space 77824K, 0% used [0x000000076d100000,0x000000076d100000,0x0000000771d00000)
  from space 10240K, 7% used [0x0000000771d00000,0x0000000771dc8018,0x0000000772700000)
  to   space 17920K, 0% used [0x0000000774380000,0x0000000774380000,0x0000000775500000)
 ParOldGen       total 132096K, used 15460K [0x00000006c7200000, 0x00000006cf300000, 0x000000076d100000)
  object space 132096K, 11% used [0x00000006c7200000,0x00000006c8119190,0x00000006cf300000)
 Metaspace       used 21657K, capacity 23084K, committed 23296K, reserved 1069056K
  class space    used 3177K, capacity 3467K, committed 3584K, reserved 1048576K
}
Event: 5.170 GC heap before
{Heap before GC invocations=7 (full 1):
 PSYoungGen      total 88064K, used 78624K [0x000000076d100000, 0x0000000775500000, 0x00000007c0000000)
  eden space 77824K, 100% used [0x000000076d100000,0x0000000771d00000,0x0000000771d00000)
  from space 10240K, 7% used [0x0000000771d00000,0x0000000771dc8018,0x0000000772700000)
  to   space 17920K, 0% used [0x0000000774380000,0x0000000774380000,0x0000000775500000)
 ParOldGen       total 132096K, used 15460K [0x00000006c7200000, 0x00000006cf300000, 0x000000076d100000)
  object space 132096K, 11% used [0x00000006c7200000,0x00000006c8119190,0x00000006cf300000)
 Metaspace       used 21710K, capacity 23148K, committed 23296K, reserved 1069056K
  class space    used 3177K, capacity 3467K, committed 3584K, reserved 1048576K
Event: 5.177 GC heap after
Heap after GC invocations=7 (full 1):
 PSYoungGen      total 118272K, used 864K [0x000000076d100000, 0x0000000775580000, 0x00000007c0000000)
  eden space 100352K, 0% used [0x000000076d100000,0x000000076d100000,0x0000000773300000)
  from space 17920K, 4% used [0x0000000774380000,0x0000000774458018,0x0000000775500000)
  to   space 16896K, 0% used [0x0000000773300000,0x0000000773300000,0x0000000774380000)
 ParOldGen       total 132096K, used 15468K [0x00000006c7200000, 0x00000006cf300000, 0x000000076d100000)
  object space 132096K, 11% used [0x00000006c7200000,0x00000006c811b190,0x00000006cf300000)
 Metaspace       used 21710K, capacity 23148K, committed 23296K, reserved 1069056K
  class space    used 3177K, capacity 3467K, committed 3584K, reserved 1048576K
}

