# JRE version: Java(TM) SE Runtime Environment (8.0_144-b01) (build 1.8.0_144-b01)
# Java VM: Java HotSpot(TM) 64-Bit Server VM (25.144-b01 mixed mode linux-amd64 compressed oops)
Heap:
 PSYoungGen      total 147968K, used 83220K [0x000000076d100000, 0x0000000777280000, 0x00000007c0000000)
  eden space 134656K, 61% used [0x000000076d100000,0x000000077217d398,0x0000000775480000)
  from space 13312K, 6% used [0x0000000776580000,0x0000000776648018,0x0000000777280000)
  to   space 15360K, 0% used [0x0000000775480000,0x0000000775480000,0x0000000776380000)
 ParOldGen       total 125440K, used 15511K [0x00000006c7200000, 0x00000006cec80000, 0x000000076d100000)
  object space 125440K, 12% used [0x00000006c7200000,0x00000006c8125e68,0x00000006cec80000)
 Metaspace       used 22381K, capacity 23811K, committed 24064K, reserved 1069056K
  class space    used 3249K, capacity 3529K, committed 3584K, reserved 1048576K
GC Heap History (10 events):
Event: 6.575 GC heap before
{Heap before GC invocations=5 (full 1):
 PSYoungGen      total 74752K, used 65312K [0x000000076d100000, 0x0000000773600000, 0x00000007c0000000)
  eden space 64512K, 100% used [0x000000076d100000,0x0000000771000000,0x0000000771000000)
  from space 10240K, 7% used [0x0000000771000000,0x00000007710c8018,0x0000000771a00000)
  to   space 10240K, 0% used [0x0000000772c00000,0x0000000772c00000,0x0000000773600000)
 ParOldGen       total 125440K, used 15471K [0x00000006c7200000, 0x00000006cec80000, 0x000000076d100000)
  object space 125440K, 12% used [0x00000006c7200000,0x00000006c811be68,0x00000006cec80000)
 Metaspace       used 21813K, capacity 23191K, committed 23552K, reserved 1069056K
  class space    used 3174K, capacity 3459K, committed 3584K, reserved 1048576K
Event: 6.577 GC heap after
Heap after GC invocations=5 (full 1):
 PSYoungGen      total 89088K, used 800K [0x000000076d100000, 0x0000000773400000, 0x00000007c0000000)
  eden space 80896K, 0% used [0x000000076d100000,0x000000076d100000,0x0000000772000000)
  from space 8192K, 9% used [0x0000000772c00000,0x0000000772cc8018,0x0000000773400000)
  to   space 10240K, 0% used [0x0000000772000000,0x0000000772000000,0x0000000772a00000)
 ParOldGen       total 125440K, used 15479K [0x00000006c7200000, 0x00000006cec80000, 0x000000076d100000)
  object space 125440K, 12% used [0x00000006c7200000,0x00000006c811de68,0x00000006cec80000)
 Metaspace       used 21813K, capacity 23191K, committed 23552K, reserved 1069056K
  class space    used 3174K, capacity 3459K, committed 3584K, reserved 1048576K
}
Event: 7.722 GC heap before
{Heap before GC invocations=6 (full 1):
 PSYoungGen      total 89088K, used 81696K [0x000000076d100000, 0x0000000773400000, 0x00000007c0000000)
  eden space 80896K, 100% used [0x000000076d100000,0x0000000772000000,0x0000000772000000)
  from space 8192K, 9% used [0x0000000772c00000,0x0000000772cc8018,0x0000000773400000)
  to   space 10240K, 0% used [0x0000000772000000,0x0000000772000000,0x0000000772a00000)
 ParOldGen       total 125440K, used 15479K [0x00000006c7200000, 0x00000006cec80000, 0x000000076d100000)
  object space 125440K, 12% used [0x00000006c7200000,0x00000006c811de68,0x00000006cec80000)
 Metaspace       used 21906K, capacity 23319K, committed 23552K, reserved 1069056K
  class space    used 3174K, capacity 3459K, committed 3584K, reserved 1048576K
Event: 7.731 GC heap after
Heap after GC invocations=6 (full 1):
 PSYoungGen      total 91136K, used 800K [0x000000076d100000, 0x0000000775980000, 0x00000007c0000000)
  eden space 80896K, 0% used [0x000000076d100000,0x000000076d100000,0x0000000772000000)
  from space 10240K, 7% used [0x0000000772000000,0x00000007720c8018,0x0000000772a00000)
  to   space 17920K, 0% used [0x0000000774800000,0x0000000774800000,0x0000000775980000)
 ParOldGen       total 125440K, used 15487K [0x00000006c7200000, 0x00000006cec80000, 0x000000076d100000)
  object space 125440K, 12% used [0x00000006c7200000,0x00000006c811fe68,0x00000006cec80000)
 Metaspace       used 21906K, capacity 23319K, committed 23552K, reserved 1069056K
  class space    used 3174K, capacity 3459K, committed 3584K, reserved 1048576K
}
Event: 8.641 GC heap before
{Heap before GC invocations=7 (full 1):
 PSYoungGen      total 91136K, used 81696K [0x000000076d100000, 0x0000000775980000, 0x00000007c0000000)
  eden space 80896K, 100% used [0x000000076d100000,0x0000000772000000,0x0000000772000000)
  from space 10240K, 7% used [0x0000000772000000,0x00000007720c8018,0x0000000772a00000)
  to   space 17920K, 0% used [0x0000000774800000,0x0000000774800000,0x0000000775980000)
 ParOldGen       total 125440K, used 15487K [0x00000006c7200000, 0x00000006cec80000, 0x000000076d100000)
  object space 125440K, 12% used [0x00000006c7200000,0x00000006c811fe68,0x00000006cec80000)
 Metaspace       used 21971K, capacity 23325K, committed 23552K, reserved 1069056K
  class space    used 3175K, capacity 3460K, committed 3584K, reserved 1048576K
Event: 8.646 GC heap after
Heap after GC invocations=7 (full 1):
 PSYoungGen      total 119808K, used 800K [0x000000076d100000, 0x0000000775780000, 0x00000007c0000000)
  eden space 103936K, 0% used [0x000000076d100000,0x000000076d100000,0x0000000773680000)
  from space 15872K, 5% used [0x0000000774800000,0x00000007748c8018,0x0000000775780000)
  to   space 16896K, 0% used [0x0000000773680000,0x0000000773680000,0x0000000774700000)
 ParOldGen       total 125440K, used 15495K [0x00000006c7200000, 0x00000006cec80000, 0x000000076d100000)
  object space 125440K, 12% used [0x00000006c7200000,0x00000006c8121e68,0x00000006cec80000)
 Metaspace       used 21971K, capacity 23325K, committed 23552K, reserved 1069056K
  class space    used 3175K, capacity 3460K, committed 3584K, reserved 1048576K
}
Event: 9.618 GC heap before
{Heap before GC invocations=8 (full 1):
 PSYoungGen      total 119808K, used 104736K [0x000000076d100000, 0x0000000775780000, 0x00000007c0000000)
  eden space 103936K, 100% used [0x000000076d100000,0x0000000773680000,0x0000000773680000)
  from space 15872K, 5% used [0x0000000774800000,0x00000007748c8018,0x0000000775780000)
  to   space 16896K, 0% used [0x0000000773680000,0x0000000773680000,0x0000000774700000)
 ParOldGen       total 125440K, used 15495K [0x00000006c7200000, 0x00000006cec80000, 0x000000076d100000)
  object space 125440K, 12% used [0x00000006c7200000,0x00000006c8121e68,0x00000006cec80000)
 Metaspace       used 22010K, capacity 23465K, committed 23808K, reserved 1069056K
  class space    used 3175K, capacity 3460K, committed 3584K, reserved 1048576K
Event: 9.625 GC heap after
Heap after GC invocations=8 (full 1):
 PSYoungGen      total 120832K, used 800K [0x000000076d100000, 0x0000000777580000, 0x00000007c0000000)
  eden space 103936K, 0% used [0x000000076d100000,0x000000076d100000,0x0000000773680000)
  from space 16896K, 4% used [0x0000000773680000,0x0000000773748018,0x0000000774700000)
  to   space 16384K, 0% used [0x0000000776580000,0x0000000776580000,0x0000000777580000)
 ParOldGen       total 125440K, used 15503K [0x00000006c7200000, 0x00000006cec80000, 0x000000076d100000)
  object space 125440K, 12% used [0x00000006c7200000,0x00000006c8123e68,0x00000006cec80000)
 Metaspace       used 22010K, capacity 23465K, committed 23808K, reserved 1069056K
  class space    used 3175K, capacity 3460K, committed 3584K, reserved 1048576K
}
Event: 10.783 GC heap before
{Heap before GC invocations=9 (full 1):
 PSYoungGen      total 120832K, used 104736K [0x000000076d100000, 0x0000000777580000, 0x00000007c0000000)
  eden space 103936K, 100% used [0x000000076d100000,0x0000000773680000,0x0000000773680000)
  from space 16896K, 4% used [0x0000000773680000,0x0000000773748018,0x0000000774700000)
  to   space 16384K, 0% used [0x0000000776580000,0x0000000776580000,0x0000000777580000)
 ParOldGen       total 125440K, used 15503K [0x00000006c7200000, 0x00000006cec80000, 0x000000076d100000)
  object space 125440K, 12% used [0x00000006c7200000,0x00000006c8123e68,0x00000006cec80000)
 Metaspace       used 22044K, capacity 23465K, committed 23808K, reserved 1069056K
  class space    used 3175K, capacity 3460K, committed 3584K, reserved 1048576K
Event: 10.788 GC heap after
Heap after GC invocations=9 (full 1):
 PSYoungGen      total 147968K, used 800K [0x000000076d100000, 0x0000000777280000, 0x00000007c0000000)
  eden space 134656K, 0% used [0x000000076d100000,0x000000076d100000,0x0000000775480000)
  from space 13312K, 6% used [0x0000000776580000,0x0000000776648018,0x0000000777280000)
  to   space 15360K, 0% used [0x0000000775480000,0x0000000775480000,0x0000000776380000)
 ParOldGen       total 125440K, used 15511K [0x00000006c7200000, 0x00000006cec80000, 0x000000076d100000)
  object space 125440K, 12% used [0x00000006c7200000,0x00000006c8125e68,0x00000006cec80000)
 Metaspace       used 22044K, capacity 23465K, committed 23808K, reserved 1069056K
  class space    used 3175K, capacity 3460K, committed 3584K, reserved 1048576K
}

