# JRE version: Java(TM) SE Runtime Environment (8.0_144-b01) (build 1.8.0_144-b01)
# Java VM: Java HotSpot(TM) 64-Bit Server VM (25.144-b01 mixed mode linux-amd64 compressed oops)
Heap:
 PSYoungGen      total 138240K, used 98626K [0x000000076d100000, 0x000000077a180000, 0x00000007c0000000)
  eden space 137216K, 71% used [0x000000076d100000,0x00000007730b8aa0,0x0000000775700000)
  from space 1024K, 59% used [0x000000077a080000,0x000000077a118000,0x000000077a180000)
  to   space 2560K, 0% used [0x0000000779c80000,0x0000000779c80000,0x0000000779f00000)
 ParOldGen       total 133632K, used 18950K [0x00000006c7200000, 0x00000006cf480000, 0x000000076d100000)
  object space 133632K, 14% used [0x00000006c7200000,0x00000006c84818c0,0x00000006cf480000)
 Metaspace       used 23608K, capacity 25056K, committed 25216K, reserved 1071104K
  class space    used 3283K, capacity 3585K, committed 3712K, reserved 1048576K
GC Heap History (10 events):
Event: 136.705 GC heap before
{Heap before GC invocations=45 (full 1):
 PSYoungGen      total 149504K, used 147488K [0x000000076d100000, 0x000000077a700000, 0x00000007c0000000)
  eden space 146432K, 100% used [0x000000076d100000,0x0000000776000000,0x0000000776000000)
  from space 3072K, 34% used [0x000000077a180000,0x000000077a288000,0x000000077a480000)
  to   space 2560K, 0% used [0x000000077a480000,0x000000077a480000,0x000000077a700000)
 ParOldGen       total 133632K, used 18422K [0x00000006c7200000, 0x00000006cf480000, 0x000000076d100000)
  object space 133632K, 13% used [0x00000006c7200000,0x00000006c83fd8c0,0x00000006cf480000)
 Metaspace       used 23569K, capacity 25056K, committed 25216K, reserved 1071104K
  class space    used 3283K, capacity 3585K, committed 3712K, reserved 1048576K
Event: 136.713 GC heap after
Heap after GC invocations=45 (full 1):
 PSYoungGen      total 143872K, used 1088K [0x000000076d100000, 0x000000077a600000, 0x00000007c0000000)
  eden space 142336K, 0% used [0x000000076d100000,0x000000076d100000,0x0000000775c00000)
  from space 1536K, 70% used [0x000000077a480000,0x000000077a590000,0x000000077a600000)
  to   space 2560K, 0% used [0x000000077a100000,0x000000077a100000,0x000000077a380000)
 ParOldGen       total 133632K, used 18446K [0x00000006c7200000, 0x00000006cf480000, 0x000000076d100000)
  object space 133632K, 13% used [0x00000006c7200000,0x00000006c84038c0,0x00000006cf480000)
 Metaspace       used 23569K, capacity 25056K, committed 25216K, reserved 1071104K
  class space    used 3283K, capacity 3585K, committed 3712K, reserved 1048576K
}
Event: 138.131 GC heap before
{Heap before GC invocations=46 (full 1):
 PSYoungGen      total 143872K, used 143424K [0x000000076d100000, 0x000000077a600000, 0x00000007c0000000)
  eden space 142336K, 100% used [0x000000076d100000,0x0000000775c00000,0x0000000775c00000)
  from space 1536K, 70% used [0x000000077a480000,0x000000077a590000,0x000000077a600000)
  to   space 2560K, 0% used [0x000000077a100000,0x000000077a100000,0x000000077a380000)
 ParOldGen       total 133632K, used 18446K [0x00000006c7200000, 0x00000006cf480000, 0x000000076d100000)
  object space 133632K, 13% used [0x00000006c7200000,0x00000006c84038c0,0x00000006cf480000)
 Metaspace       used 23572K, capacity 25056K, committed 25216K, reserved 1071104K
  class space    used 3283K, capacity 3585K, committed 3712K, reserved 1048576K
Event: 138.140 GC heap after
Heap after GC invocations=46 (full 1):
 PSYoungGen      total 139776K, used 608K [0x000000076d100000, 0x000000077a500000, 0x00000007c0000000)
  eden space 138752K, 0% used [0x000000076d100000,0x000000076d100000,0x0000000775880000)
  from space 1024K, 59% used [0x000000077a100000,0x000000077a198000,0x000000077a200000)
  to   space 2560K, 0% used [0x000000077a280000,0x000000077a280000,0x000000077a500000)
 ParOldGen       total 133632K, used 18902K [0x00000006c7200000, 0x00000006cf480000, 0x000000076d100000)
  object space 133632K, 14% used [0x00000006c7200000,0x00000006c84758c0,0x00000006cf480000)
 Metaspace       used 23572K, capacity 25056K, committed 25216K, reserved 1071104K
  class space    used 3283K, capacity 3585K, committed 3712K, reserved 1048576K
}
Event: 139.780 GC heap before
{Heap before GC invocations=47 (full 1):
 PSYoungGen      total 139776K, used 139360K [0x000000076d100000, 0x000000077a500000, 0x00000007c0000000)
  eden space 138752K, 100% used [0x000000076d100000,0x0000000775880000,0x0000000775880000)
  from space 1024K, 59% used [0x000000077a100000,0x000000077a198000,0x000000077a200000)
  to   space 2560K, 0% used [0x000000077a280000,0x000000077a280000,0x000000077a500000)
 ParOldGen       total 133632K, used 18902K [0x00000006c7200000, 0x00000006cf480000, 0x000000076d100000)
  object space 133632K, 14% used [0x00000006c7200000,0x00000006c84758c0,0x00000006cf480000)
 Metaspace       used 23572K, capacity 25056K, committed 25216K, reserved 1071104K
  class space    used 3283K, capacity 3585K, committed 3712K, reserved 1048576K
Event: 139.786 GC heap after
Heap after GC invocations=47 (full 1):
 PSYoungGen      total 136192K, used 608K [0x000000076d100000, 0x000000077a380000, 0x00000007c0000000)
  eden space 135168K, 0% used [0x000000076d100000,0x000000076d100000,0x0000000775500000)
  from space 1024K, 59% used [0x000000077a280000,0x000000077a318000,0x000000077a380000)
  to   space 2560K, 0% used [0x0000000779e80000,0x0000000779e80000,0x000000077a100000)
 ParOldGen       total 133632K, used 18926K [0x00000006c7200000, 0x00000006cf480000, 0x000000076d100000)
  object space 133632K, 14% used [0x00000006c7200000,0x00000006c847b8c0,0x00000006cf480000)
 Metaspace       used 23572K, capacity 25056K, committed 25216K, reserved 1071104K
  class space    used 3283K, capacity 3585K, committed 3712K, reserved 1048576K
}
Event: 140.707 GC heap before
{Heap before GC invocations=48 (full 1):
 PSYoungGen      total 136192K, used 135776K [0x000000076d100000, 0x000000077a380000, 0x00000007c0000000)
  eden space 135168K, 100% used [0x000000076d100000,0x0000000775500000,0x0000000775500000)
  from space 1024K, 59% used [0x000000077a280000,0x000000077a318000,0x000000077a380000)
  to   space 2560K, 0% used [0x0000000779e80000,0x0000000779e80000,0x000000077a100000)
 ParOldGen       total 133632K, used 18926K [0x00000006c7200000, 0x00000006cf480000, 0x000000076d100000)
  object space 133632K, 14% used [0x00000006c7200000,0x00000006c847b8c0,0x00000006cf480000)
 Metaspace       used 23574K, capacity 25056K, committed 25216K, reserved 1071104K
  class space    used 3283K, capacity 3585K, committed 3712K, reserved 1048576K
Event: 140.713 GC heap after
Heap after GC invocations=48 (full 1):
 PSYoungGen      total 132608K, used 576K [0x000000076d100000, 0x000000077a300000, 0x00000007c0000000)
  eden space 131584K, 0% used [0x000000076d100000,0x000000076d100000,0x0000000775180000)
  from space 1024K, 56% used [0x0000000779e80000,0x0000000779f10000,0x0000000779f80000)
  to   space 2560K, 0% used [0x000000077a080000,0x000000077a080000,0x000000077a300000)
 ParOldGen       total 133632K, used 18942K [0x00000006c7200000, 0x00000006cf480000, 0x000000076d100000)
  object space 133632K, 14% used [0x00000006c7200000,0x00000006c847f8c0,0x00000006cf480000)
 Metaspace       used 23574K, capacity 25056K, committed 25216K, reserved 1071104K
  class space    used 3283K, capacity 3585K, committed 3712K, reserved 1048576K
}
Event: 142.107 GC heap before
{Heap before GC invocations=49 (full 1):
 PSYoungGen      total 132608K, used 132160K [0x000000076d100000, 0x000000077a300000, 0x00000007c0000000)
  eden space 131584K, 100% used [0x000000076d100000,0x0000000775180000,0x0000000775180000)
  from space 1024K, 56% used [0x0000000779e80000,0x0000000779f10000,0x0000000779f80000)
  to   space 2560K, 0% used [0x000000077a080000,0x000000077a080000,0x000000077a300000)
 ParOldGen       total 133632K, used 18942K [0x00000006c7200000, 0x00000006cf480000, 0x000000076d100000)
  object space 133632K, 14% used [0x00000006c7200000,0x00000006c847f8c0,0x00000006cf480000)
 Metaspace       used 23582K, capacity 25056K, committed 25216K, reserved 1071104K
  class space    used 3283K, capacity 3585K, committed 3712K, reserved 1048576K
Event: 142.121 GC heap after
Heap after GC invocations=49 (full 1):
 PSYoungGen      total 138240K, used 608K [0x000000076d100000, 0x000000077a180000, 0x00000007c0000000)
  eden space 137216K, 0% used [0x000000076d100000,0x000000076d100000,0x0000000775700000)
  from space 1024K, 59% used [0x000000077a080000,0x000000077a118000,0x000000077a180000)
  to   space 2560K, 0% used [0x0000000779c80000,0x0000000779c80000,0x0000000779f00000)
 ParOldGen       total 133632K, used 18950K [0x00000006c7200000, 0x00000006cf480000, 0x000000076d100000)
  object space 133632K, 14% used [0x00000006c7200000,0x00000006c84818c0,0x00000006cf480000)
 Metaspace       used 23582K, capacity 25056K, committed 25216K, reserved 1071104K
  class space    used 3283K, capacity 3585K, committed 3712K, reserved 1048576K
}

