# JRE version: Java(TM) SE Runtime Environment (8.0_144-b01) (build 1.8.0_144-b01)
# Java VM: Java HotSpot(TM) 64-Bit Server VM (25.144-b01 mixed mode linux-amd64 compressed oops)
Heap:
 PSYoungGen      total 132608K, used 99823K [0x000000076d100000, 0x0000000776f00000, 0x00000007c0000000)
  eden space 117248K, 84% used [0x000000076d100000,0x000000077316bfa8,0x0000000774380000)
  from space 15360K, 7% used [0x0000000774380000,0x0000000774490018,0x0000000775280000)
  to   space 14848K, 0% used [0x0000000776080000,0x0000000776080000,0x0000000776f00000)
 ParOldGen       total 130048K, used 15487K [0x00000006c7200000, 0x00000006cf100000, 0x000000076d100000)
  object space 130048K, 11% used [0x00000006c7200000,0x00000006c811fe60,0x00000006cf100000)
 Metaspace       used 22489K, capacity 23905K, committed 24064K, reserved 1069056K
  class space    used 3252K, capacity 3560K, committed 3584K, reserved 1048576K
GC Heap History (10 events):
Event: 8.465 GC heap before
{Heap before GC invocations=6 (full 1):
 PSYoungGen      total 89088K, used 80416K [0x000000076d100000, 0x0000000773280000, 0x00000007c0000000)
  eden space 79360K, 100% used [0x000000076d100000,0x0000000771e80000,0x0000000771e80000)
  from space 9728K, 10% used [0x0000000772900000,0x0000000772a08018,0x0000000773280000)
  to   space 10240K, 0% used [0x0000000771e80000,0x0000000771e80000,0x0000000772880000)
 ParOldGen       total 130048K, used 15455K [0x00000006c7200000, 0x00000006cf100000, 0x000000076d100000)
  object space 130048K, 11% used [0x00000006c7200000,0x00000006c8117e60,0x00000006cf100000)
 Metaspace       used 21893K, capacity 23265K, committed 23552K, reserved 1069056K
  class space    used 3172K, capacity 3460K, committed 3584K, reserved 1048576K
Event: 8.467 GC heap after
Heap after GC invocations=6 (full 1):
 PSYoungGen      total 89600K, used 1088K [0x000000076d100000, 0x0000000775080000, 0x00000007c0000000)
  eden space 79360K, 0% used [0x000000076d100000,0x000000076d100000,0x0000000771e80000)
  from space 10240K, 10% used [0x0000000771e80000,0x0000000771f90018,0x0000000772880000)
  to   space 17408K, 0% used [0x0000000773f80000,0x0000000773f80000,0x0000000775080000)
 ParOldGen       total 130048K, used 15463K [0x00000006c7200000, 0x00000006cf100000, 0x000000076d100000)
  object space 130048K, 11% used [0x00000006c7200000,0x00000006c8119e60,0x00000006cf100000)
 Metaspace       used 21893K, capacity 23265K, committed 23552K, reserved 1069056K
  class space    used 3172K, capacity 3460K, committed 3584K, reserved 1048576K
}
Event: 9.800 GC heap before
{Heap before GC invocations=7 (full 1):
 PSYoungGen      total 89600K, used 80448K [0x000000076d100000, 0x0000000775080000, 0x00000007c0000000)
  eden space 79360K, 100% used [0x000000076d100000,0x0000000771e80000,0x0000000771e80000)
  from space 10240K, 10% used [0x0000000771e80000,0x0000000771f90018,0x0000000772880000)
  to   space 17408K, 0% used [0x0000000773f80000,0x0000000773f80000,0x0000000775080000)
 ParOldGen       total 130048K, used 15463K [0x00000006c7200000, 0x00000006cf100000, 0x000000076d100000)
  object space 130048K, 11% used [0x00000006c7200000,0x00000006c8119e60,0x00000006cf100000)
 Metaspace       used 21939K, capacity 23333K, committed 23552K, reserved 1069056K
  class space    used 3172K, capacity 3460K, committed 3584K, reserved 1048576K
Event: 9.804 GC heap after
Heap after GC invocations=7 (full 1):
 PSYoungGen      total 111104K, used 1088K [0x000000076d100000, 0x0000000774f00000, 0x00000007c0000000)
  eden space 95232K, 0% used [0x000000076d100000,0x000000076d100000,0x0000000772e00000)
  from space 15872K, 6% used [0x0000000773f80000,0x0000000774090018,0x0000000774f00000)
  to   space 16896K, 0% used [0x0000000772e00000,0x0000000772e00000,0x0000000773e80000)
 ParOldGen       total 130048K, used 15471K [0x00000006c7200000, 0x00000006cf100000, 0x000000076d100000)
  object space 130048K, 11% used [0x00000006c7200000,0x00000006c811be60,0x00000006cf100000)
 Metaspace       used 21939K, capacity 23333K, committed 23552K, reserved 1069056K
  class space    used 3172K, capacity 3460K, committed 3584K, reserved 1048576K
}
Event: 10.912 GC heap before
{Heap before GC invocations=8 (full 1):
 PSYoungGen      total 111104K, used 96320K [0x000000076d100000, 0x0000000774f00000, 0x00000007c0000000)
  eden space 95232K, 100% used [0x000000076d100000,0x0000000772e00000,0x0000000772e00000)
  from space 15872K, 6% used [0x0000000773f80000,0x0000000774090018,0x0000000774f00000)
  to   space 16896K, 0% used [0x0000000772e00000,0x0000000772e00000,0x0000000773e80000)
 ParOldGen       total 130048K, used 15471K [0x00000006c7200000, 0x00000006cf100000, 0x000000076d100000)
  object space 130048K, 11% used [0x00000006c7200000,0x00000006c811be60,0x00000006cf100000)
 Metaspace       used 21974K, capacity 23341K, committed 23552K, reserved 1069056K
  class space    used 3172K, capacity 3460K, committed 3584K, reserved 1048576K
Event: 10.919 GC heap after
Heap after GC invocations=8 (full 1):
 PSYoungGen      total 112128K, used 1088K [0x000000076d100000, 0x0000000776300000, 0x00000007c0000000)
  eden space 95232K, 0% used [0x000000076d100000,0x000000076d100000,0x0000000772e00000)
  from space 16896K, 6% used [0x0000000772e00000,0x0000000772f10018,0x0000000773e80000)
  to   space 16384K, 0% used [0x0000000775300000,0x0000000775300000,0x0000000776300000)
 ParOldGen       total 130048K, used 15479K [0x00000006c7200000, 0x00000006cf100000, 0x000000076d100000)
  object space 130048K, 11% used [0x00000006c7200000,0x00000006c811de60,0x00000006cf100000)
 Metaspace       used 21974K, capacity 23341K, committed 23552K, reserved 1069056K
  class space    used 3172K, capacity 3460K, committed 3584K, reserved 1048576K
}
Event: 12.058 GC heap before
{Heap before GC invocations=9 (full 1):
 PSYoungGen      total 112128K, used 96320K [0x000000076d100000, 0x0000000776300000, 0x00000007c0000000)
  eden space 95232K, 100% used [0x000000076d100000,0x0000000772e00000,0x0000000772e00000)
  from space 16896K, 6% used [0x0000000772e00000,0x0000000772f10018,0x0000000773e80000)
  to   space 16384K, 0% used [0x0000000775300000,0x0000000775300000,0x0000000776300000)
 ParOldGen       total 130048K, used 15479K [0x00000006c7200000, 0x00000006cf100000, 0x000000076d100000)
  object space 130048K, 11% used [0x00000006c7200000,0x00000006c811de60,0x00000006cf100000)
 Metaspace       used 21984K, capacity 23405K, committed 23552K, reserved 1069056K
  class space    used 3172K, capacity 3460K, committed 3584K, reserved 1048576K
Event: 12.064 GC heap after
Heap after GC invocations=9 (full 1):
 PSYoungGen      total 132096K, used 1024K [0x000000076d100000, 0x0000000776180000, 0x00000007c0000000)
  eden space 117248K, 0% used [0x000000076d100000,0x000000076d100000,0x0000000774380000)
  from space 14848K, 6% used [0x0000000775300000,0x0000000775400018,0x0000000776180000)
  to   space 15360K, 0% used [0x0000000774380000,0x0000000774380000,0x0000000775280000)
 ParOldGen       total 130048K, used 15479K [0x00000006c7200000, 0x00000006cf100000, 0x000000076d100000)
  object space 130048K, 11% used [0x00000006c7200000,0x00000006c811de60,0x00000006cf100000)
 Metaspace       used 21984K, capacity 23405K, committed 23552K, reserved 1069056K
  class space    used 3172K, capacity 3460K, committed 3584K, reserved 1048576K
}
Event: 14.170 GC heap before
{Heap before GC invocations=10 (full 1):
 PSYoungGen      total 132096K, used 118272K [0x000000076d100000, 0x0000000776180000, 0x00000007c0000000)
  eden space 117248K, 100% used [0x000000076d100000,0x0000000774380000,0x0000000774380000)
  from space 14848K, 6% used [0x0000000775300000,0x0000000775400018,0x0000000776180000)
  to   space 15360K, 0% used [0x0000000774380000,0x0000000774380000,0x0000000775280000)
 ParOldGen       total 130048K, used 15479K [0x00000006c7200000, 0x00000006cf100000, 0x000000076d100000)
  object space 130048K, 11% used [0x00000006c7200000,0x00000006c811de60,0x00000006cf100000)
 Metaspace       used 22099K, capacity 23501K, committed 23808K, reserved 1069056K
  class space    used 3177K, capacity 3492K, committed 3584K, reserved 1048576K
Event: 14.175 GC heap after
Heap after GC invocations=10 (full 1):
 PSYoungGen      total 132608K, used 1088K [0x000000076d100000, 0x0000000776f00000, 0x00000007c0000000)
  eden space 117248K, 0% used [0x000000076d100000,0x000000076d100000,0x0000000774380000)
  from space 15360K, 7% used [0x0000000774380000,0x0000000774490018,0x0000000775280000)
  to   space 14848K, 0% used [0x0000000776080000,0x0000000776080000,0x0000000776f00000)
 ParOldGen       total 130048K, used 15487K [0x00000006c7200000, 0x00000006cf100000, 0x000000076d100000)
  object space 130048K, 11% used [0x00000006c7200000,0x00000006c811fe60,0x00000006cf100000)
 Metaspace       used 22099K, capacity 23501K, committed 23808K, reserved 1069056K
  class space    used 3177K, capacity 3492K, committed 3584K, reserved 1048576K
}

