# JRE version: Java(TM) SE Runtime Environment (8.0_144-b01) (build 1.8.0_144-b01)
# Java VM: Java HotSpot(TM) 64-Bit Server VM (25.144-b01 mixed mode linux-amd64 compressed oops)
Heap:
 PSYoungGen      total 171008K, used 116381K [0x000000076d100000, 0x0000000778600000, 0x00000007c0000000)
  eden space 159744K, 72% used [0x000000076d100000,0x00000007741d74a8,0x0000000776d00000)
  from space 11264K, 7% used [0x0000000777b00000,0x0000000777bd0018,0x0000000778600000)
  to   space 12800K, 0% used [0x0000000776d00000,0x0000000776d00000,0x0000000777980000)
 ParOldGen       total 127488K, used 15761K [0x00000006c7200000, 0x00000006cee80000, 0x000000076d100000)
  object space 127488K, 12% used [0x00000006c7200000,0x00000006c8164420,0x00000006cee80000)
 Metaspace       used 22422K, capacity 23805K, committed 24064K, reserved 1069056K
  class space    used 3247K, capacity 3528K, committed 3584K, reserved 1048576K
GC Heap History (10 events):
Event: 12.195 GC heap before
{Heap before GC invocations=9 (full 1):
 PSYoungGen      total 119808K, used 103712K [0x000000076d100000, 0x0000000776e80000, 0x00000007c0000000)
  eden space 102912K, 100% used [0x000000076d100000,0x0000000773580000,0x0000000773580000)
  from space 16896K, 4% used [0x0000000773580000,0x0000000773648018,0x0000000774600000)
  to   space 16384K, 0% used [0x0000000775e80000,0x0000000775e80000,0x0000000776e80000)
 ParOldGen       total 127488K, used 15721K [0x00000006c7200000, 0x00000006cee80000, 0x000000076d100000)
  object space 127488K, 12% used [0x00000006c7200000,0x00000006c815a420,0x00000006cee80000)
 Metaspace       used 21956K, capacity 23331K, committed 23552K, reserved 1069056K
  class space    used 3172K, capacity 3459K, committed 3584K, reserved 1048576K
Event: 12.201 GC heap after
Heap after GC invocations=9 (full 1):
 PSYoungGen      total 140800K, used 800K [0x000000076d100000, 0x0000000776b80000, 0x00000007c0000000)
  eden space 127488K, 0% used [0x000000076d100000,0x000000076d100000,0x0000000774d80000)
  from space 13312K, 6% used [0x0000000775e80000,0x0000000775f48018,0x0000000776b80000)
  to   space 15360K, 0% used [0x0000000774d80000,0x0000000774d80000,0x0000000775c80000)
 ParOldGen       total 127488K, used 15729K [0x00000006c7200000, 0x00000006cee80000, 0x000000076d100000)
  object space 127488K, 12% used [0x00000006c7200000,0x00000006c815c420,0x00000006cee80000)
 Metaspace       used 21956K, capacity 23331K, committed 23552K, reserved 1069056K
  class space    used 3172K, capacity 3459K, committed 3584K, reserved 1048576K
}
Event: 14.502 GC heap before
{Heap before GC invocations=10 (full 1):
 PSYoungGen      total 140800K, used 128288K [0x000000076d100000, 0x0000000776b80000, 0x00000007c0000000)
  eden space 127488K, 100% used [0x000000076d100000,0x0000000774d80000,0x0000000774d80000)
  from space 13312K, 6% used [0x0000000775e80000,0x0000000775f48018,0x0000000776b80000)
  to   space 15360K, 0% used [0x0000000774d80000,0x0000000774d80000,0x0000000775c80000)
 ParOldGen       total 127488K, used 15729K [0x00000006c7200000, 0x00000006cee80000, 0x000000076d100000)
  object space 127488K, 12% used [0x00000006c7200000,0x00000006c815c420,0x00000006cee80000)
 Metaspace       used 22048K, capacity 23459K, committed 23808K, reserved 1069056K
  class space    used 3172K, capacity 3459K, committed 3584K, reserved 1048576K
Event: 14.506 GC heap after
Heap after GC invocations=10 (full 1):
 PSYoungGen      total 142848K, used 832K [0x000000076d100000, 0x0000000777a00000, 0x00000007c0000000)
  eden space 127488K, 0% used [0x000000076d100000,0x000000076d100000,0x0000000774d80000)
  from space 15360K, 5% used [0x0000000774d80000,0x0000000774e50018,0x0000000775c80000)
  to   space 14848K, 0% used [0x0000000776b80000,0x0000000776b80000,0x0000000777a00000)
 ParOldGen       total 127488K, used 15737K [0x00000006c7200000, 0x00000006cee80000, 0x000000076d100000)
  object space 127488K, 12% used [0x00000006c7200000,0x00000006c815e420,0x00000006cee80000)
 Metaspace       used 22048K, capacity 23459K, committed 23808K, reserved 1069056K
  class space    used 3172K, capacity 3459K, committed 3584K, reserved 1048576K
}
Event: 15.624 GC heap before
{Heap before GC invocations=11 (full 1):
 PSYoungGen      total 142848K, used 128320K [0x000000076d100000, 0x0000000777a00000, 0x00000007c0000000)
  eden space 127488K, 100% used [0x000000076d100000,0x0000000774d80000,0x0000000774d80000)
  from space 15360K, 5% used [0x0000000774d80000,0x0000000774e50018,0x0000000775c80000)
  to   space 14848K, 0% used [0x0000000776b80000,0x0000000776b80000,0x0000000777a00000)
 ParOldGen       total 127488K, used 15737K [0x00000006c7200000, 0x00000006cee80000, 0x000000076d100000)
  object space 127488K, 12% used [0x00000006c7200000,0x00000006c815e420,0x00000006cee80000)
 Metaspace       used 22050K, capacity 23459K, committed 23808K, reserved 1069056K
  class space    used 3172K, capacity 3459K, committed 3584K, reserved 1048576K
Event: 15.630 GC heap after
Heap after GC invocations=11 (full 1):
 PSYoungGen      total 158720K, used 800K [0x000000076d100000, 0x0000000777a00000, 0x00000007c0000000)
  eden space 143872K, 0% used [0x000000076d100000,0x000000076d100000,0x0000000775d80000)
  from space 14848K, 5% used [0x0000000776b80000,0x0000000776c48018,0x0000000777a00000)
  to   space 14336K, 0% used [0x0000000775d80000,0x0000000775d80000,0x0000000776b80000)
 ParOldGen       total 127488K, used 15745K [0x00000006c7200000, 0x00000006cee80000, 0x000000076d100000)
  object space 127488K, 12% used [0x00000006c7200000,0x00000006c8160420,0x00000006cee80000)
 Metaspace       used 22050K, capacity 23459K, committed 23808K, reserved 1069056K
  class space    used 3172K, capacity 3459K, committed 3584K, reserved 1048576K
}
Event: 17.698 GC heap before
{Heap before GC invocations=12 (full 1):
 PSYoungGen      total 158720K, used 144672K [0x000000076d100000, 0x0000000777a00000, 0x00000007c0000000)
  eden space 143872K, 100% used [0x000000076d100000,0x0000000775d80000,0x0000000775d80000)
  from space 14848K, 5% used [0x0000000776b80000,0x0000000776c48018,0x0000000777a00000)
  to   space 14336K, 0% used [0x0000000775d80000,0x0000000775d80000,0x0000000776b80000)
 ParOldGen       total 127488K, used 15745K [0x00000006c7200000, 0x00000006cee80000, 0x000000076d100000)
  object space 127488K, 12% used [0x00000006c7200000,0x00000006c8160420,0x00000006cee80000)
 Metaspace       used 22072K, capacity 23523K, committed 23808K, reserved 1069056K
  class space    used 3173K, capacity 3459K, committed 3584K, reserved 1048576K
Event: 17.702 GC heap after
Heap after GC invocations=12 (full 1):
 PSYoungGen      total 158208K, used 800K [0x000000076d100000, 0x0000000778880000, 0x00000007c0000000)
  eden space 143872K, 0% used [0x000000076d100000,0x000000076d100000,0x0000000775d80000)
  from space 14336K, 5% used [0x0000000775d80000,0x0000000775e48018,0x0000000776b80000)
  to   space 13824K, 0% used [0x0000000777b00000,0x0000000777b00000,0x0000000778880000)
 ParOldGen       total 127488K, used 15753K [0x00000006c7200000, 0x00000006cee80000, 0x000000076d100000)
  object space 127488K, 12% used [0x00000006c7200000,0x00000006c8162420,0x00000006cee80000)
 Metaspace       used 22072K, capacity 23523K, committed 23808K, reserved 1069056K
  class space    used 3173K, capacity 3459K, committed 3584K, reserved 1048576K
}
Event: 19.365 GC heap before
{Heap before GC invocations=13 (full 1):
 PSYoungGen      total 158208K, used 144672K [0x000000076d100000, 0x0000000778880000, 0x00000007c0000000)
  eden space 143872K, 100% used [0x000000076d100000,0x0000000775d80000,0x0000000775d80000)
  from space 14336K, 5% used [0x0000000775d80000,0x0000000775e48018,0x0000000776b80000)
  to   space 13824K, 0% used [0x0000000777b00000,0x0000000777b00000,0x0000000778880000)
 ParOldGen       total 127488K, used 15753K [0x00000006c7200000, 0x00000006cee80000, 0x000000076d100000)
  object space 127488K, 12% used [0x00000006c7200000,0x00000006c8162420,0x00000006cee80000)
 Metaspace       used 22098K, capacity 23523K, committed 23808K, reserved 1069056K
  class space    used 3173K, capacity 3459K, committed 3584K, reserved 1048576K
Event: 19.371 GC heap after
Heap after GC invocations=13 (full 1):
 PSYoungGen      total 171008K, used 832K [0x000000076d100000, 0x0000000778600000, 0x00000007c0000000)
  eden space 159744K, 0% used [0x000000076d100000,0x000000076d100000,0x0000000776d00000)
  from space 11264K, 7% used [0x0000000777b00000,0x0000000777bd0018,0x0000000778600000)
  to   space 12800K, 0% used [0x0000000776d00000,0x0000000776d00000,0x0000000777980000)
 ParOldGen       total 127488K, used 15761K [0x00000006c7200000, 0x00000006cee80000, 0x000000076d100000)
  object space 127488K, 12% used [0x00000006c7200000,0x00000006c8164420,0x00000006cee80000)
 Metaspace       used 22098K, capacity 23523K, committed 23808K, reserved 1069056K
  class space    used 3173K, capacity 3459K, committed 3584K, reserved 1048576K
}

