# JRE version: Java(TM) SE Runtime Environment (8.0_144-b01) (build 1.8.0_144-b01)
# Java VM: Java HotSpot(TM) 64-Bit Server VM (25.144-b01 mixed mode linux-amd64 compressed oops)
Heap:
 PSYoungGen      total 217600K, used 39188K [0x000000076d100000, 0x000000077b500000, 0x00000007c0000000)
  eden space 207872K, 18% used [0x000000076d100000,0x000000076f5dd1e8,0x0000000779c00000)
  from space 9728K, 14% used [0x000000077ab80000,0x000000077ace8018,0x000000077b500000)
  to   space 12800K, 0% used [0x0000000779c00000,0x0000000779c00000,0x000000077a880000)
 ParOldGen       total 129024K, used 15660K [0x00000006c7200000, 0x00000006cf000000, 0x000000076d100000)
  object space 129024K, 12% used [0x00000006c7200000,0x00000006c814b330,0x00000006cf000000)
 Metaspace       used 22491K, capacity 23935K, committed 24064K, reserved 1069056K
  class space    used 3258K, capacity 3565K, committed 3584K, reserved 1048576K
GC Heap History (10 events):
Event: 9.989 GC heap before
{Heap before GC invocations=9 (full 1):
 PSYoungGen      total 125952K, used 109856K [0x000000076d100000, 0x0000000778100000, 0x00000007c0000000)
  eden space 109056K, 100% used [0x000000076d100000,0x0000000773b80000,0x0000000773b80000)
  from space 16896K, 4% used [0x0000000773b80000,0x0000000773c48018,0x0000000774c00000)
  to   space 16384K, 0% used [0x0000000777100000,0x0000000777100000,0x0000000778100000)
 ParOldGen       total 129024K, used 15644K [0x00000006c7200000, 0x00000006cf000000, 0x000000076d100000)
  object space 129024K, 12% used [0x00000006c7200000,0x00000006c8147330,0x00000006cf000000)
 Metaspace       used 22356K, capacity 23781K, committed 23808K, reserved 1069056K
  class space    used 3256K, capacity 3562K, committed 3584K, reserved 1048576K
Event: 9.990 GC heap after
Heap after GC invocations=9 (full 1):
 PSYoungGen      total 148480K, used 1376K [0x000000076d100000, 0x0000000777880000, 0x00000007c0000000)
  eden space 140800K, 0% used [0x000000076d100000,0x000000076d100000,0x0000000775a80000)
  from space 7680K, 17% used [0x0000000777100000,0x0000000777258018,0x0000000777880000)
  to   space 15360K, 0% used [0x0000000775a80000,0x0000000775a80000,0x0000000776980000)
 ParOldGen       total 129024K, used 15652K [0x00000006c7200000, 0x00000006cf000000, 0x000000076d100000)
  object space 129024K, 12% used [0x00000006c7200000,0x00000006c8149330,0x00000006cf000000)
 Metaspace       used 22356K, capacity 23781K, committed 23808K, reserved 1069056K
  class space    used 3256K, capacity 3562K, committed 3584K, reserved 1048576K
}
Event: 10.899 GC heap before
{Heap before GC invocations=10 (full 1):
 PSYoungGen      total 148480K, used 142176K [0x000000076d100000, 0x0000000777880000, 0x00000007c0000000)
  eden space 140800K, 100% used [0x000000076d100000,0x0000000775a80000,0x0000000775a80000)
  from space 7680K, 17% used [0x0000000777100000,0x0000000777258018,0x0000000777880000)
  to   space 15360K, 0% used [0x0000000775a80000,0x0000000775a80000,0x0000000776980000)
 ParOldGen       total 129024K, used 15652K [0x00000006c7200000, 0x00000006cf000000, 0x000000076d100000)
  object space 129024K, 12% used [0x00000006c7200000,0x00000006c8149330,0x00000006cf000000)
 Metaspace       used 22392K, capacity 23849K, committed 24064K, reserved 1069056K
  class space    used 3256K, capacity 3562K, committed 3584K, reserved 1048576K
Event: 10.902 GC heap after
Heap after GC invocations=10 (full 1):
 PSYoungGen      total 156160K, used 1376K [0x000000076d100000, 0x0000000778e00000, 0x00000007c0000000)
  eden space 140800K, 0% used [0x000000076d100000,0x000000076d100000,0x0000000775a80000)
  from space 15360K, 8% used [0x0000000775a80000,0x0000000775bd8018,0x0000000776980000)
  to   space 14848K, 0% used [0x0000000777f80000,0x0000000777f80000,0x0000000778e00000)
 ParOldGen       total 129024K, used 15652K [0x00000006c7200000, 0x00000006cf000000, 0x000000076d100000)
  object space 129024K, 12% used [0x00000006c7200000,0x00000006c8149330,0x00000006cf000000)
 Metaspace       used 22392K, capacity 23849K, committed 24064K, reserved 1069056K
  class space    used 3256K, capacity 3562K, committed 3584K, reserved 1048576K
}
Event: 11.199 GC heap before
{Heap before GC invocations=11 (full 1):
 PSYoungGen      total 156160K, used 142176K [0x000000076d100000, 0x0000000778e00000, 0x00000007c0000000)
  eden space 140800K, 100% used [0x000000076d100000,0x0000000775a80000,0x0000000775a80000)
  from space 15360K, 8% used [0x0000000775a80000,0x0000000775bd8018,0x0000000776980000)
  to   space 14848K, 0% used [0x0000000777f80000,0x0000000777f80000,0x0000000778e00000)
 ParOldGen       total 129024K, used 15652K [0x00000006c7200000, 0x00000006cf000000, 0x000000076d100000)
  object space 129024K, 12% used [0x00000006c7200000,0x00000006c8149330,0x00000006cf000000)
 Metaspace       used 22406K, capacity 23849K, committed 24064K, reserved 1069056K
  class space    used 3256K, capacity 3562K, committed 3584K, reserved 1048576K
Event: 11.210 GC heap after
Heap after GC invocations=11 (full 1):
 PSYoungGen      total 179712K, used 1408K [0x000000076d100000, 0x0000000779b80000, 0x00000007c0000000)
  eden space 164864K, 0% used [0x000000076d100000,0x000000076d100000,0x0000000777200000)
  from space 14848K, 9% used [0x0000000777f80000,0x00000007780e0018,0x0000000778e00000)
  to   space 13824K, 0% used [0x0000000777200000,0x0000000777200000,0x0000000777f80000)
 ParOldGen       total 129024K, used 15652K [0x00000006c7200000, 0x00000006cf000000, 0x000000076d100000)
  object space 129024K, 12% used [0x00000006c7200000,0x00000006c8149330,0x00000006cf000000)
 Metaspace       used 22406K, capacity 23849K, committed 24064K, reserved 1069056K
  class space    used 3256K, capacity 3562K, committed 3584K, reserved 1048576K
}
Event: 11.451 GC heap before
{Heap before GC invocations=12 (full 1):
 PSYoungGen      total 179712K, used 166272K [0x000000076d100000, 0x0000000779b80000, 0x00000007c0000000)
  eden space 164864K, 100% used [0x000000076d100000,0x0000000777200000,0x0000000777200000)
  from space 14848K, 9% used [0x0000000777f80000,0x00000007780e0018,0x0000000778e00000)
  to   space 13824K, 0% used [0x0000000777200000,0x0000000777200000,0x0000000777f80000)
 ParOldGen       total 129024K, used 15652K [0x00000006c7200000, 0x00000006cf000000, 0x000000076d100000)
  object space 129024K, 12% used [0x00000006c7200000,0x00000006c8149330,0x00000006cf000000)
 Metaspace       used 22409K, capacity 23849K, committed 24064K, reserved 1069056K
  class space    used 3256K, capacity 3562K, committed 3584K, reserved 1048576K
Event: 11.455 GC heap after
Heap after GC invocations=12 (full 1):
 PSYoungGen      total 178688K, used 1376K [0x000000076d100000, 0x000000077b880000, 0x00000007c0000000)
  eden space 164864K, 0% used [0x000000076d100000,0x000000076d100000,0x0000000777200000)
  from space 13824K, 9% used [0x0000000777200000,0x0000000777358018,0x0000000777f80000)
  to   space 13312K, 0% used [0x000000077ab80000,0x000000077ab80000,0x000000077b880000)
 ParOldGen       total 129024K, used 15652K [0x00000006c7200000, 0x00000006cf000000, 0x000000076d100000)
  object space 129024K, 12% used [0x00000006c7200000,0x00000006c8149330,0x00000006cf000000)
 Metaspace       used 22409K, capacity 23849K, committed 24064K, reserved 1069056K
  class space    used 3256K, capacity 3562K, committed 3584K, reserved 1048576K
}
Event: 12.579 GC heap before
{Heap before GC invocations=13 (full 1):
 PSYoungGen      total 178688K, used 166240K [0x000000076d100000, 0x000000077b880000, 0x00000007c0000000)
  eden space 164864K, 100% used [0x000000076d100000,0x0000000777200000,0x0000000777200000)
  from space 13824K, 9% used [0x0000000777200000,0x0000000777358018,0x0000000777f80000)
  to   space 13312K, 0% used [0x000000077ab80000,0x000000077ab80000,0x000000077b880000)
 ParOldGen       total 129024K, used 15652K [0x00000006c7200000, 0x00000006cf000000, 0x000000076d100000)
  object space 129024K, 12% used [0x00000006c7200000,0x00000006c8149330,0x00000006cf000000)
 Metaspace       used 22450K, capacity 23917K, committed 24064K, reserved 1069056K
  class space    used 3256K, capacity 3562K, committed 3584K, reserved 1048576K
Event: 12.588 GC heap after
Heap after GC invocations=13 (full 1):
 PSYoungGen      total 217600K, used 1440K [0x000000076d100000, 0x000000077b500000, 0x00000007c0000000)
  eden space 207872K, 0% used [0x000000076d100000,0x000000076d100000,0x0000000779c00000)
  from space 9728K, 14% used [0x000000077ab80000,0x000000077ace8018,0x000000077b500000)
  to   space 12800K, 0% used [0x0000000779c00000,0x0000000779c00000,0x000000077a880000)
 ParOldGen       total 129024K, used 15660K [0x00000006c7200000, 0x00000006cf000000, 0x000000076d100000)
  object space 129024K, 12% used [0x00000006c7200000,0x00000006c814b330,0x00000006cf000000)
 Metaspace       used 22450K, capacity 23917K, committed 24064K, reserved 1069056K
  class space    used 3256K, capacity 3562K, committed 3584K, reserved 1048576K
}

