# JRE version: Java(TM) SE Runtime Environment (8.0_144-b01) (build 1.8.0_144-b01)
# Java VM: Java HotSpot(TM) 64-Bit Server VM (25.144-b01 mixed mode linux-amd64 compressed oops)
Heap:
 PSYoungGen      total 169984K, used 77254K [0x000000076d100000, 0x0000000778c00000, 0x00000007c0000000)
  eden space 156672K, 48% used [0x000000076d100000,0x0000000771b11828,0x0000000776a00000)
  from space 13312K, 10% used [0x0000000777680000,0x00000007777e0018,0x0000000778380000)
  to   space 12800K, 0% used [0x0000000776a00000,0x0000000776a00000,0x0000000777680000)
 ParOldGen       total 129024K, used 15502K [0x00000006c7200000, 0x00000006cf000000, 0x000000076d100000)
  object space 129024K, 12% used [0x00000006c7200000,0x00000006c8123b20,0x00000006cf000000)
 Metaspace       used 22634K, capacity 24052K, committed 24320K, reserved 1071104K
  class space    used 3255K, capacity 3541K, committed 3584K, reserved 1048576K
GC Heap History (10 events):
Event: 10.874 GC heap before
{Heap before GC invocations=9 (full 1):
 PSYoungGen      total 112128K, used 96128K [0x000000076d100000, 0x0000000776080000, 0x00000007c0000000)
  eden space 95232K, 100% used [0x000000076d100000,0x0000000772e00000,0x0000000772e00000)
  from space 16896K, 5% used [0x0000000772e00000,0x0000000772ee0018,0x0000000773e80000)
  to   space 16384K, 0% used [0x0000000775080000,0x0000000775080000,0x0000000776080000)
 ParOldGen       total 129024K, used 15470K [0x00000006c7200000, 0x00000006cf000000, 0x000000076d100000)
  object space 129024K, 11% used [0x00000006c7200000,0x00000006c811bb20,0x00000006cf000000)
 Metaspace       used 22032K, capacity 23490K, committed 23808K, reserved 1069056K
  class space    used 3180K, capacity 3468K, committed 3584K, reserved 1048576K
Event: 10.878 GC heap after
Heap after GC invocations=9 (full 1):
 PSYoungGen      total 129536K, used 896K [0x000000076d100000, 0x0000000775f00000, 0x00000007c0000000)
  eden space 114688K, 0% used [0x000000076d100000,0x000000076d100000,0x0000000774100000)
  from space 14848K, 6% used [0x0000000775080000,0x0000000775160018,0x0000000775f00000)
  to   space 15360K, 0% used [0x0000000774100000,0x0000000774100000,0x0000000775000000)
 ParOldGen       total 129024K, used 15478K [0x00000006c7200000, 0x00000006cf000000, 0x000000076d100000)
  object space 129024K, 11% used [0x00000006c7200000,0x00000006c811db20,0x00000006cf000000)
 Metaspace       used 22032K, capacity 23490K, committed 23808K, reserved 1069056K
  class space    used 3180K, capacity 3468K, committed 3584K, reserved 1048576K
}
Event: 27.675 GC heap before
{Heap before GC invocations=10 (full 1):
 PSYoungGen      total 129536K, used 115584K [0x000000076d100000, 0x0000000775f00000, 0x00000007c0000000)
  eden space 114688K, 100% used [0x000000076d100000,0x0000000774100000,0x0000000774100000)
  from space 14848K, 6% used [0x0000000775080000,0x0000000775160018,0x0000000775f00000)
  to   space 15360K, 0% used [0x0000000774100000,0x0000000774100000,0x0000000775000000)
 ParOldGen       total 129024K, used 15478K [0x00000006c7200000, 0x00000006cf000000, 0x000000076d100000)
  object space 129024K, 11% used [0x00000006c7200000,0x00000006c811db20,0x00000006cf000000)
 Metaspace       used 22501K, capacity 23970K, committed 24064K, reserved 1069056K
  class space    used 3254K, capacity 3538K, committed 3584K, reserved 1048576K
Event: 27.678 GC heap after
Heap after GC invocations=10 (full 1):
 PSYoungGen      total 130048K, used 1408K [0x000000076d100000, 0x0000000776900000, 0x00000007c0000000)
  eden space 114688K, 0% used [0x000000076d100000,0x000000076d100000,0x0000000774100000)
  from space 15360K, 9% used [0x0000000774100000,0x0000000774260018,0x0000000775000000)
  to   space 14848K, 0% used [0x0000000775a80000,0x0000000775a80000,0x0000000776900000)
 ParOldGen       total 129024K, used 15486K [0x00000006c7200000, 0x00000006cf000000, 0x000000076d100000)
  object space 129024K, 12% used [0x00000006c7200000,0x00000006c811fb20,0x00000006cf000000)
 Metaspace       used 22501K, capacity 23970K, committed 24064K, reserved 1069056K
  class space    used 3254K, capacity 3538K, committed 3584K, reserved 1048576K
}
Event: 28.604 GC heap before
{Heap before GC invocations=11 (full 1):
 PSYoungGen      total 130048K, used 116096K [0x000000076d100000, 0x0000000776900000, 0x00000007c0000000)
  eden space 114688K, 100% used [0x000000076d100000,0x0000000774100000,0x0000000774100000)
  from space 15360K, 9% used [0x0000000774100000,0x0000000774260018,0x0000000775000000)
  to   space 14848K, 0% used [0x0000000775a80000,0x0000000775a80000,0x0000000776900000)
 ParOldGen       total 129024K, used 15486K [0x00000006c7200000, 0x00000006cf000000, 0x000000076d100000)
  object space 129024K, 12% used [0x00000006c7200000,0x00000006c811fb20,0x00000006cf000000)
 Metaspace       used 22563K, capacity 24034K, committed 24320K, reserved 1071104K
  class space    used 3254K, capacity 3538K, committed 3584K, reserved 1048576K
Event: 28.616 GC heap after
Heap after GC invocations=11 (full 1):
 PSYoungGen      total 141824K, used 1408K [0x000000076d100000, 0x0000000776e80000, 0x00000007c0000000)
  eden space 126976K, 0% used [0x000000076d100000,0x000000076d100000,0x0000000774d00000)
  from space 14848K, 9% used [0x0000000775a80000,0x0000000775be0018,0x0000000776900000)
  to   space 13824K, 0% used [0x0000000774d00000,0x0000000774d00000,0x0000000775a80000)
 ParOldGen       total 129024K, used 15494K [0x00000006c7200000, 0x00000006cf000000, 0x000000076d100000)
  object space 129024K, 12% used [0x00000006c7200000,0x00000006c8121b20,0x00000006cf000000)
 Metaspace       used 22563K, capacity 24034K, committed 24320K, reserved 1071104K
  class space    used 3254K, capacity 3538K, committed 3584K, reserved 1048576K
}
Event: 28.874 GC heap before
{Heap before GC invocations=12 (full 1):
 PSYoungGen      total 141824K, used 128384K [0x000000076d100000, 0x0000000776e80000, 0x00000007c0000000)
  eden space 126976K, 100% used [0x000000076d100000,0x0000000774d00000,0x0000000774d00000)
  from space 14848K, 9% used [0x0000000775a80000,0x0000000775be0018,0x0000000776900000)
  to   space 13824K, 0% used [0x0000000774d00000,0x0000000774d00000,0x0000000775a80000)
 ParOldGen       total 129024K, used 15494K [0x00000006c7200000, 0x00000006cf000000, 0x000000076d100000)
  object space 129024K, 12% used [0x00000006c7200000,0x00000006c8121b20,0x00000006cf000000)
 Metaspace       used 22579K, capacity 24034K, committed 24320K, reserved 1071104K
  class space    used 3254K, capacity 3538K, committed 3584K, reserved 1048576K
Event: 28.879 GC heap after
Heap after GC invocations=12 (full 1):
 PSYoungGen      total 140800K, used 1408K [0x000000076d100000, 0x0000000778380000, 0x00000007c0000000)
  eden space 126976K, 0% used [0x000000076d100000,0x000000076d100000,0x0000000774d00000)
  from space 13824K, 10% used [0x0000000774d00000,0x0000000774e60018,0x0000000775a80000)
  to   space 13312K, 0% used [0x0000000777680000,0x0000000777680000,0x0000000778380000)
 ParOldGen       total 129024K, used 15494K [0x00000006c7200000, 0x00000006cf000000, 0x000000076d100000)
  object space 129024K, 12% used [0x00000006c7200000,0x00000006c8121b20,0x00000006cf000000)
 Metaspace       used 22579K, capacity 24034K, committed 24320K, reserved 1071104K
  class space    used 3254K, capacity 3538K, committed 3584K, reserved 1048576K
}
Event: 29.134 GC heap before
{Heap before GC invocations=13 (full 1):
 PSYoungGen      total 140800K, used 128384K [0x000000076d100000, 0x0000000778380000, 0x00000007c0000000)
  eden space 126976K, 100% used [0x000000076d100000,0x0000000774d00000,0x0000000774d00000)
  from space 13824K, 10% used [0x0000000774d00000,0x0000000774e60018,0x0000000775a80000)
  to   space 13312K, 0% used [0x0000000777680000,0x0000000777680000,0x0000000778380000)
 ParOldGen       total 129024K, used 15494K [0x00000006c7200000, 0x00000006cf000000, 0x000000076d100000)
  object space 129024K, 12% used [0x00000006c7200000,0x00000006c8121b20,0x00000006cf000000)
 Metaspace       used 22590K, capacity 24034K, committed 24320K, reserved 1071104K
  class space    used 3254K, capacity 3538K, committed 3584K, reserved 1048576K
Event: 29.143 GC heap after
Heap after GC invocations=13 (full 1):
 PSYoungGen      total 169984K, used 1408K [0x000000076d100000, 0x0000000778c00000, 0x00000007c0000000)
  eden space 156672K, 0% used [0x000000076d100000,0x000000076d100000,0x0000000776a00000)
  from space 13312K, 10% used [0x0000000777680000,0x00000007777e0018,0x0000000778380000)
  to   space 12800K, 0% used [0x0000000776a00000,0x0000000776a00000,0x0000000777680000)
 ParOldGen       total 129024K, used 15502K [0x00000006c7200000, 0x00000006cf000000, 0x000000076d100000)
  object space 129024K, 12% used [0x00000006c7200000,0x00000006c8123b20,0x00000006cf000000)
 Metaspace       used 22590K, capacity 24034K, committed 24320K, reserved 1071104K
  class space    used 3254K, capacity 3538K, committed 3584K, reserved 1048576K
}

