# JRE version: Java(TM) SE Runtime Environment (8.0_144-b01) (build 1.8.0_144-b01)
# Java VM: Java HotSpot(TM) 64-Bit Server VM (25.144-b01 mixed mode linux-amd64 compressed oops)
Heap:
 PSYoungGen      total 74752K, used 23566K [0x000000076cd80000, 0x0000000772d00000, 0x00000007c0000000)
  eden space 64512K, 35% used [0x000000076cd80000,0x000000076e42b8b0,0x0000000770c80000)
  from space 10240K, 3% used [0x0000000770c80000,0x0000000770cd8000,0x0000000771680000)
  to   space 10240K, 0% used [0x0000000772300000,0x0000000772300000,0x0000000772d00000)
 ParOldGen       total 134656K, used 15953K [0x00000006c6800000, 0x00000006ceb80000, 0x000000076cd80000)
  object space 134656K, 11% used [0x00000006c6800000,0x00000006c77945e8,0x00000006ceb80000)
 Metaspace       used 21704K, capacity 23120K, committed 23296K, reserved 1069056K
  class space    used 3199K, capacity 3495K, committed 3584K, reserved 1048576K
GC Heap History (8 events):
Event: 3.487 GC heap before
{Heap before GC invocations=1 (full 0):
 PSYoungGen      total 74752K, used 62654K [0x000000076cd80000, 0x0000000772080000, 0x00000007c0000000)
  eden space 64512K, 97% used [0x000000076cd80000,0x0000000770aaf8c0,0x0000000770c80000)
  from space 10240K, 0% used [0x0000000771680000,0x0000000771680000,0x0000000772080000)
  to   space 10240K, 0% used [0x0000000770c80000,0x0000000770c80000,0x0000000771680000)
 ParOldGen       total 171008K, used 0K [0x00000006c6800000, 0x00000006d0f00000, 0x000000076cd80000)
  object space 171008K, 0% used [0x00000006c6800000,0x00000006c6800000,0x00000006d0f00000)
 Metaspace       used 20013K, capacity 21254K, committed 21296K, reserved 1067008K
  class space    used 2925K, capacity 3160K, committed 3200K, reserved 1048576K
Event: 3.498 GC heap after
Heap after GC invocations=1 (full 0):
 PSYoungGen      total 74752K, used 10237K [0x000000076cd80000, 0x0000000772080000, 0x00000007c0000000)
  eden space 64512K, 0% used [0x000000076cd80000,0x000000076cd80000,0x0000000770c80000)
  from space 10240K, 99% used [0x0000000770c80000,0x000000077167f478,0x0000000771680000)
  to   space 10240K, 0% used [0x0000000771680000,0x0000000771680000,0x0000000772080000)
 ParOldGen       total 171008K, used 5768K [0x00000006c6800000, 0x00000006d0f00000, 0x000000076cd80000)
  object space 171008K, 3% used [0x00000006c6800000,0x00000006c6da22b8,0x00000006d0f00000)
 Metaspace       used 20013K, capacity 21254K, committed 21296K, reserved 1067008K
  class space    used 2925K, capacity 3160K, committed 3200K, reserved 1048576K
}
Event: 3.498 GC heap before
{Heap before GC invocations=2 (full 1):
 PSYoungGen      total 74752K, used 10237K [0x000000076cd80000, 0x0000000772080000, 0x00000007c0000000)
  eden space 64512K, 0% used [0x000000076cd80000,0x000000076cd80000,0x0000000770c80000)
  from space 10240K, 99% used [0x0000000770c80000,0x000000077167f478,0x0000000771680000)
  to   space 10240K, 0% used [0x0000000771680000,0x0000000771680000,0x0000000772080000)
 ParOldGen       total 171008K, used 5768K [0x00000006c6800000, 0x00000006d0f00000, 0x000000076cd80000)
  object space 171008K, 3% used [0x00000006c6800000,0x00000006c6da22b8,0x00000006d0f00000)
 Metaspace       used 20013K, capacity 21254K, committed 21296K, reserved 1067008K
  class space    used 2925K, capacity 3160K, committed 3200K, reserved 1048576K
Event: 3.530 GC heap after
Heap after GC invocations=2 (full 1):
 PSYoungGen      total 74752K, used 0K [0x000000076cd80000, 0x0000000772080000, 0x00000007c0000000)
  eden space 64512K, 0% used [0x000000076cd80000,0x000000076cd80000,0x0000000770c80000)
  from space 10240K, 0% used [0x0000000770c80000,0x0000000770c80000,0x0000000771680000)
  to   space 10240K, 0% used [0x0000000771680000,0x0000000771680000,0x0000000772080000)
 ParOldGen       total 134656K, used 15937K [0x00000006c6800000, 0x00000006ceb80000, 0x000000076cd80000)
  object space 134656K, 11% used [0x00000006c6800000,0x00000006c77905e8,0x00000006ceb80000)
 Metaspace       used 20013K, capacity 21254K, committed 21296K, reserved 1067008K
  class space    used 2925K, capacity 3160K, committed 3200K, reserved 1048576K
}
Event: 4.534 GC heap before
{Heap before GC invocations=3 (full 1):
 PSYoungGen      total 74752K, used 64512K [0x000000076cd80000, 0x0000000772080000, 0x00000007c0000000)
  eden space 64512K, 100% used [0x000000076cd80000,0x0000000770c80000,0x0000000770c80000)
  from space 10240K, 0% used [0x0000000770c80000,0x0000000770c80000,0x0000000771680000)
  to   space 10240K, 0% used [0x0000000771680000,0x0000000771680000,0x0000000772080000)
 ParOldGen       total 134656K, used 15937K [0x00000006c6800000, 0x00000006ceb80000, 0x000000076cd80000)
  object space 134656K, 11% used [0x00000006c6800000,0x00000006c77905e8,0x00000006ceb80000)
 Metaspace       used 21202K, capacity 22602K, committed 22912K, reserved 1069056K
  class space    used 3122K, capacity 3392K, committed 3456K, reserved 1048576K
Event: 4.537 GC heap after
Heap after GC invocations=3 (full 1):
 PSYoungGen      total 74752K, used 352K [0x000000076cd80000, 0x0000000772f80000, 0x00000007c0000000)
  eden space 64512K, 0% used [0x000000076cd80000,0x000000076cd80000,0x0000000770c80000)
  from space 10240K, 3% used [0x0000000771680000,0x00000007716d8000,0x0000000772080000)
  to   space 10240K, 0% used [0x0000000770c80000,0x0000000770c80000,0x0000000771680000)
 ParOldGen       total 134656K, used 15945K [0x00000006c6800000, 0x00000006ceb80000, 0x000000076cd80000)
  object space 134656K, 11% used [0x00000006c6800000,0x00000006c77925e8,0x00000006ceb80000)
 Metaspace       used 21202K, capacity 22602K, committed 22912K, reserved 1069056K
  class space    used 3122K, capacity 3392K, committed 3456K, reserved 1048576K
}
Event: 6.563 GC heap before
{Heap before GC invocations=4 (full 1):
 PSYoungGen      total 74752K, used 64864K [0x000000076cd80000, 0x0000000772f80000, 0x00000007c0000000)
  eden space 64512K, 100% used [0x000000076cd80000,0x0000000770c80000,0x0000000770c80000)
  from space 10240K, 3% used [0x0000000771680000,0x00000007716d8000,0x0000000772080000)
  to   space 10240K, 0% used [0x0000000770c80000,0x0000000770c80000,0x0000000771680000)
 ParOldGen       total 134656K, used 15945K [0x00000006c6800000, 0x00000006ceb80000, 0x000000076cd80000)
  object space 134656K, 11% used [0x00000006c6800000,0x00000006c77925e8,0x00000006ceb80000)
 Metaspace       used 21350K, capacity 22730K, committed 22912K, reserved 1069056K
  class space    used 3122K, capacity 3392K, committed 3456K, reserved 1048576K
Event: 6.565 GC heap after
Heap after GC invocations=4 (full 1):
 PSYoungGen      total 74752K, used 352K [0x000000076cd80000, 0x0000000772d00000, 0x00000007c0000000)
  eden space 64512K, 0% used [0x000000076cd80000,0x000000076cd80000,0x0000000770c80000)
  from space 10240K, 3% used [0x0000000770c80000,0x0000000770cd8000,0x0000000771680000)
  to   space 10240K, 0% used [0x0000000772300000,0x0000000772300000,0x0000000772d00000)
 ParOldGen       total 134656K, used 15953K [0x00000006c6800000, 0x00000006ceb80000, 0x000000076cd80000)
  object space 134656K, 11% used [0x00000006c6800000,0x00000006c77945e8,0x00000006ceb80000)
 Metaspace       used 21350K, capacity 22730K, committed 22912K, reserved 1069056K
  class space    used 3122K, capacity 3392K, committed 3456K, reserved 1048576K
}

