# JRE version: Java(TM) SE Runtime Environment (8.0_144-b01) (build 1.8.0_144-b01)
# Java VM: Java HotSpot(TM) 64-Bit Server VM (25.144-b01 mixed mode linux-amd64 compressed oops)
Heap:
 PSYoungGen      total 473088K, used 420303K [0x000000076d100000, 0x000000078b100000, 0x00000007c0000000)
  eden space 470016K, 89% used [0x000000076d100000,0x0000000786b4bcc0,0x0000000789c00000)
  from space 3072K, 5% used [0x000000078ae00000,0x000000078ae28000,0x000000078b100000)
  to   space 10752K, 0% used [0x0000000789c00000,0x0000000789c00000,0x000000078a680000)
 ParOldGen       total 128000K, used 17119K [0x00000006c7200000, 0x00000006cef00000, 0x000000076d100000)
  object space 128000K, 13% used [0x00000006c7200000,0x00000006c82b7d60,0x00000006cef00000)
 Metaspace       used 22715K, capacity 24160K, committed 24320K, reserved 1071104K
  class space    used 3264K, capacity 3575K, committed 3584K, reserved 1048576K
GC Heap History (10 events):
Event: 18.220 GC heap before
{Heap before GC invocations=13 (full 1):
 PSYoungGen      total 204288K, used 191840K [0x000000076d100000, 0x000000077f400000, 0x00000007c0000000)
  eden space 190464K, 100% used [0x000000076d100000,0x0000000778b00000,0x0000000778b00000)
  from space 13824K, 9% used [0x0000000778b00000,0x0000000778c58018,0x0000000779880000)
  to   space 13312K, 0% used [0x000000077e700000,0x000000077e700000,0x000000077f400000)
 ParOldGen       total 128000K, used 15729K [0x00000006c7200000, 0x00000006cef00000, 0x000000076d100000)
  object space 128000K, 12% used [0x00000006c7200000,0x00000006c815c488,0x00000006cef00000)
 Metaspace       used 22561K, capacity 24072K, committed 24320K, reserved 1071104K
  class space    used 3261K, capacity 3571K, committed 3584K, reserved 1048576K
Event: 18.227 GC heap after
Heap after GC invocations=13 (full 1):
 PSYoungGen      total 278528K, used 736K [0x000000076d100000, 0x000000077f080000, 0x00000007c0000000)
  eden space 268800K, 0% used [0x000000076d100000,0x000000076d100000,0x000000077d780000)
  from space 9728K, 7% used [0x000000077e700000,0x000000077e7b8000,0x000000077f080000)
  to   space 12800K, 0% used [0x000000077d780000,0x000000077d780000,0x000000077e400000)
 ParOldGen       total 128000K, used 16431K [0x00000006c7200000, 0x00000006cef00000, 0x000000076d100000)
  object space 128000K, 12% used [0x00000006c7200000,0x00000006c820bd60,0x00000006cef00000)
 Metaspace       used 22561K, capacity 24072K, committed 24320K, reserved 1071104K
  class space    used 3261K, capacity 3571K, committed 3584K, reserved 1048576K
}
Event: 19.239 GC heap before
{Heap before GC invocations=14 (full 1):
 PSYoungGen      total 278528K, used 269536K [0x000000076d100000, 0x000000077f080000, 0x00000007c0000000)
  eden space 268800K, 100% used [0x000000076d100000,0x000000077d780000,0x000000077d780000)
  from space 9728K, 7% used [0x000000077e700000,0x000000077e7b8000,0x000000077f080000)
  to   space 12800K, 0% used [0x000000077d780000,0x000000077d780000,0x000000077e400000)
 ParOldGen       total 128000K, used 16431K [0x00000006c7200000, 0x00000006cef00000, 0x000000076d100000)
  object space 128000K, 12% used [0x00000006c7200000,0x00000006c820bd60,0x00000006cef00000)
 Metaspace       used 22567K, capacity 24072K, committed 24320K, reserved 1071104K
  class space    used 3261K, capacity 3571K, committed 3584K, reserved 1048576K
Event: 19.246 GC heap after
Heap after GC invocations=14 (full 1):
 PSYoungGen      total 281600K, used 704K [0x000000076d100000, 0x0000000785580000, 0x00000007c0000000)
  eden space 268800K, 0% used [0x000000076d100000,0x000000076d100000,0x000000077d780000)
  from space 12800K, 5% used [0x000000077d780000,0x000000077d830000,0x000000077e400000)
  to   space 12288K, 0% used [0x0000000784980000,0x0000000784980000,0x0000000785580000)
 ParOldGen       total 128000K, used 16463K [0x00000006c7200000, 0x00000006cef00000, 0x000000076d100000)
  object space 128000K, 12% used [0x00000006c7200000,0x00000006c8213d60,0x00000006cef00000)
 Metaspace       used 22567K, capacity 24072K, committed 24320K, reserved 1071104K
  class space    used 3261K, capacity 3571K, committed 3584K, reserved 1048576K
}
Event: 21.346 GC heap before
{Heap before GC invocations=15 (full 1):
 PSYoungGen      total 281600K, used 269504K [0x000000076d100000, 0x0000000785580000, 0x00000007c0000000)
  eden space 268800K, 100% used [0x000000076d100000,0x000000077d780000,0x000000077d780000)
  from space 12800K, 5% used [0x000000077d780000,0x000000077d830000,0x000000077e400000)
  to   space 12288K, 0% used [0x0000000784980000,0x0000000784980000,0x0000000785580000)
 ParOldGen       total 128000K, used 16463K [0x00000006c7200000, 0x00000006cef00000, 0x000000076d100000)
  object space 128000K, 12% used [0x00000006c7200000,0x00000006c8213d60,0x00000006cef00000)
 Metaspace       used 22602K, capacity 24072K, committed 24320K, reserved 1071104K
  class space    used 3261K, capacity 3571K, committed 3584K, reserved 1048576K
Event: 21.350 GC heap after
Heap after GC invocations=15 (full 1):
 PSYoungGen      total 365056K, used 672K [0x000000076d100000, 0x0000000784b00000, 0x00000007c0000000)
  eden space 363520K, 0% used [0x000000076d100000,0x000000076d100000,0x0000000783400000)
  from space 1536K, 43% used [0x0000000784980000,0x0000000784a28000,0x0000000784b00000)
  to   space 11776K, 0% used [0x0000000783400000,0x0000000783400000,0x0000000783f80000)
 ParOldGen       total 128000K, used 16495K [0x00000006c7200000, 0x00000006cef00000, 0x000000076d100000)
  object space 128000K, 12% used [0x00000006c7200000,0x00000006c821bd60,0x00000006cef00000)
 Metaspace       used 22602K, capacity 24072K, committed 24320K, reserved 1071104K
  class space    used 3261K, capacity 3571K, committed 3584K, reserved 1048576K
}
Event: 23.764 GC heap before
{Heap before GC invocations=16 (full 1):
 PSYoungGen      total 365056K, used 364192K [0x000000076d100000, 0x0000000784b00000, 0x00000007c0000000)
  eden space 363520K, 100% used [0x000000076d100000,0x0000000783400000,0x0000000783400000)
  from space 1536K, 43% used [0x0000000784980000,0x0000000784a28000,0x0000000784b00000)
  to   space 11776K, 0% used [0x0000000783400000,0x0000000783400000,0x0000000783f80000)
 ParOldGen       total 128000K, used 16495K [0x00000006c7200000, 0x00000006cef00000, 0x000000076d100000)
  object space 128000K, 12% used [0x00000006c7200000,0x00000006c821bd60,0x00000006cef00000)
 Metaspace       used 22646K, capacity 24136K, committed 24320K, reserved 1071104K
  class space    used 3261K, capacity 3571K, committed 3584K, reserved 1048576K
Event: 23.765 GC heap after
Heap after GC invocations=16 (full 1):
 PSYoungGen      total 375296K, used 160K [0x000000076d100000, 0x000000078b900000, 0x00000007c0000000)
  eden space 363520K, 0% used [0x000000076d100000,0x000000076d100000,0x0000000783400000)
  from space 11776K, 1% used [0x0000000783400000,0x0000000783428000,0x0000000783f80000)
  to   space 11264K, 0% used [0x000000078ae00000,0x000000078ae00000,0x000000078b900000)
 ParOldGen       total 128000K, used 17103K [0x00000006c7200000, 0x00000006cef00000, 0x000000076d100000)
  object space 128000K, 13% used [0x00000006c7200000,0x00000006c82b3d60,0x00000006cef00000)
 Metaspace       used 22646K, capacity 24136K, committed 24320K, reserved 1071104K
  class space    used 3261K, capacity 3571K, committed 3584K, reserved 1048576K
}
Event: 24.774 GC heap before
{Heap before GC invocations=17 (full 1):
 PSYoungGen      total 375296K, used 363680K [0x000000076d100000, 0x000000078b900000, 0x00000007c0000000)
  eden space 363520K, 100% used [0x000000076d100000,0x0000000783400000,0x0000000783400000)
  from space 11776K, 1% used [0x0000000783400000,0x0000000783428000,0x0000000783f80000)
  to   space 11264K, 0% used [0x000000078ae00000,0x000000078ae00000,0x000000078b900000)
 ParOldGen       total 128000K, used 17103K [0x00000006c7200000, 0x00000006cef00000, 0x000000076d100000)
  object space 128000K, 13% used [0x00000006c7200000,0x00000006c82b3d60,0x00000006cef00000)
 Metaspace       used 22648K, capacity 24136K, committed 24320K, reserved 1071104K
  class space    used 3261K, capacity 3571K, committed 3584K, reserved 1048576K
Event: 24.779 GC heap after
Heap after GC invocations=17 (full 1):
 PSYoungGen      total 473088K, used 160K [0x000000076d100000, 0x000000078b100000, 0x00000007c0000000)
  eden space 470016K, 0% used [0x000000076d100000,0x000000076d100000,0x0000000789c00000)
  from space 3072K, 5% used [0x000000078ae00000,0x000000078ae28000,0x000000078b100000)
  to   space 10752K, 0% used [0x0000000789c00000,0x0000000789c00000,0x000000078a680000)
 ParOldGen       total 128000K, used 17119K [0x00000006c7200000, 0x00000006cef00000, 0x000000076d100000)
  object space 128000K, 13% used [0x00000006c7200000,0x00000006c82b7d60,0x00000006cef00000)
 Metaspace       used 22648K, capacity 24136K, committed 24320K, reserved 1071104K
  class space    used 3261K, capacity 3571K, committed 3584K, reserved 1048576K
}

