# JRE version: Java(TM) SE Runtime Environment (8.0_144-b01) (build 1.8.0_144-b01)
# Java VM: Java HotSpot(TM) 64-Bit Server VM (25.144-b01 mixed mode linux-amd64 compressed oops)
Heap:
 PSYoungGen      total 152064K, used 32269K [0x000000076cd80000, 0x0000000778280000, 0x00000007c0000000)
  eden space 140800K, 22% used [0x000000076cd80000,0x000000076ec0b770,0x0000000775700000)
  from space 11264K, 8% used [0x0000000775700000,0x00000007757f8000,0x0000000776200000)
  to   space 10240K, 0% used [0x0000000777880000,0x0000000777880000,0x0000000778280000)
 ParOldGen       total 136192K, used 15964K [0x00000006c6800000, 0x00000006ced00000, 0x000000076cd80000)
  object space 136192K, 11% used [0x00000006c6800000,0x00000006c77971f8,0x00000006ced00000)
 Metaspace       used 22100K, capacity 23550K, committed 23808K, reserved 1069056K
  class space    used 3210K, capacity 3500K, committed 3584K, reserved 1048576K
GC Heap History (10 events):
Event: 10.165 GC heap before
{Heap before GC invocations=8 (full 1):
 PSYoungGen      total 112128K, used 96608K [0x000000076cd80000, 0x0000000774d00000, 0x00000007c0000000)
  eden space 96256K, 100% used [0x000000076cd80000,0x0000000772b80000,0x0000000772b80000)
  from space 15872K, 2% used [0x0000000773a00000,0x0000000773a58000,0x0000000774980000)
  to   space 14848K, 0% used [0x0000000772b80000,0x0000000772b80000,0x0000000773a00000)
 ParOldGen       total 136192K, used 15948K [0x00000006c6800000, 0x00000006ced00000, 0x000000076cd80000)
  object space 136192K, 11% used [0x00000006c6800000,0x00000006c77931f8,0x00000006ced00000)
 Metaspace       used 21991K, capacity 23386K, committed 23552K, reserved 1069056K
  class space    used 3207K, capacity 3496K, committed 3584K, reserved 1048576K
Event: 10.167 GC heap after
Heap after GC invocations=8 (full 1):
 PSYoungGen      total 111104K, used 960K [0x000000076cd80000, 0x0000000775f80000, 0x00000007c0000000)
  eden space 96256K, 0% used [0x000000076cd80000,0x000000076cd80000,0x0000000772b80000)
  from space 14848K, 6% used [0x0000000772b80000,0x0000000772c70000,0x0000000773a00000)
  to   space 13312K, 0% used [0x0000000775280000,0x0000000775280000,0x0000000775f80000)
 ParOldGen       total 136192K, used 15956K [0x00000006c6800000, 0x00000006ced00000, 0x000000076cd80000)
  object space 136192K, 11% used [0x00000006c6800000,0x00000006c77951f8,0x00000006ced00000)
 Metaspace       used 21991K, capacity 23386K, committed 23552K, reserved 1069056K
  class space    used 3207K, capacity 3496K, committed 3584K, reserved 1048576K
}
Event: 11.287 GC heap before
{Heap before GC invocations=9 (full 1):
 PSYoungGen      total 111104K, used 97216K [0x000000076cd80000, 0x0000000775f80000, 0x00000007c0000000)
  eden space 96256K, 100% used [0x000000076cd80000,0x0000000772b80000,0x0000000772b80000)
  from space 14848K, 6% used [0x0000000772b80000,0x0000000772c70000,0x0000000773a00000)
  to   space 13312K, 0% used [0x0000000775280000,0x0000000775280000,0x0000000775f80000)
 ParOldGen       total 136192K, used 15956K [0x00000006c6800000, 0x00000006ced00000, 0x000000076cd80000)
  object space 136192K, 11% used [0x00000006c6800000,0x00000006c77951f8,0x00000006ced00000)
 Metaspace       used 22039K, capacity 23464K, committed 23552K, reserved 1069056K
  class space    used 3208K, capacity 3497K, committed 3584K, reserved 1048576K
Event: 11.290 GC heap after
Heap after GC invocations=9 (full 1):
 PSYoungGen      total 130048K, used 960K [0x000000076cd80000, 0x0000000775c00000, 0x00000007c0000000)
  eden space 120320K, 0% used [0x000000076cd80000,0x000000076cd80000,0x0000000774300000)
  from space 9728K, 9% used [0x0000000775280000,0x0000000775370000,0x0000000775c00000)
  to   space 12800K, 0% used [0x0000000774300000,0x0000000774300000,0x0000000774f80000)
 ParOldGen       total 136192K, used 15956K [0x00000006c6800000, 0x00000006ced00000, 0x000000076cd80000)
  object space 136192K, 11% used [0x00000006c6800000,0x00000006c77951f8,0x00000006ced00000)
 Metaspace       used 22039K, capacity 23464K, committed 23552K, reserved 1069056K
  class space    used 3208K, capacity 3497K, committed 3584K, reserved 1048576K
}
Event: 11.884 GC heap before
{Heap before GC invocations=10 (full 1):
 PSYoungGen      total 130048K, used 121280K [0x000000076cd80000, 0x0000000775c00000, 0x00000007c0000000)
  eden space 120320K, 100% used [0x000000076cd80000,0x0000000774300000,0x0000000774300000)
  from space 9728K, 9% used [0x0000000775280000,0x0000000775370000,0x0000000775c00000)
  to   space 12800K, 0% used [0x0000000774300000,0x0000000774300000,0x0000000774f80000)
 ParOldGen       total 136192K, used 15956K [0x00000006c6800000, 0x00000006ced00000, 0x000000076cd80000)
  object space 136192K, 11% used [0x00000006c6800000,0x00000006c77951f8,0x00000006ced00000)
 Metaspace       used 22053K, capacity 23464K, committed 23552K, reserved 1069056K
  class space    used 3208K, capacity 3497K, committed 3584K, reserved 1048576K
Event: 11.889 GC heap after
Heap after GC invocations=10 (full 1):
 PSYoungGen      total 133120K, used 960K [0x000000076cd80000, 0x0000000776d80000, 0x00000007c0000000)
  eden space 120320K, 0% used [0x000000076cd80000,0x000000076cd80000,0x0000000774300000)
  from space 12800K, 7% used [0x0000000774300000,0x00000007743f0000,0x0000000774f80000)
  to   space 11776K, 0% used [0x0000000776200000,0x0000000776200000,0x0000000776d80000)
 ParOldGen       total 136192K, used 15956K [0x00000006c6800000, 0x00000006ced00000, 0x000000076cd80000)
  object space 136192K, 11% used [0x00000006c6800000,0x00000006c77951f8,0x00000006ced00000)
 Metaspace       used 22053K, capacity 23464K, committed 23552K, reserved 1069056K
  class space    used 3208K, capacity 3497K, committed 3584K, reserved 1048576K
}
Event: 12.234 GC heap before
{Heap before GC invocations=11 (full 1):
 PSYoungGen      total 133120K, used 121279K [0x000000076cd80000, 0x0000000776d80000, 0x00000007c0000000)
  eden space 120320K, 99% used [0x000000076cd80000,0x00000007742fff90,0x0000000774300000)
  from space 12800K, 7% used [0x0000000774300000,0x00000007743f0000,0x0000000774f80000)
  to   space 11776K, 0% used [0x0000000776200000,0x0000000776200000,0x0000000776d80000)
 ParOldGen       total 136192K, used 15956K [0x00000006c6800000, 0x00000006ced00000, 0x000000076cd80000)
  object space 136192K, 11% used [0x00000006c6800000,0x00000006c77951f8,0x00000006ced00000)
 Metaspace       used 22062K, capacity 23468K, committed 23808K, reserved 1069056K
  class space    used 3208K, capacity 3497K, committed 3584K, reserved 1048576K
Event: 12.237 GC heap after
Heap after GC invocations=11 (full 1):
 PSYoungGen      total 152576K, used 960K [0x000000076cd80000, 0x0000000776e00000, 0x00000007c0000000)
  eden space 140800K, 0% used [0x000000076cd80000,0x000000076cd80000,0x0000000775700000)
  from space 11776K, 8% used [0x0000000776200000,0x00000007762f0000,0x0000000776d80000)
  to   space 11264K, 0% used [0x0000000775700000,0x0000000775700000,0x0000000776200000)
 ParOldGen       total 136192K, used 15956K [0x00000006c6800000, 0x00000006ced00000, 0x000000076cd80000)
  object space 136192K, 11% used [0x00000006c6800000,0x00000006c77951f8,0x00000006ced00000)
 Metaspace       used 22062K, capacity 23468K, committed 23808K, reserved 1069056K
  class space    used 3208K, capacity 3497K, committed 3584K, reserved 1048576K
}
Event: 13.109 GC heap before
{Heap before GC invocations=12 (full 1):
 PSYoungGen      total 152576K, used 141760K [0x000000076cd80000, 0x0000000776e00000, 0x00000007c0000000)
  eden space 140800K, 100% used [0x000000076cd80000,0x0000000775700000,0x0000000775700000)
  from space 11776K, 8% used [0x0000000776200000,0x00000007762f0000,0x0000000776d80000)
  to   space 11264K, 0% used [0x0000000775700000,0x0000000775700000,0x0000000776200000)
 ParOldGen       total 136192K, used 15956K [0x00000006c6800000, 0x00000006ced00000, 0x000000076cd80000)
  object space 136192K, 11% used [0x00000006c6800000,0x00000006c77951f8,0x00000006ced00000)
 Metaspace       used 22073K, capacity 23468K, committed 23808K, reserved 1069056K
  class space    used 3208K, capacity 3497K, committed 3584K, reserved 1048576K
Event: 13.113 GC heap after
Heap after GC invocations=12 (full 1):
 PSYoungGen      total 152064K, used 992K [0x000000076cd80000, 0x0000000778280000, 0x00000007c0000000)
  eden space 140800K, 0% used [0x000000076cd80000,0x000000076cd80000,0x0000000775700000)
  from space 11264K, 8% used [0x0000000775700000,0x00000007757f8000,0x0000000776200000)
  to   space 10240K, 0% used [0x0000000777880000,0x0000000777880000,0x0000000778280000)
 ParOldGen       total 136192K, used 15964K [0x00000006c6800000, 0x00000006ced00000, 0x000000076cd80000)
  object space 136192K, 11% used [0x00000006c6800000,0x00000006c77971f8,0x00000006ced00000)
 Metaspace       used 22073K, capacity 23468K, committed 23808K, reserved 1069056K
  class space    used 3208K, capacity 3497K, committed 3584K, reserved 1048576K
}

