# JRE version: Java(TM) SE Runtime Environment (8.0_144-b01) (build 1.8.0_144-b01)
# Java VM: Java HotSpot(TM) 64-Bit Server VM (25.144-b01 mixed mode linux-amd64 compressed oops)
Heap:
 PSYoungGen      total 105472K, used 93767K [0x000000076cd80000, 0x0000000777380000, 0x00000007c0000000)
  eden space 95232K, 98% used [0x000000076cd80000,0x00000007728b9e98,0x0000000772a80000)
  from space 10240K, 3% used [0x0000000772a80000,0x0000000772ad8000,0x0000000773480000)
  to   space 15872K, 0% used [0x0000000776400000,0x0000000776400000,0x0000000777380000)
 ParOldGen       total 140800K, used 15925K [0x00000006c6800000, 0x00000006cf180000, 0x000000076cd80000)
  object space 140800K, 11% used [0x00000006c6800000,0x00000006c778d6d0,0x00000006cf180000)
 Metaspace       used 21646K, capacity 23050K, committed 23296K, reserved 1069056K
  class space    used 3199K, capacity 3494K, committed 3584K, reserved 1048576K
GC Heap History (10 events):
Event: 3.545 GC heap before
{Heap before GC invocations=2 (full 1):
 PSYoungGen      total 74752K, used 10222K [0x000000076cd80000, 0x0000000772080000, 0x00000007c0000000)
  eden space 64512K, 0% used [0x000000076cd80000,0x000000076cd80000,0x0000000770c80000)
  from space 10240K, 99% used [0x0000000770c80000,0x000000077167b848,0x0000000771680000)
  to   space 10240K, 0% used [0x0000000771680000,0x0000000771680000,0x0000000772080000)
 ParOldGen       total 171008K, used 5783K [0x00000006c6800000, 0x00000006d0f00000, 0x000000076cd80000)
  object space 171008K, 3% used [0x00000006c6800000,0x00000006c6da5ed0,0x00000006d0f00000)
 Metaspace       used 20014K, capacity 21236K, committed 21296K, reserved 1067008K
  class space    used 2920K, capacity 3155K, committed 3200K, reserved 1048576K
Event: 3.592 GC heap after
Heap after GC invocations=2 (full 1):
 PSYoungGen      total 74752K, used 0K [0x000000076cd80000, 0x0000000772080000, 0x00000007c0000000)
  eden space 64512K, 0% used [0x000000076cd80000,0x000000076cd80000,0x0000000770c80000)
  from space 10240K, 0% used [0x0000000770c80000,0x0000000770c80000,0x0000000771680000)
  to   space 10240K, 0% used [0x0000000771680000,0x0000000771680000,0x0000000772080000)
 ParOldGen       total 140800K, used 15917K [0x00000006c6800000, 0x00000006cf180000, 0x000000076cd80000)
  object space 140800K, 11% used [0x00000006c6800000,0x00000006c778b6d0,0x00000006cf180000)
 Metaspace       used 20014K, capacity 21236K, committed 21296K, reserved 1067008K
  class space    used 2920K, capacity 3155K, committed 3200K, reserved 1048576K
}
Event: 3.963 GC heap before
{Heap before GC invocations=3 (full 1):
 PSYoungGen      total 74752K, used 64512K [0x000000076cd80000, 0x0000000772080000, 0x00000007c0000000)
  eden space 64512K, 100% used [0x000000076cd80000,0x0000000770c80000,0x0000000770c80000)
  from space 10240K, 0% used [0x0000000770c80000,0x0000000770c80000,0x0000000771680000)
  to   space 10240K, 0% used [0x0000000771680000,0x0000000771680000,0x0000000772080000)
 ParOldGen       total 140800K, used 15917K [0x00000006c6800000, 0x00000006cf180000, 0x000000076cd80000)
  object space 140800K, 11% used [0x00000006c6800000,0x00000006c778b6d0,0x00000006cf180000)
 Metaspace       used 21113K, capacity 22480K, committed 22656K, reserved 1069056K
  class space    used 3125K, capacity 3393K, committed 3456K, reserved 1048576K
Event: 3.972 GC heap after
Heap after GC invocations=3 (full 1):
 PSYoungGen      total 74752K, used 384K [0x000000076cd80000, 0x0000000773e00000, 0x00000007c0000000)
  eden space 64512K, 0% used [0x000000076cd80000,0x000000076cd80000,0x0000000770c80000)
  from space 10240K, 3% used [0x0000000771680000,0x00000007716e0000,0x0000000772080000)
  to   space 10240K, 0% used [0x0000000770c80000,0x0000000770c80000,0x0000000771680000)
 ParOldGen       total 140800K, used 15917K [0x00000006c6800000, 0x00000006cf180000, 0x000000076cd80000)
  object space 140800K, 11% used [0x00000006c6800000,0x00000006c778b6d0,0x00000006cf180000)
 Metaspace       used 21113K, capacity 22480K, committed 22656K, reserved 1069056K
  class space    used 3125K, capacity 3393K, committed 3456K, reserved 1048576K
}
Event: 4.095 GC heap before
{Heap before GC invocations=4 (full 1):
 PSYoungGen      total 74752K, used 64896K [0x000000076cd80000, 0x0000000773e00000, 0x00000007c0000000)
  eden space 64512K, 100% used [0x000000076cd80000,0x0000000770c80000,0x0000000770c80000)
  from space 10240K, 3% used [0x0000000771680000,0x00000007716e0000,0x0000000772080000)
  to   space 10240K, 0% used [0x0000000770c80000,0x0000000770c80000,0x0000000771680000)
 ParOldGen       total 140800K, used 15917K [0x00000006c6800000, 0x00000006cf180000, 0x000000076cd80000)
  object space 140800K, 11% used [0x00000006c6800000,0x00000006c778b6d0,0x00000006cf180000)
 Metaspace       used 21173K, capacity 22608K, committed 22912K, reserved 1069056K
  class space    used 3125K, capacity 3393K, committed 3456K, reserved 1048576K
Event: 4.098 GC heap after
Heap after GC invocations=4 (full 1):
 PSYoungGen      total 74752K, used 320K [0x000000076cd80000, 0x0000000774100000, 0x00000007c0000000)
  eden space 64512K, 0% used [0x000000076cd80000,0x000000076cd80000,0x0000000770c80000)
  from space 10240K, 3% used [0x0000000770c80000,0x0000000770cd0000,0x0000000771680000)
  to   space 10240K, 0% used [0x0000000773700000,0x0000000773700000,0x0000000774100000)
 ParOldGen       total 140800K, used 15917K [0x00000006c6800000, 0x00000006cf180000, 0x000000076cd80000)
  object space 140800K, 11% used [0x00000006c6800000,0x00000006c778b6d0,0x00000006cf180000)
 Metaspace       used 21173K, capacity 22608K, committed 22912K, reserved 1069056K
  class space    used 3125K, capacity 3393K, committed 3456K, reserved 1048576K
}
Event: 4.378 GC heap before
{Heap before GC invocations=5 (full 1):
 PSYoungGen      total 74752K, used 64832K [0x000000076cd80000, 0x0000000774100000, 0x00000007c0000000)
  eden space 64512K, 100% used [0x000000076cd80000,0x0000000770c80000,0x0000000770c80000)
  from space 10240K, 3% used [0x0000000770c80000,0x0000000770cd0000,0x0000000771680000)
  to   space 10240K, 0% used [0x0000000773700000,0x0000000773700000,0x0000000774100000)
 ParOldGen       total 140800K, used 15917K [0x00000006c6800000, 0x00000006cf180000, 0x000000076cd80000)
  object space 140800K, 11% used [0x00000006c6800000,0x00000006c778b6d0,0x00000006cf180000)
 Metaspace       used 21226K, capacity 22608K, committed 22912K, reserved 1069056K
  class space    used 3125K, capacity 3393K, committed 3456K, reserved 1048576K
Event: 4.380 GC heap after
Heap after GC invocations=5 (full 1):
 PSYoungGen      total 102912K, used 352K [0x000000076cd80000, 0x0000000773e80000, 0x00000007c0000000)
  eden space 95232K, 0% used [0x000000076cd80000,0x000000076cd80000,0x0000000772a80000)
  from space 7680K, 4% used [0x0000000773700000,0x0000000773758000,0x0000000773e80000)
  to   space 10240K, 0% used [0x0000000772a80000,0x0000000772a80000,0x0000000773480000)
 ParOldGen       total 140800K, used 15925K [0x00000006c6800000, 0x00000006cf180000, 0x000000076cd80000)
  object space 140800K, 11% used [0x00000006c6800000,0x00000006c778d6d0,0x00000006cf180000)
 Metaspace       used 21226K, capacity 22608K, committed 22912K, reserved 1069056K
  class space    used 3125K, capacity 3393K, committed 3456K, reserved 1048576K
}
Event: 4.731 GC heap before
{Heap before GC invocations=6 (full 1):
 PSYoungGen      total 102912K, used 95584K [0x000000076cd80000, 0x0000000773e80000, 0x00000007c0000000)
  eden space 95232K, 100% used [0x000000076cd80000,0x0000000772a80000,0x0000000772a80000)
  from space 7680K, 4% used [0x0000000773700000,0x0000000773758000,0x0000000773e80000)
  to   space 10240K, 0% used [0x0000000772a80000,0x0000000772a80000,0x0000000773480000)
 ParOldGen       total 140800K, used 15925K [0x00000006c6800000, 0x00000006cf180000, 0x000000076cd80000)
  object space 140800K, 11% used [0x00000006c6800000,0x00000006c778d6d0,0x00000006cf180000)
 Metaspace       used 21258K, capacity 22672K, committed 22912K, reserved 1069056K
  class space    used 3125K, capacity 3393K, committed 3456K, reserved 1048576K
Event: 4.734 GC heap after
Heap after GC invocations=6 (full 1):
 PSYoungGen      total 105472K, used 352K [0x000000076cd80000, 0x0000000777380000, 0x00000007c0000000)
  eden space 95232K, 0% used [0x000000076cd80000,0x000000076cd80000,0x0000000772a80000)
  from space 10240K, 3% used [0x0000000772a80000,0x0000000772ad8000,0x0000000773480000)
  to   space 15872K, 0% used [0x0000000776400000,0x0000000776400000,0x0000000777380000)
 ParOldGen       total 140800K, used 15925K [0x00000006c6800000, 0x00000006cf180000, 0x000000076cd80000)
  object space 140800K, 11% used [0x00000006c6800000,0x00000006c778d6d0,0x00000006cf180000)
 Metaspace       used 21258K, capacity 22672K, committed 22912K, reserved 1069056K
  class space    used 3125K, capacity 3393K, committed 3456K, reserved 1048576K
}

