# JRE version: Java(TM) SE Runtime Environment (8.0_144-b01) (build 1.8.0_144-b01)
# Java VM: Java HotSpot(TM) 64-Bit Server VM (25.144-b01 mixed mode linux-amd64 compressed oops)
Heap:
 PSYoungGen      total 129536K, used 39038K [0x000000076d100000, 0x0000000776000000, 0x00000007c0000000)
  eden space 112640K, 33% used [0x000000076d100000,0x000000076f63fa08,0x0000000773f00000)
  from space 16896K, 5% used [0x0000000774f80000,0x0000000775060018,0x0000000776000000)
  to   space 16896K, 0% used [0x0000000773f00000,0x0000000773f00000,0x0000000774f80000)
 ParOldGen       total 126976K, used 15454K [0x00000006c7200000, 0x00000006cee00000, 0x000000076d100000)
  object space 126976K, 12% used [0x00000006c7200000,0x00000006c8117888,0x00000006cee00000)
 Metaspace       used 22115K, capacity 23506K, committed 23552K, reserved 1069056K
  class space    used 3250K, capacity 3538K, committed 3584K, reserved 1048576K
GC Heap History (10 events):
Event: 2.925 GC heap before
{Heap before GC invocations=3 (full 1):
 PSYoungGen      total 74752K, used 10209K [0x000000076d100000, 0x0000000772400000, 0x00000007c0000000)
  eden space 64512K, 0% used [0x000000076d100000,0x000000076d100000,0x0000000771000000)
  from space 10240K, 99% used [0x0000000771a00000,0x00000007723f85b0,0x0000000772400000)
  to   space 10240K, 0% used [0x0000000771000000,0x0000000771000000,0x0000000771a00000)
 ParOldGen       total 171008K, used 5514K [0x00000006c7200000, 0x00000006d1900000, 0x000000076d100000)
  object space 171008K, 3% used [0x00000006c7200000,0x00000006c77628d0,0x00000006d1900000)
 Metaspace       used 19951K, capacity 21112K, committed 21296K, reserved 1067008K
  class space    used 2909K, capacity 3175K, committed 3200K, reserved 1048576K
Event: 2.966 GC heap after
Heap after GC invocations=3 (full 1):
 PSYoungGen      total 74752K, used 0K [0x000000076d100000, 0x0000000772400000, 0x00000007c0000000)
  eden space 64512K, 0% used [0x000000076d100000,0x000000076d100000,0x0000000771000000)
  from space 10240K, 0% used [0x0000000771a00000,0x0000000771a00000,0x0000000772400000)
  to   space 10240K, 0% used [0x0000000771000000,0x0000000771000000,0x0000000771a00000)
 ParOldGen       total 126976K, used 15430K [0x00000006c7200000, 0x00000006cee00000, 0x000000076d100000)
  object space 126976K, 12% used [0x00000006c7200000,0x00000006c8111888,0x00000006cee00000)
 Metaspace       used 19951K, capacity 21112K, committed 21296K, reserved 1067008K
  class space    used 2909K, capacity 3175K, committed 3200K, reserved 1048576K
}
Event: 4.589 GC heap before
{Heap before GC invocations=4 (full 1):
 PSYoungGen      total 74752K, used 64512K [0x000000076d100000, 0x0000000772400000, 0x00000007c0000000)
  eden space 64512K, 100% used [0x000000076d100000,0x0000000771000000,0x0000000771000000)
  from space 10240K, 0% used [0x0000000771a00000,0x0000000771a00000,0x0000000772400000)
  to   space 10240K, 0% used [0x0000000771000000,0x0000000771000000,0x0000000771a00000)
 ParOldGen       total 126976K, used 15430K [0x00000006c7200000, 0x00000006cee00000, 0x000000076d100000)
  object space 126976K, 12% used [0x00000006c7200000,0x00000006c8111888,0x00000006cee00000)
 Metaspace       used 21530K, capacity 22956K, committed 23296K, reserved 1069056K
  class space    used 3175K, capacity 3467K, committed 3584K, reserved 1048576K
Event: 4.596 GC heap after
Heap after GC invocations=4 (full 1):
 PSYoungGen      total 74752K, used 832K [0x000000076d100000, 0x0000000773700000, 0x00000007c0000000)
  eden space 64512K, 0% used [0x000000076d100000,0x000000076d100000,0x0000000771000000)
  from space 10240K, 8% used [0x0000000771000000,0x00000007710d0018,0x0000000771a00000)
  to   space 10240K, 0% used [0x0000000772d00000,0x0000000772d00000,0x0000000773700000)
 ParOldGen       total 126976K, used 15438K [0x00000006c7200000, 0x00000006cee00000, 0x000000076d100000)
  object space 126976K, 12% used [0x00000006c7200000,0x00000006c8113888,0x00000006cee00000)
 Metaspace       used 21530K, capacity 22956K, committed 23296K, reserved 1069056K
  class space    used 3175K, capacity 3467K, committed 3584K, reserved 1048576K
}
Event: 5.039 GC heap before
{Heap before GC invocations=5 (full 1):
 PSYoungGen      total 74752K, used 65344K [0x000000076d100000, 0x0000000773700000, 0x00000007c0000000)
  eden space 64512K, 100% used [0x000000076d100000,0x0000000771000000,0x0000000771000000)
  from space 10240K, 8% used [0x0000000771000000,0x00000007710d0018,0x0000000771a00000)
  to   space 10240K, 0% used [0x0000000772d00000,0x0000000772d00000,0x0000000773700000)
 ParOldGen       total 126976K, used 15438K [0x00000006c7200000, 0x00000006cee00000, 0x000000076d100000)
  object space 126976K, 12% used [0x00000006c7200000,0x00000006c8113888,0x00000006cee00000)
 Metaspace       used 21640K, capacity 23026K, committed 23296K, reserved 1069056K
  class space    used 3177K, capacity 3468K, committed 3584K, reserved 1048576K
Event: 5.042 GC heap after
Heap after GC invocations=5 (full 1):
 PSYoungGen      total 94208K, used 832K [0x000000076d100000, 0x0000000773700000, 0x00000007c0000000)
  eden space 83968K, 0% used [0x000000076d100000,0x000000076d100000,0x0000000772300000)
  from space 10240K, 8% used [0x0000000772d00000,0x0000000772dd0018,0x0000000773700000)
  to   space 10240K, 0% used [0x0000000772300000,0x0000000772300000,0x0000000772d00000)
 ParOldGen       total 126976K, used 15446K [0x00000006c7200000, 0x00000006cee00000, 0x000000076d100000)
  object space 126976K, 12% used [0x00000006c7200000,0x00000006c8115888,0x00000006cee00000)
 Metaspace       used 21640K, capacity 23026K, committed 23296K, reserved 1069056K
  class space    used 3177K, capacity 3468K, committed 3584K, reserved 1048576K
}
Event: 5.357 GC heap before
{Heap before GC invocations=6 (full 1):
 PSYoungGen      total 94208K, used 84800K [0x000000076d100000, 0x0000000773700000, 0x00000007c0000000)
  eden space 83968K, 100% used [0x000000076d100000,0x0000000772300000,0x0000000772300000)
  from space 10240K, 8% used [0x0000000772d00000,0x0000000772dd0018,0x0000000773700000)
  to   space 10240K, 0% used [0x0000000772300000,0x0000000772300000,0x0000000772d00000)
 ParOldGen       total 126976K, used 15446K [0x00000006c7200000, 0x00000006cee00000, 0x000000076d100000)
  object space 126976K, 12% used [0x00000006c7200000,0x00000006c8115888,0x00000006cee00000)
 Metaspace       used 21659K, capacity 23090K, committed 23296K, reserved 1069056K
  class space    used 3177K, capacity 3468K, committed 3584K, reserved 1048576K
Event: 5.360 GC heap after
Heap after GC invocations=6 (full 1):
 PSYoungGen      total 94208K, used 832K [0x000000076d100000, 0x0000000776100000, 0x00000007c0000000)
  eden space 83968K, 0% used [0x000000076d100000,0x000000076d100000,0x0000000772300000)
  from space 10240K, 8% used [0x0000000772300000,0x00000007723d0018,0x0000000772d00000)
  to   space 17920K, 0% used [0x0000000774f80000,0x0000000774f80000,0x0000000776100000)
 ParOldGen       total 126976K, used 15454K [0x00000006c7200000, 0x00000006cee00000, 0x000000076d100000)
  object space 126976K, 12% used [0x00000006c7200000,0x00000006c8117888,0x00000006cee00000)
 Metaspace       used 21659K, capacity 23090K, committed 23296K, reserved 1069056K
  class space    used 3177K, capacity 3468K, committed 3584K, reserved 1048576K
}
Event: 6.091 GC heap before
{Heap before GC invocations=7 (full 1):
 PSYoungGen      total 94208K, used 84800K [0x000000076d100000, 0x0000000776100000, 0x00000007c0000000)
  eden space 83968K, 100% used [0x000000076d100000,0x0000000772300000,0x0000000772300000)
  from space 10240K, 8% used [0x0000000772300000,0x00000007723d0018,0x0000000772d00000)
  to   space 17920K, 0% used [0x0000000774f80000,0x0000000774f80000,0x0000000776100000)
 ParOldGen       total 126976K, used 15454K [0x00000006c7200000, 0x00000006cee00000, 0x000000076d100000)
  object space 126976K, 12% used [0x00000006c7200000,0x00000006c8117888,0x00000006cee00000)
 Metaspace       used 21764K, capacity 23224K, committed 23552K, reserved 1069056K
  class space    used 3177K, capacity 3469K, committed 3584K, reserved 1048576K
Event: 6.097 GC heap after
Heap after GC invocations=7 (full 1):
 PSYoungGen      total 129536K, used 896K [0x000000076d100000, 0x0000000776000000, 0x00000007c0000000)
  eden space 112640K, 0% used [0x000000076d100000,0x000000076d100000,0x0000000773f00000)
  from space 16896K, 5% used [0x0000000774f80000,0x0000000775060018,0x0000000776000000)
  to   space 16896K, 0% used [0x0000000773f00000,0x0000000773f00000,0x0000000774f80000)
 ParOldGen       total 126976K, used 15454K [0x00000006c7200000, 0x00000006cee00000, 0x000000076d100000)
  object space 126976K, 12% used [0x00000006c7200000,0x00000006c8117888,0x00000006cee00000)
 Metaspace       used 21764K, capacity 23224K, committed 23552K, reserved 1069056K
  class space    used 3177K, capacity 3469K, committed 3584K, reserved 1048576K
}

