# JRE version: Java(TM) SE Runtime Environment (8.0_144-b01) (build 1.8.0_144-b01)
# Java VM: Java HotSpot(TM) 64-Bit Server VM (25.144-b01 mixed mode linux-amd64 compressed oops)
Heap:
 PSYoungGen      total 135680K, used 78904K [0x000000076d100000, 0x0000000778700000, 0x00000007c0000000)
  eden space 120320K, 64% used [0x000000076d100000,0x0000000771cae208,0x0000000774680000)
  from space 15360K, 9% used [0x0000000774680000,0x00000007747e0018,0x0000000775580000)
  to   space 14848K, 0% used [0x0000000777880000,0x0000000777880000,0x0000000778700000)
 ParOldGen       total 132096K, used 15713K [0x00000006c7200000, 0x00000006cf300000, 0x000000076d100000)
  object space 132096K, 11% used [0x00000006c7200000,0x00000006c8158530,0x00000006cf300000)
 Metaspace       used 22535K, capacity 24019K, committed 24064K, reserved 1069056K
  class space    used 3263K, capacity 3575K, committed 3584K, reserved 1048576K
GC Heap History (10 events):
Event: 4.673 GC heap before
{Heap before GC invocations=6 (full 1):
 PSYoungGen      total 90112K, used 80704K [0x000000076d100000, 0x0000000773380000, 0x00000007c0000000)
  eden space 79872K, 100% used [0x000000076d100000,0x0000000771f00000,0x0000000771f00000)
  from space 10240K, 8% used [0x0000000772900000,0x00000007729d0018,0x0000000773300000)
  to   space 10240K, 0% used [0x0000000771f00000,0x0000000771f00000,0x0000000772900000)
 ParOldGen       total 132096K, used 15681K [0x00000006c7200000, 0x00000006cf300000, 0x000000076d100000)
  object space 132096K, 11% used [0x00000006c7200000,0x00000006c8150530,0x00000006cf300000)
 Metaspace       used 21710K, capacity 23149K, committed 23296K, reserved 1069056K
  class space    used 3176K, capacity 3468K, committed 3584K, reserved 1048576K
Event: 4.676 GC heap after
Heap after GC invocations=6 (full 1):
 PSYoungGen      total 90112K, used 832K [0x000000076d100000, 0x0000000775800000, 0x00000007c0000000)
  eden space 79872K, 0% used [0x000000076d100000,0x000000076d100000,0x0000000771f00000)
  from space 10240K, 8% used [0x0000000771f00000,0x0000000771fd0018,0x0000000772900000)
  to   space 17920K, 0% used [0x0000000774680000,0x0000000774680000,0x0000000775800000)
 ParOldGen       total 132096K, used 15689K [0x00000006c7200000, 0x00000006cf300000, 0x000000076d100000)
  object space 132096K, 11% used [0x00000006c7200000,0x00000006c8152530,0x00000006cf300000)
 Metaspace       used 21710K, capacity 23149K, committed 23296K, reserved 1069056K
  class space    used 3176K, capacity 3468K, committed 3584K, reserved 1048576K
}
Event: 9.997 GC heap before
{Heap before GC invocations=7 (full 1):
 PSYoungGen      total 90112K, used 80704K [0x000000076d100000, 0x0000000775800000, 0x00000007c0000000)
  eden space 79872K, 100% used [0x000000076d100000,0x0000000771f00000,0x0000000771f00000)
  from space 10240K, 8% used [0x0000000771f00000,0x0000000771fd0018,0x0000000772900000)
  to   space 17920K, 0% used [0x0000000774680000,0x0000000774680000,0x0000000775800000)
 ParOldGen       total 132096K, used 15689K [0x00000006c7200000, 0x00000006cf300000, 0x000000076d100000)
  object space 132096K, 11% used [0x00000006c7200000,0x00000006c8152530,0x00000006cf300000)
 Metaspace       used 22295K, capacity 23761K, committed 23808K, reserved 1069056K
  class space    used 3250K, capacity 3538K, committed 3584K, reserved 1048576K
Event: 10.000 GC heap after
Heap after GC invocations=7 (full 1):
 PSYoungGen      total 110080K, used 1376K [0x000000076d100000, 0x0000000775200000, 0x00000007c0000000)
  eden space 98304K, 0% used [0x000000076d100000,0x000000076d100000,0x0000000773100000)
  from space 11776K, 11% used [0x0000000774680000,0x00000007747d8018,0x0000000775200000)
  to   space 16896K, 0% used [0x0000000773100000,0x0000000773100000,0x0000000774180000)
 ParOldGen       total 132096K, used 15697K [0x00000006c7200000, 0x00000006cf300000, 0x000000076d100000)
  object space 132096K, 11% used [0x00000006c7200000,0x00000006c8154530,0x00000006cf300000)
 Metaspace       used 22295K, capacity 23761K, committed 23808K, reserved 1069056K
  class space    used 3250K, capacity 3538K, committed 3584K, reserved 1048576K
}
Event: 11.409 GC heap before
{Heap before GC invocations=8 (full 1):
 PSYoungGen      total 110080K, used 99680K [0x000000076d100000, 0x0000000775200000, 0x00000007c0000000)
  eden space 98304K, 100% used [0x000000076d100000,0x0000000773100000,0x0000000773100000)
  from space 11776K, 11% used [0x0000000774680000,0x00000007747d8018,0x0000000775200000)
  to   space 16896K, 0% used [0x0000000773100000,0x0000000773100000,0x0000000774180000)
 ParOldGen       total 132096K, used 15697K [0x00000006c7200000, 0x00000006cf300000, 0x000000076d100000)
  object space 132096K, 11% used [0x00000006c7200000,0x00000006c8154530,0x00000006cf300000)
 Metaspace       used 22433K, capacity 23869K, committed 24064K, reserved 1069056K
  class space    used 3261K, capacity 3572K, committed 3584K, reserved 1048576K
Event: 11.414 GC heap after
Heap after GC invocations=8 (full 1):
 PSYoungGen      total 115200K, used 1376K [0x000000076d100000, 0x0000000776500000, 0x00000007c0000000)
  eden space 98304K, 0% used [0x000000076d100000,0x000000076d100000,0x0000000773100000)
  from space 16896K, 8% used [0x0000000773100000,0x0000000773258018,0x0000000774180000)
  to   space 15872K, 0% used [0x0000000775580000,0x0000000775580000,0x0000000776500000)
 ParOldGen       total 132096K, used 15705K [0x00000006c7200000, 0x00000006cf300000, 0x000000076d100000)
  object space 132096K, 11% used [0x00000006c7200000,0x00000006c8156530,0x00000006cf300000)
 Metaspace       used 22433K, capacity 23869K, committed 24064K, reserved 1069056K
  class space    used 3261K, capacity 3572K, committed 3584K, reserved 1048576K
}
Event: 11.563 GC heap before
{Heap before GC invocations=9 (full 1):
 PSYoungGen      total 115200K, used 99680K [0x000000076d100000, 0x0000000776500000, 0x00000007c0000000)
  eden space 98304K, 100% used [0x000000076d100000,0x0000000773100000,0x0000000773100000)
  from space 16896K, 8% used [0x0000000773100000,0x0000000773258018,0x0000000774180000)
  to   space 15872K, 0% used [0x0000000775580000,0x0000000775580000,0x0000000776500000)
 ParOldGen       total 132096K, used 15705K [0x00000006c7200000, 0x00000006cf300000, 0x000000076d100000)
  object space 132096K, 11% used [0x00000006c7200000,0x00000006c8156530,0x00000006cf300000)
 Metaspace       used 22460K, capacity 23933K, committed 24064K, reserved 1069056K
  class space    used 3261K, capacity 3572K, committed 3584K, reserved 1048576K
Event: 11.566 GC heap after
Heap after GC invocations=9 (full 1):
 PSYoungGen      total 136192K, used 1440K [0x000000076d100000, 0x0000000777000000, 0x00000007c0000000)
  eden space 120320K, 0% used [0x000000076d100000,0x000000076d100000,0x0000000774680000)
  from space 15872K, 9% used [0x0000000775580000,0x00000007756e8018,0x0000000776500000)
  to   space 15360K, 0% used [0x0000000774680000,0x0000000774680000,0x0000000775580000)
 ParOldGen       total 132096K, used 15705K [0x00000006c7200000, 0x00000006cf300000, 0x000000076d100000)
  object space 132096K, 11% used [0x00000006c7200000,0x00000006c8156530,0x00000006cf300000)
 Metaspace       used 22460K, capacity 23933K, committed 24064K, reserved 1069056K
  class space    used 3261K, capacity 3572K, committed 3584K, reserved 1048576K
}
Event: 11.871 GC heap before
{Heap before GC invocations=10 (full 1):
 PSYoungGen      total 136192K, used 121760K [0x000000076d100000, 0x0000000777000000, 0x00000007c0000000)
  eden space 120320K, 100% used [0x000000076d100000,0x0000000774680000,0x0000000774680000)
  from space 15872K, 9% used [0x0000000775580000,0x00000007756e8018,0x0000000776500000)
  to   space 15360K, 0% used [0x0000000774680000,0x0000000774680000,0x0000000775580000)
 ParOldGen       total 132096K, used 15705K [0x00000006c7200000, 0x00000006cf300000, 0x000000076d100000)
  object space 132096K, 11% used [0x00000006c7200000,0x00000006c8156530,0x00000006cf300000)
 Metaspace       used 22475K, capacity 23937K, committed 24064K, reserved 1069056K
  class space    used 3261K, capacity 3572K, committed 3584K, reserved 1048576K
Event: 11.885 GC heap after
Heap after GC invocations=10 (full 1):
 PSYoungGen      total 135680K, used 1408K [0x000000076d100000, 0x0000000778700000, 0x00000007c0000000)
  eden space 120320K, 0% used [0x000000076d100000,0x000000076d100000,0x0000000774680000)
  from space 15360K, 9% used [0x0000000774680000,0x00000007747e0018,0x0000000775580000)
  to   space 14848K, 0% used [0x0000000777880000,0x0000000777880000,0x0000000778700000)
 ParOldGen       total 132096K, used 15713K [0x00000006c7200000, 0x00000006cf300000, 0x000000076d100000)
  object space 132096K, 11% used [0x00000006c7200000,0x00000006c8158530,0x00000006cf300000)
 Metaspace       used 22475K, capacity 23937K, committed 24064K, reserved 1069056K
  class space    used 3261K, capacity 3572K, committed 3584K, reserved 1048576K
}

