# JRE version: Java(TM) SE Runtime Environment (8.0_144-b01) (build 1.8.0_144-b01)
# Java VM: Java HotSpot(TM) 64-Bit Server VM (25.144-b01 mixed mode linux-amd64 compressed oops)
Heap:
 PSYoungGen      total 74752K, used 60657K [0x000000076cd80000, 0x0000000772a00000, 0x00000007c0000000)
  eden space 64512K, 89% used [0x000000076cd80000,0x00000007705fdc88,0x0000000770c80000)
  from space 10240K, 27% used [0x0000000771680000,0x000000077193e988,0x0000000772080000)
  to   space 10240K, 0% used [0x0000000770c80000,0x0000000770c80000,0x0000000771680000)
 ParOldGen       total 138240K, used 15571K [0x00000006c6800000, 0x00000006cef00000, 0x000000076cd80000)
  object space 138240K, 11% used [0x00000006c6800000,0x00000006c7734c50,0x00000006cef00000)
 Metaspace       used 23106K, capacity 24830K, committed 25088K, reserved 1071104K
  class space    used 3401K, capacity 3756K, committed 3840K, reserved 1048576K
GC Heap History (6 events):
Event: 2.465 GC heap before
{Heap before GC invocations=1 (full 0):
 PSYoungGen      total 74752K, used 62663K [0x000000076cd80000, 0x0000000772080000, 0x00000007c0000000)
  eden space 64512K, 97% used [0x000000076cd80000,0x0000000770ab1db8,0x0000000770c80000)
  from space 10240K, 0% used [0x0000000771680000,0x0000000771680000,0x0000000772080000)
  to   space 10240K, 0% used [0x0000000770c80000,0x0000000770c80000,0x0000000771680000)
 ParOldGen       total 171008K, used 0K [0x00000006c6800000, 0x00000006d0f00000, 0x000000076cd80000)
  object space 171008K, 0% used [0x00000006c6800000,0x00000006c6800000,0x00000006d0f00000)
 Metaspace       used 19965K, capacity 21196K, committed 21296K, reserved 1067008K
  class space    used 2985K, capacity 3267K, committed 3328K, reserved 1048576K
Event: 2.473 GC heap after
Heap after GC invocations=1 (full 0):
 PSYoungGen      total 74752K, used 10230K [0x000000076cd80000, 0x0000000772080000, 0x00000007c0000000)
  eden space 64512K, 0% used [0x000000076cd80000,0x000000076cd80000,0x0000000770c80000)
  from space 10240K, 99% used [0x0000000770c80000,0x000000077167d848,0x0000000771680000)
  to   space 10240K, 0% used [0x0000000771680000,0x0000000771680000,0x0000000772080000)
 ParOldGen       total 171008K, used 5462K [0x00000006c6800000, 0x00000006d0f00000, 0x000000076cd80000)
  object space 171008K, 3% used [0x00000006c6800000,0x00000006c6d55818,0x00000006d0f00000)
 Metaspace       used 19965K, capacity 21196K, committed 21296K, reserved 1067008K
  class space    used 2985K, capacity 3267K, committed 3328K, reserved 1048576K
}
Event: 2.473 GC heap before
{Heap before GC invocations=2 (full 1):
 PSYoungGen      total 74752K, used 10230K [0x000000076cd80000, 0x0000000772080000, 0x00000007c0000000)
  eden space 64512K, 0% used [0x000000076cd80000,0x000000076cd80000,0x0000000770c80000)
  from space 10240K, 99% used [0x0000000770c80000,0x000000077167d848,0x0000000771680000)
  to   space 10240K, 0% used [0x0000000771680000,0x0000000771680000,0x0000000772080000)
 ParOldGen       total 171008K, used 5462K [0x00000006c6800000, 0x00000006d0f00000, 0x000000076cd80000)
  object space 171008K, 3% used [0x00000006c6800000,0x00000006c6d55818,0x00000006d0f00000)
 Metaspace       used 19965K, capacity 21196K, committed 21296K, reserved 1067008K
  class space    used 2985K, capacity 3267K, committed 3328K, reserved 1048576K
Event: 2.503 GC heap after
Heap after GC invocations=2 (full 1):
 PSYoungGen      total 74752K, used 0K [0x000000076cd80000, 0x0000000772080000, 0x00000007c0000000)
  eden space 64512K, 0% used [0x000000076cd80000,0x000000076cd80000,0x0000000770c80000)
  from space 10240K, 0% used [0x0000000770c80000,0x0000000770c80000,0x0000000771680000)
  to   space 10240K, 0% used [0x0000000771680000,0x0000000771680000,0x0000000772080000)
 ParOldGen       total 138240K, used 15563K [0x00000006c6800000, 0x00000006cef00000, 0x000000076cd80000)
  object space 138240K, 11% used [0x00000006c6800000,0x00000006c7732c50,0x00000006cef00000)
 Metaspace       used 19965K, capacity 21196K, committed 21296K, reserved 1067008K
  class space    used 2985K, capacity 3267K, committed 3328K, reserved 1048576K
}
Event: 8.249 GC heap before
{Heap before GC invocations=3 (full 1):
 PSYoungGen      total 74752K, used 64512K [0x000000076cd80000, 0x0000000772080000, 0x00000007c0000000)
  eden space 64512K, 100% used [0x000000076cd80000,0x0000000770c80000,0x0000000770c80000)
  from space 10240K, 0% used [0x0000000770c80000,0x0000000770c80000,0x0000000771680000)
  to   space 10240K, 0% used [0x0000000771680000,0x0000000771680000,0x0000000772080000)
 ParOldGen       total 138240K, used 15563K [0x00000006c6800000, 0x00000006cef00000, 0x000000076cd80000)
  object space 138240K, 11% used [0x00000006c6800000,0x00000006c7732c50,0x00000006cef00000)
 Metaspace       used 22756K, capacity 24428K, committed 24704K, reserved 1071104K
  class space    used 3328K, capacity 3625K, committed 3712K, reserved 1048576K
Event: 8.256 GC heap after
Heap after GC invocations=3 (full 1):
 PSYoungGen      total 74752K, used 2810K [0x000000076cd80000, 0x0000000772a00000, 0x00000007c0000000)
  eden space 64512K, 0% used [0x000000076cd80000,0x000000076cd80000,0x0000000770c80000)
  from space 10240K, 27% used [0x0000000771680000,0x000000077193e988,0x0000000772080000)
  to   space 10240K, 0% used [0x0000000770c80000,0x0000000770c80000,0x0000000771680000)
 ParOldGen       total 138240K, used 15571K [0x00000006c6800000, 0x00000006cef00000, 0x000000076cd80000)
  object space 138240K, 11% used [0x00000006c6800000,0x00000006c7734c50,0x00000006cef00000)
 Metaspace       used 22756K, capacity 24428K, committed 24704K, reserved 1071104K
  class space    used 3328K, capacity 3625K, committed 3712K, reserved 1048576K
}

