# JRE version: Java(TM) SE Runtime Environment (8.0_144-b01) (build 1.8.0_144-b01)
# Java VM: Java HotSpot(TM) 64-Bit Server VM (25.144-b01 mixed mode linux-amd64 compressed oops)
Heap:
 PSYoungGen      total 121344K, used 98755K [0x000000076d100000, 0x0000000777300000, 0x00000007c0000000)
  eden space 104448K, 93% used [0x000000076d100000,0x00000007730a0df8,0x0000000773700000)
  from space 16896K, 4% used [0x0000000773700000,0x00000007737d0018,0x0000000774780000)
  to   space 16384K, 0% used [0x0000000776300000,0x0000000776300000,0x0000000777300000)
 ParOldGen       total 125952K, used 15715K [0x00000006c7200000, 0x00000006ced00000, 0x000000076d100000)
  object space 125952K, 12% used [0x00000006c7200000,0x00000006c8158f80,0x00000006ced00000)
 Metaspace       used 22319K, capacity 23741K, committed 23808K, reserved 1069056K
  class space    used 3248K, capacity 3528K, committed 3584K, reserved 1048576K
GC Heap History (10 events):
Event: 4.425 GC heap before
{Heap before GC invocations=4 (full 1):
 PSYoungGen      total 74752K, used 64512K [0x000000076d100000, 0x0000000772400000, 0x00000007c0000000)
  eden space 64512K, 100% used [0x000000076d100000,0x0000000771000000,0x0000000771000000)
  from space 10240K, 0% used [0x0000000771a00000,0x0000000771a00000,0x0000000772400000)
  to   space 10240K, 0% used [0x0000000771000000,0x0000000771000000,0x0000000771a00000)
 ParOldGen       total 125952K, used 15675K [0x00000006c7200000, 0x00000006ced00000, 0x000000076d100000)
  object space 125952K, 12% used [0x00000006c7200000,0x00000006c814ef80,0x00000006ced00000)
 Metaspace       used 21594K, capacity 22987K, committed 23296K, reserved 1069056K
  class space    used 3172K, capacity 3457K, committed 3584K, reserved 1048576K
Event: 4.430 GC heap after
Heap after GC invocations=4 (full 1):
 PSYoungGen      total 74752K, used 800K [0x000000076d100000, 0x0000000773780000, 0x00000007c0000000)
  eden space 64512K, 0% used [0x000000076d100000,0x000000076d100000,0x0000000771000000)
  from space 10240K, 7% used [0x0000000771000000,0x00000007710c8018,0x0000000771a00000)
  to   space 10240K, 0% used [0x0000000772d80000,0x0000000772d80000,0x0000000773780000)
 ParOldGen       total 125952K, used 15683K [0x00000006c7200000, 0x00000006ced00000, 0x000000076d100000)
  object space 125952K, 12% used [0x00000006c7200000,0x00000006c8150f80,0x00000006ced00000)
 Metaspace       used 21594K, capacity 22987K, committed 23296K, reserved 1069056K
  class space    used 3172K, capacity 3457K, committed 3584K, reserved 1048576K
}
Event: 6.441 GC heap before
{Heap before GC invocations=5 (full 1):
 PSYoungGen      total 74752K, used 65312K [0x000000076d100000, 0x0000000773780000, 0x00000007c0000000)
  eden space 64512K, 100% used [0x000000076d100000,0x0000000771000000,0x0000000771000000)
  from space 10240K, 7% used [0x0000000771000000,0x00000007710c8018,0x0000000771a00000)
  to   space 10240K, 0% used [0x0000000772d80000,0x0000000772d80000,0x0000000773780000)
 ParOldGen       total 125952K, used 15683K [0x00000006c7200000, 0x00000006ced00000, 0x000000076d100000)
  object space 125952K, 12% used [0x00000006c7200000,0x00000006c8150f80,0x00000006ced00000)
 Metaspace       used 21790K, capacity 23191K, committed 23552K, reserved 1069056K
  class space    used 3175K, capacity 3459K, committed 3584K, reserved 1048576K
Event: 6.444 GC heap after
Heap after GC invocations=5 (full 1):
 PSYoungGen      total 88576K, used 832K [0x000000076d100000, 0x0000000773480000, 0x00000007c0000000)
  eden space 81408K, 0% used [0x000000076d100000,0x000000076d100000,0x0000000772080000)
  from space 7168K, 11% used [0x0000000772d80000,0x0000000772e50018,0x0000000773480000)
  to   space 10240K, 0% used [0x0000000772080000,0x0000000772080000,0x0000000772a80000)
 ParOldGen       total 125952K, used 15691K [0x00000006c7200000, 0x00000006ced00000, 0x000000076d100000)
  object space 125952K, 12% used [0x00000006c7200000,0x00000006c8152f80,0x00000006ced00000)
 Metaspace       used 21790K, capacity 23191K, committed 23552K, reserved 1069056K
  class space    used 3175K, capacity 3459K, committed 3584K, reserved 1048576K
}
Event: 7.368 GC heap before
{Heap before GC invocations=6 (full 1):
 PSYoungGen      total 88576K, used 82240K [0x000000076d100000, 0x0000000773480000, 0x00000007c0000000)
  eden space 81408K, 100% used [0x000000076d100000,0x0000000772080000,0x0000000772080000)
  from space 7168K, 11% used [0x0000000772d80000,0x0000000772e50018,0x0000000773480000)
  to   space 10240K, 0% used [0x0000000772080000,0x0000000772080000,0x0000000772a80000)
 ParOldGen       total 125952K, used 15691K [0x00000006c7200000, 0x00000006ced00000, 0x000000076d100000)
  object space 125952K, 12% used [0x00000006c7200000,0x00000006c8152f80,0x00000006ced00000)
 Metaspace       used 21832K, capacity 23255K, committed 23552K, reserved 1069056K
  class space    used 3175K, capacity 3459K, committed 3584K, reserved 1048576K
Event: 7.374 GC heap after
Heap after GC invocations=6 (full 1):
 PSYoungGen      total 91648K, used 832K [0x000000076d100000, 0x0000000775980000, 0x00000007c0000000)
  eden space 81408K, 0% used [0x000000076d100000,0x000000076d100000,0x0000000772080000)
  from space 10240K, 8% used [0x0000000772080000,0x0000000772150018,0x0000000772a80000)
  to   space 17920K, 0% used [0x0000000774800000,0x0000000774800000,0x0000000775980000)
 ParOldGen       total 125952K, used 15699K [0x00000006c7200000, 0x00000006ced00000, 0x000000076d100000)
  object space 125952K, 12% used [0x00000006c7200000,0x00000006c8154f80,0x00000006ced00000)
 Metaspace       used 21832K, capacity 23255K, committed 23552K, reserved 1069056K
  class space    used 3175K, capacity 3459K, committed 3584K, reserved 1048576K
}
Event: 8.321 GC heap before
{Heap before GC invocations=7 (full 1):
 PSYoungGen      total 91648K, used 82240K [0x000000076d100000, 0x0000000775980000, 0x00000007c0000000)
  eden space 81408K, 100% used [0x000000076d100000,0x0000000772080000,0x0000000772080000)
  from space 10240K, 8% used [0x0000000772080000,0x0000000772150018,0x0000000772a80000)
  to   space 17920K, 0% used [0x0000000774800000,0x0000000774800000,0x0000000775980000)
 ParOldGen       total 125952K, used 15699K [0x00000006c7200000, 0x00000006ced00000, 0x000000076d100000)
  object space 125952K, 12% used [0x00000006c7200000,0x00000006c8154f80,0x00000006ced00000)
 Metaspace       used 21896K, capacity 23263K, committed 23552K, reserved 1069056K
  class space    used 3175K, capacity 3459K, committed 3584K, reserved 1048576K
Event: 8.327 GC heap after
Heap after GC invocations=7 (full 1):
 PSYoungGen      total 120832K, used 832K [0x000000076d100000, 0x0000000775800000, 0x00000007c0000000)
  eden space 104448K, 0% used [0x000000076d100000,0x000000076d100000,0x0000000773700000)
  from space 16384K, 5% used [0x0000000774800000,0x00000007748d0018,0x0000000775800000)
  to   space 16896K, 0% used [0x0000000773700000,0x0000000773700000,0x0000000774780000)
 ParOldGen       total 125952K, used 15707K [0x00000006c7200000, 0x00000006ced00000, 0x000000076d100000)
  object space 125952K, 12% used [0x00000006c7200000,0x00000006c8156f80,0x00000006ced00000)
 Metaspace       used 21896K, capacity 23263K, committed 23552K, reserved 1069056K
  class space    used 3175K, capacity 3459K, committed 3584K, reserved 1048576K
}
Event: 9.644 GC heap before
{Heap before GC invocations=8 (full 1):
 PSYoungGen      total 120832K, used 105280K [0x000000076d100000, 0x0000000775800000, 0x00000007c0000000)
  eden space 104448K, 100% used [0x000000076d100000,0x0000000773700000,0x0000000773700000)
  from space 16384K, 5% used [0x0000000774800000,0x00000007748d0018,0x0000000775800000)
  to   space 16896K, 0% used [0x0000000773700000,0x0000000773700000,0x0000000774780000)
 ParOldGen       total 125952K, used 15707K [0x00000006c7200000, 0x00000006ced00000, 0x000000076d100000)
  object space 125952K, 12% used [0x00000006c7200000,0x00000006c8156f80,0x00000006ced00000)
 Metaspace       used 21947K, capacity 23331K, committed 23552K, reserved 1069056K
  class space    used 3175K, capacity 3459K, committed 3584K, reserved 1048576K
Event: 9.650 GC heap after
Heap after GC invocations=8 (full 1):
 PSYoungGen      total 121344K, used 832K [0x000000076d100000, 0x0000000777300000, 0x00000007c0000000)
  eden space 104448K, 0% used [0x000000076d100000,0x000000076d100000,0x0000000773700000)
  from space 16896K, 4% used [0x0000000773700000,0x00000007737d0018,0x0000000774780000)
  to   space 16384K, 0% used [0x0000000776300000,0x0000000776300000,0x0000000777300000)
 ParOldGen       total 125952K, used 15715K [0x00000006c7200000, 0x00000006ced00000, 0x000000076d100000)
  object space 125952K, 12% used [0x00000006c7200000,0x00000006c8158f80,0x00000006ced00000)
 Metaspace       used 21947K, capacity 23331K, committed 23552K, reserved 1069056K
  class space    used 3175K, capacity 3459K, committed 3584K, reserved 1048576K
}

