# JRE version: Java(TM) SE Runtime Environment (8.0_144-b01) (build 1.8.0_144-b01)
# Java VM: Java HotSpot(TM) 64-Bit Server VM (25.144-b01 mixed mode linux-amd64 compressed oops)
Heap:
 PSYoungGen      total 133632K, used 97527K [0x000000076d100000, 0x0000000776280000, 0x00000007c0000000)
  eden space 118272K, 81% used [0x000000076d100000,0x0000000772f6df80,0x0000000774480000)
  from space 15360K, 5% used [0x0000000775380000,0x0000000775450018,0x0000000776280000)
  to   space 15360K, 0% used [0x0000000774480000,0x0000000774480000,0x0000000775380000)
 ParOldGen       total 131072K, used 15507K [0x00000006c7200000, 0x00000006cf200000, 0x000000076d100000)
  object space 131072K, 11% used [0x00000006c7200000,0x00000006c8124de8,0x00000006cf200000)
 Metaspace       used 22387K, capacity 23811K, committed 24064K, reserved 1069056K
  class space    used 3249K, capacity 3529K, committed 3584K, reserved 1048576K
GC Heap History (10 events):
Event: 5.531 GC heap before
{Heap before GC invocations=5 (full 1):
 PSYoungGen      total 74752K, used 65312K [0x000000076d100000, 0x0000000773480000, 0x00000007c0000000)
  eden space 64512K, 100% used [0x000000076d100000,0x0000000771000000,0x0000000771000000)
  from space 10240K, 7% used [0x0000000771000000,0x00000007710c8018,0x0000000771a00000)
  to   space 10240K, 0% used [0x0000000772a80000,0x0000000772a80000,0x0000000773480000)
 ParOldGen       total 131072K, used 15467K [0x00000006c7200000, 0x00000006cf200000, 0x000000076d100000)
  object space 131072K, 11% used [0x00000006c7200000,0x00000006c811ade8,0x00000006cf200000)
 Metaspace       used 21767K, capacity 23191K, committed 23552K, reserved 1069056K
  class space    used 3175K, capacity 3459K, committed 3584K, reserved 1048576K
Event: 5.533 GC heap after
Heap after GC invocations=5 (full 1):
 PSYoungGen      total 88576K, used 800K [0x000000076d100000, 0x0000000773300000, 0x00000007c0000000)
  eden space 79872K, 0% used [0x000000076d100000,0x000000076d100000,0x0000000771f00000)
  from space 8704K, 9% used [0x0000000772a80000,0x0000000772b48018,0x0000000773300000)
  to   space 10240K, 0% used [0x0000000771f00000,0x0000000771f00000,0x0000000772900000)
 ParOldGen       total 131072K, used 15475K [0x00000006c7200000, 0x00000006cf200000, 0x000000076d100000)
  object space 131072K, 11% used [0x00000006c7200000,0x00000006c811cde8,0x00000006cf200000)
 Metaspace       used 21767K, capacity 23191K, committed 23552K, reserved 1069056K
  class space    used 3175K, capacity 3459K, committed 3584K, reserved 1048576K
}
Event: 7.346 GC heap before
{Heap before GC invocations=6 (full 1):
 PSYoungGen      total 88576K, used 80672K [0x000000076d100000, 0x0000000773300000, 0x00000007c0000000)
  eden space 79872K, 100% used [0x000000076d100000,0x0000000771f00000,0x0000000771f00000)
  from space 8704K, 9% used [0x0000000772a80000,0x0000000772b48018,0x0000000773300000)
  to   space 10240K, 0% used [0x0000000771f00000,0x0000000771f00000,0x0000000772900000)
 ParOldGen       total 131072K, used 15475K [0x00000006c7200000, 0x00000006cf200000, 0x000000076d100000)
  object space 131072K, 11% used [0x00000006c7200000,0x00000006c811cde8,0x00000006cf200000)
 Metaspace       used 21869K, capacity 23255K, committed 23552K, reserved 1069056K
  class space    used 3175K, capacity 3459K, committed 3584K, reserved 1048576K
Event: 7.349 GC heap after
Heap after GC invocations=6 (full 1):
 PSYoungGen      total 90112K, used 864K [0x000000076d100000, 0x0000000775200000, 0x00000007c0000000)
  eden space 79872K, 0% used [0x000000076d100000,0x000000076d100000,0x0000000771f00000)
  from space 10240K, 8% used [0x0000000771f00000,0x0000000771fd8018,0x0000000772900000)
  to   space 17920K, 0% used [0x0000000774080000,0x0000000774080000,0x0000000775200000)
 ParOldGen       total 131072K, used 15483K [0x00000006c7200000, 0x00000006cf200000, 0x000000076d100000)
  object space 131072K, 11% used [0x00000006c7200000,0x00000006c811ede8,0x00000006cf200000)
 Metaspace       used 21869K, capacity 23255K, committed 23552K, reserved 1069056K
  class space    used 3175K, capacity 3459K, committed 3584K, reserved 1048576K
}
Event: 8.269 GC heap before
{Heap before GC invocations=7 (full 1):
 PSYoungGen      total 90112K, used 80736K [0x000000076d100000, 0x0000000775200000, 0x00000007c0000000)
  eden space 79872K, 100% used [0x000000076d100000,0x0000000771f00000,0x0000000771f00000)
  from space 10240K, 8% used [0x0000000771f00000,0x0000000771fd8018,0x0000000772900000)
  to   space 17920K, 0% used [0x0000000774080000,0x0000000774080000,0x0000000775200000)
 ParOldGen       total 131072K, used 15483K [0x00000006c7200000, 0x00000006cf200000, 0x000000076d100000)
  object space 131072K, 11% used [0x00000006c7200000,0x00000006c811ede8,0x00000006cf200000)
 Metaspace       used 21920K, capacity 23329K, committed 23552K, reserved 1069056K
  class space    used 3176K, capacity 3460K, committed 3584K, reserved 1048576K
Event: 8.273 GC heap after
Heap after GC invocations=7 (full 1):
 PSYoungGen      total 114176K, used 864K [0x000000076d100000, 0x0000000775100000, 0x00000007c0000000)
  eden space 97280K, 0% used [0x000000076d100000,0x000000076d100000,0x0000000773000000)
  from space 16896K, 5% used [0x0000000774080000,0x0000000774158018,0x0000000775100000)
  to   space 16896K, 0% used [0x0000000773000000,0x0000000773000000,0x0000000774080000)
 ParOldGen       total 131072K, used 15491K [0x00000006c7200000, 0x00000006cf200000, 0x000000076d100000)
  object space 131072K, 11% used [0x00000006c7200000,0x00000006c8120de8,0x00000006cf200000)
 Metaspace       used 21920K, capacity 23329K, committed 23552K, reserved 1069056K
  class space    used 3176K, capacity 3460K, committed 3584K, reserved 1048576K
}
Event: 9.551 GC heap before
{Heap before GC invocations=8 (full 1):
 PSYoungGen      total 114176K, used 98144K [0x000000076d100000, 0x0000000775100000, 0x00000007c0000000)
  eden space 97280K, 100% used [0x000000076d100000,0x0000000773000000,0x0000000773000000)
  from space 16896K, 5% used [0x0000000774080000,0x0000000774158018,0x0000000775100000)
  to   space 16896K, 0% used [0x0000000773000000,0x0000000773000000,0x0000000774080000)
 ParOldGen       total 131072K, used 15491K [0x00000006c7200000, 0x00000006cf200000, 0x000000076d100000)
  object space 131072K, 11% used [0x00000006c7200000,0x00000006c8120de8,0x00000006cf200000)
 Metaspace       used 21955K, capacity 23329K, committed 23552K, reserved 1069056K
  class space    used 3176K, capacity 3460K, committed 3584K, reserved 1048576K
Event: 9.555 GC heap after
Heap after GC invocations=8 (full 1):
 PSYoungGen      total 114176K, used 864K [0x000000076d100000, 0x0000000776380000, 0x00000007c0000000)
  eden space 97280K, 0% used [0x000000076d100000,0x000000076d100000,0x0000000773000000)
  from space 16896K, 5% used [0x0000000773000000,0x00000007730d8018,0x0000000774080000)
  to   space 16384K, 0% used [0x0000000775380000,0x0000000775380000,0x0000000776380000)
 ParOldGen       total 131072K, used 15499K [0x00000006c7200000, 0x00000006cf200000, 0x000000076d100000)
  object space 131072K, 11% used [0x00000006c7200000,0x00000006c8122de8,0x00000006cf200000)
 Metaspace       used 21955K, capacity 23329K, committed 23552K, reserved 1069056K
  class space    used 3176K, capacity 3460K, committed 3584K, reserved 1048576K
}
Event: 10.894 GC heap before
{Heap before GC invocations=9 (full 1):
 PSYoungGen      total 114176K, used 98144K [0x000000076d100000, 0x0000000776380000, 0x00000007c0000000)
  eden space 97280K, 100% used [0x000000076d100000,0x0000000773000000,0x0000000773000000)
  from space 16896K, 5% used [0x0000000773000000,0x00000007730d8018,0x0000000774080000)
  to   space 16384K, 0% used [0x0000000775380000,0x0000000775380000,0x0000000776380000)
 ParOldGen       total 131072K, used 15499K [0x00000006c7200000, 0x00000006cf200000, 0x000000076d100000)
  object space 131072K, 11% used [0x00000006c7200000,0x00000006c8122de8,0x00000006cf200000)
 Metaspace       used 21983K, capacity 23401K, committed 23552K, reserved 1069056K
  class space    used 3176K, capacity 3460K, committed 3584K, reserved 1048576K
Event: 10.900 GC heap after
Heap after GC invocations=9 (full 1):
 PSYoungGen      total 133632K, used 832K [0x000000076d100000, 0x0000000776280000, 0x00000007c0000000)
  eden space 118272K, 0% used [0x000000076d100000,0x000000076d100000,0x0000000774480000)
  from space 15360K, 5% used [0x0000000775380000,0x0000000775450018,0x0000000776280000)
  to   space 15360K, 0% used [0x0000000774480000,0x0000000774480000,0x0000000775380000)
 ParOldGen       total 131072K, used 15507K [0x00000006c7200000, 0x00000006cf200000, 0x000000076d100000)
  object space 131072K, 11% used [0x00000006c7200000,0x00000006c8124de8,0x00000006cf200000)
 Metaspace       used 21983K, capacity 23401K, committed 23552K, reserved 1069056K
  class space    used 3176K, capacity 3460K, committed 3584K, reserved 1048576K
}

