# JRE version: Java(TM) SE Runtime Environment (8.0_144-b01) (build 1.8.0_144-b01)
# Java VM: Java HotSpot(TM) 64-Bit Server VM (25.144-b01 mixed mode linux-amd64 compressed oops)
Heap:
 PSYoungGen      total 131072K, used 36476K [0x000000076d100000, 0x0000000776480000, 0x00000007c0000000)
  eden space 117248K, 30% used [0x000000076d100000,0x000000076f3c72e8,0x0000000774380000)
  from space 13824K, 6% used [0x0000000775700000,0x00000007757d8018,0x0000000776480000)
  to   space 16896K, 0% used [0x0000000774380000,0x0000000774380000,0x0000000775400000)
 ParOldGen       total 129536K, used 15458K [0x00000006c7200000, 0x00000006cf080000, 0x000000076d100000)
  object space 129536K, 11% used [0x00000006c7200000,0x00000006c8118bb0,0x00000006cf080000)
 Metaspace       used 22142K, capacity 23564K, committed 23808K, reserved 1069056K
  class space    used 3250K, capacity 3537K, committed 3584K, reserved 1048576K
GC Heap History (10 events):
Event: 3.197 GC heap before
{Heap before GC invocations=3 (full 1):
 PSYoungGen      total 74752K, used 10222K [0x000000076d100000, 0x0000000772400000, 0x00000007c0000000)
  eden space 64512K, 0% used [0x000000076d100000,0x000000076d100000,0x0000000771000000)
  from space 10240K, 99% used [0x0000000771a00000,0x00000007723fb848,0x0000000772400000)
  to   space 10240K, 0% used [0x0000000771000000,0x0000000771000000,0x0000000771a00000)
 ParOldGen       total 171008K, used 5491K [0x00000006c7200000, 0x00000006d1900000, 0x000000076d100000)
  object space 171008K, 3% used [0x00000006c7200000,0x00000006c775cf08,0x00000006d1900000)
 Metaspace       used 19990K, capacity 21172K, committed 21296K, reserved 1067008K
  class space    used 2909K, capacity 3175K, committed 3200K, reserved 1048576K
Event: 3.234 GC heap after
Heap after GC invocations=3 (full 1):
 PSYoungGen      total 74752K, used 0K [0x000000076d100000, 0x0000000772400000, 0x00000007c0000000)
  eden space 64512K, 0% used [0x000000076d100000,0x000000076d100000,0x0000000771000000)
  from space 10240K, 0% used [0x0000000771a00000,0x0000000771a00000,0x0000000772400000)
  to   space 10240K, 0% used [0x0000000771000000,0x0000000771000000,0x0000000771a00000)
 ParOldGen       total 129536K, used 15434K [0x00000006c7200000, 0x00000006cf080000, 0x000000076d100000)
  object space 129536K, 11% used [0x00000006c7200000,0x00000006c8112bb0,0x00000006cf080000)
 Metaspace       used 19990K, capacity 21172K, committed 21296K, reserved 1067008K
  class space    used 2909K, capacity 3175K, committed 3200K, reserved 1048576K
}
Event: 4.737 GC heap before
{Heap before GC invocations=4 (full 1):
 PSYoungGen      total 74752K, used 64512K [0x000000076d100000, 0x0000000772400000, 0x00000007c0000000)
  eden space 64512K, 100% used [0x000000076d100000,0x0000000771000000,0x0000000771000000)
  from space 10240K, 0% used [0x0000000771a00000,0x0000000771a00000,0x0000000772400000)
  to   space 10240K, 0% used [0x0000000771000000,0x0000000771000000,0x0000000771a00000)
 ParOldGen       total 129536K, used 15434K [0x00000006c7200000, 0x00000006cf080000, 0x000000076d100000)
  object space 129536K, 11% used [0x00000006c7200000,0x00000006c8112bb0,0x00000006cf080000)
 Metaspace       used 21622K, capacity 23014K, committed 23296K, reserved 1069056K
  class space    used 3174K, capacity 3466K, committed 3584K, reserved 1048576K
Event: 4.744 GC heap after
Heap after GC invocations=4 (full 1):
 PSYoungGen      total 74752K, used 832K [0x000000076d100000, 0x0000000773600000, 0x00000007c0000000)
  eden space 64512K, 0% used [0x000000076d100000,0x000000076d100000,0x0000000771000000)
  from space 10240K, 8% used [0x0000000771000000,0x00000007710d0018,0x0000000771a00000)
  to   space 10240K, 0% used [0x0000000772c00000,0x0000000772c00000,0x0000000773600000)
 ParOldGen       total 129536K, used 15442K [0x00000006c7200000, 0x00000006cf080000, 0x000000076d100000)
  object space 129536K, 11% used [0x00000006c7200000,0x00000006c8114bb0,0x00000006cf080000)
 Metaspace       used 21622K, capacity 23014K, committed 23296K, reserved 1069056K
  class space    used 3174K, capacity 3466K, committed 3584K, reserved 1048576K
}
Event: 5.547 GC heap before
{Heap before GC invocations=5 (full 1):
 PSYoungGen      total 74752K, used 65344K [0x000000076d100000, 0x0000000773600000, 0x00000007c0000000)
  eden space 64512K, 100% used [0x000000076d100000,0x0000000771000000,0x0000000771000000)
  from space 10240K, 8% used [0x0000000771000000,0x00000007710d0018,0x0000000771a00000)
  to   space 10240K, 0% used [0x0000000772c00000,0x0000000772c00000,0x0000000773600000)
 ParOldGen       total 129536K, used 15442K [0x00000006c7200000, 0x00000006cf080000, 0x000000076d100000)
  object space 129536K, 11% used [0x00000006c7200000,0x00000006c8114bb0,0x00000006cf080000)
 Metaspace       used 21728K, capacity 23148K, committed 23296K, reserved 1069056K
  class space    used 3176K, capacity 3467K, committed 3584K, reserved 1048576K
Event: 5.553 GC heap after
Heap after GC invocations=5 (full 1):
 PSYoungGen      total 93184K, used 832K [0x000000076d100000, 0x0000000773800000, 0x00000007c0000000)
  eden space 82944K, 0% used [0x000000076d100000,0x000000076d100000,0x0000000772200000)
  from space 10240K, 8% used [0x0000000772c00000,0x0000000772cd0018,0x0000000773600000)
  to   space 10240K, 0% used [0x0000000772200000,0x0000000772200000,0x0000000772c00000)
 ParOldGen       total 129536K, used 15450K [0x00000006c7200000, 0x00000006cf080000, 0x000000076d100000)
  object space 129536K, 11% used [0x00000006c7200000,0x00000006c8116bb0,0x00000006cf080000)
 Metaspace       used 21728K, capacity 23148K, committed 23296K, reserved 1069056K
  class space    used 3176K, capacity 3467K, committed 3584K, reserved 1048576K
}
Event: 5.885 GC heap before
{Heap before GC invocations=6 (full 1):
 PSYoungGen      total 93184K, used 83776K [0x000000076d100000, 0x0000000773800000, 0x00000007c0000000)
  eden space 82944K, 100% used [0x000000076d100000,0x0000000772200000,0x0000000772200000)
  from space 10240K, 8% used [0x0000000772c00000,0x0000000772cd0018,0x0000000773600000)
  to   space 10240K, 0% used [0x0000000772200000,0x0000000772200000,0x0000000772c00000)
 ParOldGen       total 129536K, used 15450K [0x00000006c7200000, 0x00000006cf080000, 0x000000076d100000)
  object space 129536K, 11% used [0x00000006c7200000,0x00000006c8116bb0,0x00000006cf080000)
 Metaspace       used 21759K, capacity 23212K, committed 23552K, reserved 1069056K
  class space    used 3176K, capacity 3467K, committed 3584K, reserved 1048576K
Event: 5.892 GC heap after
Heap after GC invocations=6 (full 1):
 PSYoungGen      total 93184K, used 832K [0x000000076d100000, 0x0000000776880000, 0x00000007c0000000)
  eden space 82944K, 0% used [0x000000076d100000,0x000000076d100000,0x0000000772200000)
  from space 10240K, 8% used [0x0000000772200000,0x00000007722d0018,0x0000000772c00000)
  to   space 17920K, 0% used [0x0000000775700000,0x0000000775700000,0x0000000776880000)
 ParOldGen       total 129536K, used 15450K [0x00000006c7200000, 0x00000006cf080000, 0x000000076d100000)
  object space 129536K, 11% used [0x00000006c7200000,0x00000006c8116bb0,0x00000006cf080000)
 Metaspace       used 21759K, capacity 23212K, committed 23552K, reserved 1069056K
  class space    used 3176K, capacity 3467K, committed 3584K, reserved 1048576K
}
Event: 6.178 GC heap before
{Heap before GC invocations=7 (full 1):
 PSYoungGen      total 93184K, used 83776K [0x000000076d100000, 0x0000000776880000, 0x00000007c0000000)
  eden space 82944K, 100% used [0x000000076d100000,0x0000000772200000,0x0000000772200000)
  from space 10240K, 8% used [0x0000000772200000,0x00000007722d0018,0x0000000772c00000)
  to   space 17920K, 0% used [0x0000000775700000,0x0000000775700000,0x0000000776880000)
 ParOldGen       total 129536K, used 15450K [0x00000006c7200000, 0x00000006cf080000, 0x000000076d100000)
  object space 129536K, 11% used [0x00000006c7200000,0x00000006c8116bb0,0x00000006cf080000)
 Metaspace       used 21778K, capacity 23212K, committed 23552K, reserved 1069056K
  class space    used 3176K, capacity 3467K, committed 3584K, reserved 1048576K
Event: 6.179 GC heap after
Heap after GC invocations=7 (full 1):
 PSYoungGen      total 131072K, used 864K [0x000000076d100000, 0x0000000776480000, 0x00000007c0000000)
  eden space 117248K, 0% used [0x000000076d100000,0x000000076d100000,0x0000000774380000)
  from space 13824K, 6% used [0x0000000775700000,0x00000007757d8018,0x0000000776480000)
  to   space 16896K, 0% used [0x0000000774380000,0x0000000774380000,0x0000000775400000)
 ParOldGen       total 129536K, used 15458K [0x00000006c7200000, 0x00000006cf080000, 0x000000076d100000)
  object space 129536K, 11% used [0x00000006c7200000,0x00000006c8118bb0,0x00000006cf080000)
 Metaspace       used 21778K, capacity 23212K, committed 23552K, reserved 1069056K
  class space    used 3176K, capacity 3467K, committed 3584K, reserved 1048576K
}

