# JRE version: Java(TM) SE Runtime Environment (8.0_144-b01) (build 1.8.0_144-b01)
# Java VM: Java HotSpot(TM) 64-Bit Server VM (25.144-b01 mixed mode linux-amd64 compressed oops)
Heap:
 PSYoungGen      total 139264K, used 81259K [0x000000076d100000, 0x0000000777b00000, 0x00000007c0000000)
  eden space 123904K, 64% used [0x000000076d100000,0x0000000771f82e10,0x0000000774a00000)
  from space 15360K, 5% used [0x0000000774a00000,0x0000000774ad8018,0x0000000775900000)
  to   space 14848K, 0% used [0x0000000776c80000,0x0000000776c80000,0x0000000777b00000)
 ParOldGen       total 128000K, used 15501K [0x00000006c7200000, 0x00000006cef00000, 0x000000076d100000)
  object space 128000K, 12% used [0x00000006c7200000,0x00000006c81235d0,0x00000006cef00000)
 Metaspace       used 22371K, capacity 23843K, committed 24064K, reserved 1069056K
  class space    used 3257K, capacity 3561K, committed 3584K, reserved 1048576K
GC Heap History (10 events):
Event: 7.223 GC heap before
{Heap before GC invocations=6 (full 1):
 PSYoungGen      total 88064K, used 80672K [0x000000076d100000, 0x0000000773300000, 0x00000007c0000000)
  eden space 79872K, 100% used [0x000000076d100000,0x0000000771f00000,0x0000000771f00000)
  from space 8192K, 9% used [0x0000000772b00000,0x0000000772bc8018,0x0000000773300000)
  to   space 10240K, 0% used [0x0000000771f00000,0x0000000771f00000,0x0000000772900000)
 ParOldGen       total 128000K, used 15461K [0x00000006c7200000, 0x00000006cef00000, 0x000000076d100000)
  object space 128000K, 12% used [0x00000006c7200000,0x00000006c81195d0,0x00000006cef00000)
 Metaspace       used 21901K, capacity 23301K, committed 23552K, reserved 1069056K
  class space    used 3185K, capacity 3492K, committed 3584K, reserved 1048576K
Event: 7.229 GC heap after
Heap after GC invocations=6 (full 1):
 PSYoungGen      total 90112K, used 800K [0x000000076d100000, 0x0000000775400000, 0x00000007c0000000)
  eden space 79872K, 0% used [0x000000076d100000,0x000000076d100000,0x0000000771f00000)
  from space 10240K, 7% used [0x0000000771f00000,0x0000000771fc8018,0x0000000772900000)
  to   space 17920K, 0% used [0x0000000774280000,0x0000000774280000,0x0000000775400000)
 ParOldGen       total 128000K, used 15469K [0x00000006c7200000, 0x00000006cef00000, 0x000000076d100000)
  object space 128000K, 12% used [0x00000006c7200000,0x00000006c811b5d0,0x00000006cef00000)
 Metaspace       used 21901K, capacity 23301K, committed 23552K, reserved 1069056K
  class space    used 3185K, capacity 3492K, committed 3584K, reserved 1048576K
}
Event: 8.065 GC heap before
{Heap before GC invocations=7 (full 1):
 PSYoungGen      total 90112K, used 80672K [0x000000076d100000, 0x0000000775400000, 0x00000007c0000000)
  eden space 79872K, 100% used [0x000000076d100000,0x0000000771f00000,0x0000000771f00000)
  from space 10240K, 7% used [0x0000000771f00000,0x0000000771fc8018,0x0000000772900000)
  to   space 17920K, 0% used [0x0000000774280000,0x0000000774280000,0x0000000775400000)
 ParOldGen       total 128000K, used 15469K [0x00000006c7200000, 0x00000006cef00000, 0x000000076d100000)
  object space 128000K, 12% used [0x00000006c7200000,0x00000006c811b5d0,0x00000006cef00000)
 Metaspace       used 21947K, capacity 23365K, committed 23552K, reserved 1069056K
  class space    used 3185K, capacity 3492K, committed 3584K, reserved 1048576K
Event: 8.068 GC heap after
Heap after GC invocations=7 (full 1):
 PSYoungGen      total 113152K, used 832K [0x000000076d100000, 0x0000000775180000, 0x00000007c0000000)
  eden space 97792K, 0% used [0x000000076d100000,0x000000076d100000,0x0000000773080000)
  from space 15360K, 5% used [0x0000000774280000,0x0000000774350018,0x0000000775180000)
  to   space 16896K, 0% used [0x0000000773080000,0x0000000773080000,0x0000000774100000)
 ParOldGen       total 128000K, used 15477K [0x00000006c7200000, 0x00000006cef00000, 0x000000076d100000)
  object space 128000K, 12% used [0x00000006c7200000,0x00000006c811d5d0,0x00000006cef00000)
 Metaspace       used 21947K, capacity 23365K, committed 23552K, reserved 1069056K
  class space    used 3185K, capacity 3492K, committed 3584K, reserved 1048576K
}
Event: 8.285 GC heap before
{Heap before GC invocations=8 (full 1):
 PSYoungGen      total 113152K, used 98624K [0x000000076d100000, 0x0000000775180000, 0x00000007c0000000)
  eden space 97792K, 100% used [0x000000076d100000,0x0000000773080000,0x0000000773080000)
  from space 15360K, 5% used [0x0000000774280000,0x0000000774350018,0x0000000775180000)
  to   space 16896K, 0% used [0x0000000773080000,0x0000000773080000,0x0000000774100000)
 ParOldGen       total 128000K, used 15477K [0x00000006c7200000, 0x00000006cef00000, 0x000000076d100000)
  object space 128000K, 12% used [0x00000006c7200000,0x00000006c811d5d0,0x00000006cef00000)
 Metaspace       used 21965K, capacity 23365K, committed 23552K, reserved 1069056K
  class space    used 3185K, capacity 3492K, committed 3584K, reserved 1048576K
Event: 8.288 GC heap after
Heap after GC invocations=8 (full 1):
 PSYoungGen      total 114688K, used 864K [0x000000076d100000, 0x0000000776d00000, 0x00000007c0000000)
  eden space 97792K, 0% used [0x000000076d100000,0x000000076d100000,0x0000000773080000)
  from space 16896K, 5% used [0x0000000773080000,0x0000000773158018,0x0000000774100000)
  to   space 16384K, 0% used [0x0000000775d00000,0x0000000775d00000,0x0000000776d00000)
 ParOldGen       total 128000K, used 15485K [0x00000006c7200000, 0x00000006cef00000, 0x000000076d100000)
  object space 128000K, 12% used [0x00000006c7200000,0x00000006c811f5d0,0x00000006cef00000)
 Metaspace       used 21965K, capacity 23365K, committed 23552K, reserved 1069056K
  class space    used 3185K, capacity 3492K, committed 3584K, reserved 1048576K
}
Event: 10.002 GC heap before
{Heap before GC invocations=9 (full 1):
 PSYoungGen      total 114688K, used 98656K [0x000000076d100000, 0x0000000776d00000, 0x00000007c0000000)
  eden space 97792K, 100% used [0x000000076d100000,0x0000000773080000,0x0000000773080000)
  from space 16896K, 5% used [0x0000000773080000,0x0000000773158018,0x0000000774100000)
  to   space 16384K, 0% used [0x0000000775d00000,0x0000000775d00000,0x0000000776d00000)
 ParOldGen       total 128000K, used 15485K [0x00000006c7200000, 0x00000006cef00000, 0x000000076d100000)
  object space 128000K, 12% used [0x00000006c7200000,0x00000006c811f5d0,0x00000006cef00000)
 Metaspace       used 21995K, capacity 23369K, committed 23552K, reserved 1069056K
  class space    used 3185K, capacity 3492K, committed 3584K, reserved 1048576K
Event: 10.008 GC heap after
Heap after GC invocations=9 (full 1):
 PSYoungGen      total 135168K, used 768K [0x000000076d100000, 0x0000000776800000, 0x00000007c0000000)
  eden space 123904K, 0% used [0x000000076d100000,0x000000076d100000,0x0000000774a00000)
  from space 11264K, 6% used [0x0000000775d00000,0x0000000775dc0018,0x0000000776800000)
  to   space 15360K, 0% used [0x0000000774a00000,0x0000000774a00000,0x0000000775900000)
 ParOldGen       total 128000K, used 15493K [0x00000006c7200000, 0x00000006cef00000, 0x000000076d100000)
  object space 128000K, 12% used [0x00000006c7200000,0x00000006c81215d0,0x00000006cef00000)
 Metaspace       used 21995K, capacity 23369K, committed 23552K, reserved 1069056K
  class space    used 3185K, capacity 3492K, committed 3584K, reserved 1048576K
}
Event: 10.948 GC heap before
{Heap before GC invocations=10 (full 1):
 PSYoungGen      total 135168K, used 124672K [0x000000076d100000, 0x0000000776800000, 0x00000007c0000000)
  eden space 123904K, 100% used [0x000000076d100000,0x0000000774a00000,0x0000000774a00000)
  from space 11264K, 6% used [0x0000000775d00000,0x0000000775dc0018,0x0000000776800000)
  to   space 15360K, 0% used [0x0000000774a00000,0x0000000774a00000,0x0000000775900000)
 ParOldGen       total 128000K, used 15493K [0x00000006c7200000, 0x00000006cef00000, 0x000000076d100000)
  object space 128000K, 12% used [0x00000006c7200000,0x00000006c81215d0,0x00000006cef00000)
 Metaspace       used 22027K, capacity 23433K, committed 23552K, reserved 1069056K
  class space    used 3185K, capacity 3492K, committed 3584K, reserved 1048576K
Event: 10.955 GC heap after
Heap after GC invocations=10 (full 1):
 PSYoungGen      total 139264K, used 864K [0x000000076d100000, 0x0000000777b00000, 0x00000007c0000000)
  eden space 123904K, 0% used [0x000000076d100000,0x000000076d100000,0x0000000774a00000)
  from space 15360K, 5% used [0x0000000774a00000,0x0000000774ad8018,0x0000000775900000)
  to   space 14848K, 0% used [0x0000000776c80000,0x0000000776c80000,0x0000000777b00000)
 ParOldGen       total 128000K, used 15501K [0x00000006c7200000, 0x00000006cef00000, 0x000000076d100000)
  object space 128000K, 12% used [0x00000006c7200000,0x00000006c81235d0,0x00000006cef00000)
 Metaspace       used 22027K, capacity 23433K, committed 23552K, reserved 1069056K
  class space    used 3185K, capacity 3492K, committed 3584K, reserved 1048576K
}

