# JRE version: Java(TM) SE Runtime Environment (8.0_144-b01) (build 1.8.0_144-b01)
# Java VM: Java HotSpot(TM) 64-Bit Server VM (25.144-b01 mixed mode linux-amd64 compressed oops)
Heap:
 PSYoungGen      total 132608K, used 22537K [0x000000076d100000, 0x0000000776380000, 0x00000007c0000000)
  eden space 119296K, 18% used [0x000000076d100000,0x000000076e62a738,0x0000000774580000)
  from space 13312K, 6% used [0x0000000775680000,0x0000000775758018,0x0000000776380000)
  to   space 15360K, 0% used [0x0000000774580000,0x0000000774580000,0x0000000775480000)
 ParOldGen       total 130048K, used 15474K [0x00000006c7200000, 0x00000006cf100000, 0x000000076d100000)
  object space 130048K, 11% used [0x00000006c7200000,0x00000006c811c8a0,0x00000006cf100000)
 Metaspace       used 22334K, capacity 23806K, committed 24064K, reserved 1069056K
  class space    used 3262K, capacity 3570K, committed 3584K, reserved 1048576K
GC Heap History (10 events):
Event: 6.145 GC heap before
{Heap before GC invocations=5 (full 1):
 PSYoungGen      total 74752K, used 65344K [0x000000076d100000, 0x0000000773200000, 0x00000007c0000000)
  eden space 64512K, 100% used [0x000000076d100000,0x0000000771000000,0x0000000771000000)
  from space 10240K, 8% used [0x0000000771000000,0x00000007710d0018,0x0000000771a00000)
  to   space 10240K, 0% used [0x0000000772800000,0x0000000772800000,0x0000000773200000)
 ParOldGen       total 130048K, used 15442K [0x00000006c7200000, 0x00000006cf100000, 0x000000076d100000)
  object space 130048K, 11% used [0x00000006c7200000,0x00000006c81148a0,0x00000006cf100000)
 Metaspace       used 21885K, capacity 23320K, committed 23552K, reserved 1069056K
  class space    used 3187K, capacity 3501K, committed 3584K, reserved 1048576K
Event: 6.150 GC heap after
Heap after GC invocations=5 (full 1):
 PSYoungGen      total 87040K, used 864K [0x000000076d100000, 0x0000000773100000, 0x00000007c0000000)
  eden space 77824K, 0% used [0x000000076d100000,0x000000076d100000,0x0000000771d00000)
  from space 9216K, 9% used [0x0000000772800000,0x00000007728d8018,0x0000000773100000)
  to   space 10240K, 0% used [0x0000000771d00000,0x0000000771d00000,0x0000000772700000)
 ParOldGen       total 130048K, used 15450K [0x00000006c7200000, 0x00000006cf100000, 0x000000076d100000)
  object space 130048K, 11% used [0x00000006c7200000,0x00000006c81168a0,0x00000006cf100000)
 Metaspace       used 21885K, capacity 23320K, committed 23552K, reserved 1069056K
  class space    used 3187K, capacity 3501K, committed 3584K, reserved 1048576K
}
Event: 7.525 GC heap before
{Heap before GC invocations=6 (full 1):
 PSYoungGen      total 87040K, used 78688K [0x000000076d100000, 0x0000000773100000, 0x00000007c0000000)
  eden space 77824K, 100% used [0x000000076d100000,0x0000000771d00000,0x0000000771d00000)
  from space 9216K, 9% used [0x0000000772800000,0x00000007728d8018,0x0000000773100000)
  to   space 10240K, 0% used [0x0000000771d00000,0x0000000771d00000,0x0000000772700000)
 ParOldGen       total 130048K, used 15450K [0x00000006c7200000, 0x00000006cf100000, 0x000000076d100000)
  object space 130048K, 11% used [0x00000006c7200000,0x00000006c81168a0,0x00000006cf100000)
 Metaspace       used 21945K, capacity 23384K, committed 23552K, reserved 1069056K
  class space    used 3188K, capacity 3501K, committed 3584K, reserved 1048576K
Event: 7.529 GC heap after
Heap after GC invocations=6 (full 1):
 PSYoungGen      total 88064K, used 832K [0x000000076d100000, 0x0000000774f00000, 0x00000007c0000000)
  eden space 77824K, 0% used [0x000000076d100000,0x000000076d100000,0x0000000771d00000)
  from space 10240K, 8% used [0x0000000771d00000,0x0000000771dd0018,0x0000000772700000)
  to   space 17920K, 0% used [0x0000000773d80000,0x0000000773d80000,0x0000000774f00000)
 ParOldGen       total 130048K, used 15458K [0x00000006c7200000, 0x00000006cf100000, 0x000000076d100000)
  object space 130048K, 11% used [0x00000006c7200000,0x00000006c81188a0,0x00000006cf100000)
 Metaspace       used 21945K, capacity 23384K, committed 23552K, reserved 1069056K
  class space    used 3188K, capacity 3501K, committed 3584K, reserved 1048576K
}
Event: 7.953 GC heap before
{Heap before GC invocations=7 (full 1):
 PSYoungGen      total 88064K, used 78656K [0x000000076d100000, 0x0000000774f00000, 0x00000007c0000000)
  eden space 77824K, 100% used [0x000000076d100000,0x0000000771d00000,0x0000000771d00000)
  from space 10240K, 8% used [0x0000000771d00000,0x0000000771dd0018,0x0000000772700000)
  to   space 17920K, 0% used [0x0000000773d80000,0x0000000773d80000,0x0000000774f00000)
 ParOldGen       total 130048K, used 15458K [0x00000006c7200000, 0x00000006cf100000, 0x000000076d100000)
  object space 130048K, 11% used [0x00000006c7200000,0x00000006c81188a0,0x00000006cf100000)
 Metaspace       used 21981K, capacity 23392K, committed 23552K, reserved 1069056K
  class space    used 3188K, capacity 3501K, committed 3584K, reserved 1048576K
Event: 7.956 GC heap after
Heap after GC invocations=7 (full 1):
 PSYoungGen      total 112128K, used 864K [0x000000076d100000, 0x0000000775000000, 0x00000007c0000000)
  eden space 94208K, 0% used [0x000000076d100000,0x000000076d100000,0x0000000772d00000)
  from space 17920K, 4% used [0x0000000773d80000,0x0000000773e58018,0x0000000774f00000)
  to   space 16896K, 0% used [0x0000000772d00000,0x0000000772d00000,0x0000000773d80000)
 ParOldGen       total 130048K, used 15466K [0x00000006c7200000, 0x00000006cf100000, 0x000000076d100000)
  object space 130048K, 11% used [0x00000006c7200000,0x00000006c811a8a0,0x00000006cf100000)
 Metaspace       used 21981K, capacity 23392K, committed 23552K, reserved 1069056K
  class space    used 3188K, capacity 3501K, committed 3584K, reserved 1048576K
}
Event: 8.375 GC heap before
{Heap before GC invocations=8 (full 1):
 PSYoungGen      total 112128K, used 95072K [0x000000076d100000, 0x0000000775000000, 0x00000007c0000000)
  eden space 94208K, 100% used [0x000000076d100000,0x0000000772d00000,0x0000000772d00000)
  from space 17920K, 4% used [0x0000000773d80000,0x0000000773e58018,0x0000000774f00000)
  to   space 16896K, 0% used [0x0000000772d00000,0x0000000772d00000,0x0000000773d80000)
 ParOldGen       total 130048K, used 15466K [0x00000006c7200000, 0x00000006cf100000, 0x000000076d100000)
  object space 130048K, 11% used [0x00000006c7200000,0x00000006c811a8a0,0x00000006cf100000)
 Metaspace       used 22005K, capacity 23460K, committed 23552K, reserved 1069056K
  class space    used 3188K, capacity 3501K, committed 3584K, reserved 1048576K
Event: 8.379 GC heap after
Heap after GC invocations=8 (full 1):
 PSYoungGen      total 111104K, used 800K [0x000000076d100000, 0x0000000776680000, 0x00000007c0000000)
  eden space 94208K, 0% used [0x000000076d100000,0x000000076d100000,0x0000000772d00000)
  from space 16896K, 4% used [0x0000000772d00000,0x0000000772dc8018,0x0000000773d80000)
  to   space 16384K, 0% used [0x0000000775680000,0x0000000775680000,0x0000000776680000)
 ParOldGen       total 130048K, used 15466K [0x00000006c7200000, 0x00000006cf100000, 0x000000076d100000)
  object space 130048K, 11% used [0x00000006c7200000,0x00000006c811a8a0,0x00000006cf100000)
 Metaspace       used 22005K, capacity 23460K, committed 23552K, reserved 1069056K
  class space    used 3188K, capacity 3501K, committed 3584K, reserved 1048576K
}
Event: 8.719 GC heap before
{Heap before GC invocations=9 (full 1):
 PSYoungGen      total 111104K, used 95008K [0x000000076d100000, 0x0000000776680000, 0x00000007c0000000)
  eden space 94208K, 100% used [0x000000076d100000,0x0000000772d00000,0x0000000772d00000)
  from space 16896K, 4% used [0x0000000772d00000,0x0000000772dc8018,0x0000000773d80000)
  to   space 16384K, 0% used [0x0000000775680000,0x0000000775680000,0x0000000776680000)
 ParOldGen       total 130048K, used 15466K [0x00000006c7200000, 0x00000006cf100000, 0x000000076d100000)
  object space 130048K, 11% used [0x00000006c7200000,0x00000006c811a8a0,0x00000006cf100000)
 Metaspace       used 22010K, capacity 23460K, committed 23552K, reserved 1069056K
  class space    used 3188K, capacity 3501K, committed 3584K, reserved 1048576K
Event: 8.721 GC heap after
Heap after GC invocations=9 (full 1):
 PSYoungGen      total 132608K, used 864K [0x000000076d100000, 0x0000000776380000, 0x00000007c0000000)
  eden space 119296K, 0% used [0x000000076d100000,0x000000076d100000,0x0000000774580000)
  from space 13312K, 6% used [0x0000000775680000,0x0000000775758018,0x0000000776380000)
  to   space 15360K, 0% used [0x0000000774580000,0x0000000774580000,0x0000000775480000)
 ParOldGen       total 130048K, used 15474K [0x00000006c7200000, 0x00000006cf100000, 0x000000076d100000)
  object space 130048K, 11% used [0x00000006c7200000,0x00000006c811c8a0,0x00000006cf100000)
 Metaspace       used 22010K, capacity 23460K, committed 23552K, reserved 1069056K
  class space    used 3188K, capacity 3501K, committed 3584K, reserved 1048576K
}

