# JRE version: Java(TM) SE Runtime Environment (8.0_144-b01) (build 1.8.0_144-b01)
# Java VM: Java HotSpot(TM) 64-Bit Server VM (25.144-b01 mixed mode linux-amd64 compressed oops)
Heap:
 PSYoungGen      total 115200K, used 18862K [0x000000076d100000, 0x0000000776980000, 0x00000007c0000000)
  eden space 98304K, 18% used [0x000000076d100000,0x000000076e29ba00,0x0000000773100000)
  from space 16896K, 4% used [0x0000000773100000,0x00000007731d0018,0x0000000774180000)
  to   space 16384K, 0% used [0x0000000775980000,0x0000000775980000,0x0000000776980000)
 ParOldGen       total 128000K, used 15490K [0x00000006c7200000, 0x00000006cef00000, 0x000000076d100000)
  object space 128000K, 12% used [0x00000006c7200000,0x00000006c8120808,0x00000006cef00000)
 Metaspace       used 22161K, capacity 23549K, committed 23808K, reserved 1069056K
  class space    used 3246K, capacity 3528K, committed 3584K, reserved 1048576K
GC Heap History (10 events):
Event: 3.723 GC heap before
{Heap before GC invocations=4 (full 1):
 PSYoungGen      total 74752K, used 64512K [0x000000076d100000, 0x0000000772400000, 0x00000007c0000000)
  eden space 64512K, 100% used [0x000000076d100000,0x0000000771000000,0x0000000771000000)
  from space 10240K, 0% used [0x0000000771a00000,0x0000000771a00000,0x0000000772400000)
  to   space 10240K, 0% used [0x0000000771000000,0x0000000771000000,0x0000000771a00000)
 ParOldGen       total 128000K, used 15450K [0x00000006c7200000, 0x00000006cef00000, 0x000000076d100000)
  object space 128000K, 12% used [0x00000006c7200000,0x00000006c8116808,0x00000006cef00000)
 Metaspace       used 21519K, capacity 22923K, committed 23296K, reserved 1069056K
  class space    used 3169K, capacity 3457K, committed 3584K, reserved 1048576K
Event: 3.727 GC heap after
Heap after GC invocations=4 (full 1):
 PSYoungGen      total 74752K, used 832K [0x000000076d100000, 0x0000000773480000, 0x00000007c0000000)
  eden space 64512K, 0% used [0x000000076d100000,0x000000076d100000,0x0000000771000000)
  from space 10240K, 8% used [0x0000000771000000,0x00000007710d0018,0x0000000771a00000)
  to   space 10240K, 0% used [0x0000000772a80000,0x0000000772a80000,0x0000000773480000)
 ParOldGen       total 128000K, used 15458K [0x00000006c7200000, 0x00000006cef00000, 0x000000076d100000)
  object space 128000K, 12% used [0x00000006c7200000,0x00000006c8118808,0x00000006cef00000)
 Metaspace       used 21519K, capacity 22923K, committed 23296K, reserved 1069056K
  class space    used 3169K, capacity 3457K, committed 3584K, reserved 1048576K
}
Event: 5.810 GC heap before
{Heap before GC invocations=5 (full 1):
 PSYoungGen      total 74752K, used 65344K [0x000000076d100000, 0x0000000773480000, 0x00000007c0000000)
  eden space 64512K, 100% used [0x000000076d100000,0x0000000771000000,0x0000000771000000)
  from space 10240K, 8% used [0x0000000771000000,0x00000007710d0018,0x0000000771a00000)
  to   space 10240K, 0% used [0x0000000772a80000,0x0000000772a80000,0x0000000773480000)
 ParOldGen       total 128000K, used 15458K [0x00000006c7200000, 0x00000006cef00000, 0x000000076d100000)
  object space 128000K, 12% used [0x00000006c7200000,0x00000006c8118808,0x00000006cef00000)
 Metaspace       used 21709K, capacity 23127K, committed 23296K, reserved 1069056K
  class space    used 3172K, capacity 3459K, committed 3584K, reserved 1048576K
Event: 5.813 GC heap after
Heap after GC invocations=5 (full 1):
 PSYoungGen      total 86528K, used 800K [0x000000076d100000, 0x0000000773200000, 0x00000007c0000000)
  eden space 78848K, 0% used [0x000000076d100000,0x000000076d100000,0x0000000771e00000)
  from space 7680K, 10% used [0x0000000772a80000,0x0000000772b48018,0x0000000773200000)
  to   space 10240K, 0% used [0x0000000771e00000,0x0000000771e00000,0x0000000772800000)
 ParOldGen       total 128000K, used 15466K [0x00000006c7200000, 0x00000006cef00000, 0x000000076d100000)
  object space 128000K, 12% used [0x00000006c7200000,0x00000006c811a808,0x00000006cef00000)
 Metaspace       used 21709K, capacity 23127K, committed 23296K, reserved 1069056K
  class space    used 3172K, capacity 3459K, committed 3584K, reserved 1048576K
}
Event: 6.697 GC heap before
{Heap before GC invocations=6 (full 1):
 PSYoungGen      total 86528K, used 79648K [0x000000076d100000, 0x0000000773200000, 0x00000007c0000000)
  eden space 78848K, 100% used [0x000000076d100000,0x0000000771e00000,0x0000000771e00000)
  from space 7680K, 10% used [0x0000000772a80000,0x0000000772b48018,0x0000000773200000)
  to   space 10240K, 0% used [0x0000000771e00000,0x0000000771e00000,0x0000000772800000)
 ParOldGen       total 128000K, used 15466K [0x00000006c7200000, 0x00000006cef00000, 0x000000076d100000)
  object space 128000K, 12% used [0x00000006c7200000,0x00000006c811a808,0x00000006cef00000)
 Metaspace       used 21752K, capacity 23191K, committed 23552K, reserved 1069056K
  class space    used 3172K, capacity 3459K, committed 3584K, reserved 1048576K
Event: 6.703 GC heap after
Heap after GC invocations=6 (full 1):
 PSYoungGen      total 89088K, used 832K [0x000000076d100000, 0x0000000775300000, 0x00000007c0000000)
  eden space 78848K, 0% used [0x000000076d100000,0x000000076d100000,0x0000000771e00000)
  from space 10240K, 8% used [0x0000000771e00000,0x0000000771ed0018,0x0000000772800000)
  to   space 17920K, 0% used [0x0000000774180000,0x0000000774180000,0x0000000775300000)
 ParOldGen       total 128000K, used 15474K [0x00000006c7200000, 0x00000006cef00000, 0x000000076d100000)
  object space 128000K, 12% used [0x00000006c7200000,0x00000006c811c808,0x00000006cef00000)
 Metaspace       used 21752K, capacity 23191K, committed 23552K, reserved 1069056K
  class space    used 3172K, capacity 3459K, committed 3584K, reserved 1048576K
}
Event: 7.601 GC heap before
{Heap before GC invocations=7 (full 1):
 PSYoungGen      total 89088K, used 79680K [0x000000076d100000, 0x0000000775300000, 0x00000007c0000000)
  eden space 78848K, 100% used [0x000000076d100000,0x0000000771e00000,0x0000000771e00000)
  from space 10240K, 8% used [0x0000000771e00000,0x0000000771ed0018,0x0000000772800000)
  to   space 17920K, 0% used [0x0000000774180000,0x0000000774180000,0x0000000775300000)
 ParOldGen       total 128000K, used 15474K [0x00000006c7200000, 0x00000006cef00000, 0x000000076d100000)
  object space 128000K, 12% used [0x00000006c7200000,0x00000006c811c808,0x00000006cef00000)
 Metaspace       used 21817K, capacity 23199K, committed 23552K, reserved 1069056K
  class space    used 3172K, capacity 3459K, committed 3584K, reserved 1048576K
Event: 7.610 GC heap after
Heap after GC invocations=7 (full 1):
 PSYoungGen      total 116224K, used 832K [0x000000076d100000, 0x0000000775400000, 0x00000007c0000000)
  eden space 98304K, 0% used [0x000000076d100000,0x000000076d100000,0x0000000773100000)
  from space 17920K, 4% used [0x0000000774180000,0x0000000774250018,0x0000000775300000)
  to   space 16896K, 0% used [0x0000000773100000,0x0000000773100000,0x0000000774180000)
 ParOldGen       total 128000K, used 15482K [0x00000006c7200000, 0x00000006cef00000, 0x000000076d100000)
  object space 128000K, 12% used [0x00000006c7200000,0x00000006c811e808,0x00000006cef00000)
 Metaspace       used 21817K, capacity 23199K, committed 23552K, reserved 1069056K
  class space    used 3172K, capacity 3459K, committed 3584K, reserved 1048576K
}
Event: 8.053 GC heap before
{Heap before GC invocations=8 (full 1):
 PSYoungGen      total 116224K, used 99136K [0x000000076d100000, 0x0000000775400000, 0x00000007c0000000)
  eden space 98304K, 100% used [0x000000076d100000,0x0000000773100000,0x0000000773100000)
  from space 17920K, 4% used [0x0000000774180000,0x0000000774250018,0x0000000775300000)
  to   space 16896K, 0% used [0x0000000773100000,0x0000000773100000,0x0000000774180000)
 ParOldGen       total 128000K, used 15482K [0x00000006c7200000, 0x00000006cef00000, 0x000000076d100000)
  object space 128000K, 12% used [0x00000006c7200000,0x00000006c811e808,0x00000006cef00000)
 Metaspace       used 21835K, capacity 23203K, committed 23552K, reserved 1069056K
  class space    used 3172K, capacity 3459K, committed 3584K, reserved 1048576K
Event: 8.055 GC heap after
Heap after GC invocations=8 (full 1):
 PSYoungGen      total 115200K, used 832K [0x000000076d100000, 0x0000000776980000, 0x00000007c0000000)
  eden space 98304K, 0% used [0x000000076d100000,0x000000076d100000,0x0000000773100000)
  from space 16896K, 4% used [0x0000000773100000,0x00000007731d0018,0x0000000774180000)
  to   space 16384K, 0% used [0x0000000775980000,0x0000000775980000,0x0000000776980000)
 ParOldGen       total 128000K, used 15490K [0x00000006c7200000, 0x00000006cef00000, 0x000000076d100000)
  object space 128000K, 12% used [0x00000006c7200000,0x00000006c8120808,0x00000006cef00000)
 Metaspace       used 21835K, capacity 23203K, committed 23552K, reserved 1069056K
  class space    used 3172K, capacity 3459K, committed 3584K, reserved 1048576K
}

