# JRE version: Java(TM) SE Runtime Environment (8.0_144-b01) (build 1.8.0_144-b01)
# Java VM: Java HotSpot(TM) 64-Bit Server VM (25.144-b01 mixed mode linux-amd64 compressed oops)
Heap:
 PSYoungGen      total 130048K, used 88863K [0x000000076d100000, 0x0000000778a00000, 0x00000007c0000000)
  eden space 113152K, 77% used [0x000000076d100000,0x00000007726ffc18,0x0000000773f80000)
  from space 16896K, 4% used [0x0000000773f80000,0x0000000774048018,0x0000000775000000)
  to   space 16384K, 0% used [0x0000000777a00000,0x0000000777a00000,0x0000000778a00000)
 ParOldGen       total 131072K, used 15497K [0x00000006c7200000, 0x00000006cf200000, 0x000000076d100000)
  object space 131072K, 11% used [0x00000006c7200000,0x00000006c8122528,0x00000006cf200000)
 Metaspace       used 22266K, capacity 23673K, committed 23808K, reserved 1069056K
  class space    used 3246K, capacity 3528K, committed 3584K, reserved 1048576K
GC Heap History (10 events):
Event: 4.889 GC heap before
{Heap before GC invocations=4 (full 1):
 PSYoungGen      total 74752K, used 64512K [0x000000076d100000, 0x0000000772400000, 0x00000007c0000000)
  eden space 64512K, 100% used [0x000000076d100000,0x0000000771000000,0x0000000771000000)
  from space 10240K, 0% used [0x0000000771a00000,0x0000000771a00000,0x0000000772400000)
  to   space 10240K, 0% used [0x0000000771000000,0x0000000771000000,0x0000000771a00000)
 ParOldGen       total 131072K, used 15457K [0x00000006c7200000, 0x00000006cf200000, 0x000000076d100000)
  object space 131072K, 11% used [0x00000006c7200000,0x00000006c8118528,0x00000006cf200000)
 Metaspace       used 21631K, capacity 22987K, committed 23296K, reserved 1069056K
  class space    used 3169K, capacity 3457K, committed 3584K, reserved 1048576K
Event: 4.891 GC heap after
Heap after GC invocations=4 (full 1):
 PSYoungGen      total 74752K, used 800K [0x000000076d100000, 0x0000000773280000, 0x00000007c0000000)
  eden space 64512K, 0% used [0x000000076d100000,0x000000076d100000,0x0000000771000000)
  from space 10240K, 7% used [0x0000000771000000,0x00000007710c8018,0x0000000771a00000)
  to   space 10240K, 0% used [0x0000000772880000,0x0000000772880000,0x0000000773280000)
 ParOldGen       total 131072K, used 15465K [0x00000006c7200000, 0x00000006cf200000, 0x000000076d100000)
  object space 131072K, 11% used [0x00000006c7200000,0x00000006c811a528,0x00000006cf200000)
 Metaspace       used 21631K, capacity 22987K, committed 23296K, reserved 1069056K
  class space    used 3169K, capacity 3457K, committed 3584K, reserved 1048576K
}
Event: 5.376 GC heap before
{Heap before GC invocations=5 (full 1):
 PSYoungGen      total 74752K, used 65312K [0x000000076d100000, 0x0000000773280000, 0x00000007c0000000)
  eden space 64512K, 100% used [0x000000076d100000,0x0000000771000000,0x0000000771000000)
  from space 10240K, 7% used [0x0000000771000000,0x00000007710c8018,0x0000000771a00000)
  to   space 10240K, 0% used [0x0000000772880000,0x0000000772880000,0x0000000773280000)
 ParOldGen       total 131072K, used 15465K [0x00000006c7200000, 0x00000006cf200000, 0x000000076d100000)
  object space 131072K, 11% used [0x00000006c7200000,0x00000006c811a528,0x00000006cf200000)
 Metaspace       used 21701K, capacity 23121K, committed 23296K, reserved 1069056K
  class space    used 3171K, capacity 3458K, committed 3584K, reserved 1048576K
Event: 5.383 GC heap after
Heap after GC invocations=5 (full 1):
 PSYoungGen      total 89600K, used 800K [0x000000076d100000, 0x0000000773a00000, 0x00000007c0000000)
  eden space 79360K, 0% used [0x000000076d100000,0x000000076d100000,0x0000000771e80000)
  from space 10240K, 7% used [0x0000000772880000,0x0000000772948018,0x0000000773280000)
  to   space 10240K, 0% used [0x0000000771e80000,0x0000000771e80000,0x0000000772880000)
 ParOldGen       total 131072K, used 15473K [0x00000006c7200000, 0x00000006cf200000, 0x000000076d100000)
  object space 131072K, 11% used [0x00000006c7200000,0x00000006c811c528,0x00000006cf200000)
 Metaspace       used 21701K, capacity 23121K, committed 23296K, reserved 1069056K
  class space    used 3171K, capacity 3458K, committed 3584K, reserved 1048576K
}
Event: 5.635 GC heap before
{Heap before GC invocations=6 (full 1):
 PSYoungGen      total 89600K, used 80160K [0x000000076d100000, 0x0000000773a00000, 0x00000007c0000000)
  eden space 79360K, 100% used [0x000000076d100000,0x0000000771e80000,0x0000000771e80000)
  from space 10240K, 7% used [0x0000000772880000,0x0000000772948018,0x0000000773280000)
  to   space 10240K, 0% used [0x0000000771e80000,0x0000000771e80000,0x0000000772880000)
 ParOldGen       total 131072K, used 15473K [0x00000006c7200000, 0x00000006cf200000, 0x000000076d100000)
  object space 131072K, 11% used [0x00000006c7200000,0x00000006c811c528,0x00000006cf200000)
 Metaspace       used 21714K, capacity 23121K, committed 23296K, reserved 1069056K
  class space    used 3171K, capacity 3458K, committed 3584K, reserved 1048576K
Event: 5.641 GC heap after
Heap after GC invocations=6 (full 1):
 PSYoungGen      total 89600K, used 832K [0x000000076d100000, 0x0000000776600000, 0x00000007c0000000)
  eden space 79360K, 0% used [0x000000076d100000,0x000000076d100000,0x0000000771e80000)
  from space 10240K, 8% used [0x0000000771e80000,0x0000000771f50018,0x0000000772880000)
  to   space 17920K, 0% used [0x0000000775480000,0x0000000775480000,0x0000000776600000)
 ParOldGen       total 131072K, used 15481K [0x00000006c7200000, 0x00000006cf200000, 0x000000076d100000)
  object space 131072K, 11% used [0x00000006c7200000,0x00000006c811e528,0x00000006cf200000)
 Metaspace       used 21714K, capacity 23121K, committed 23296K, reserved 1069056K
  class space    used 3171K, capacity 3458K, committed 3584K, reserved 1048576K
}
Event: 7.131 GC heap before
{Heap before GC invocations=7 (full 1):
 PSYoungGen      total 89600K, used 80192K [0x000000076d100000, 0x0000000776600000, 0x00000007c0000000)
  eden space 79360K, 100% used [0x000000076d100000,0x0000000771e80000,0x0000000771e80000)
  from space 10240K, 8% used [0x0000000771e80000,0x0000000771f50018,0x0000000772880000)
  to   space 17920K, 0% used [0x0000000775480000,0x0000000775480000,0x0000000776600000)
 ParOldGen       total 131072K, used 15481K [0x00000006c7200000, 0x00000006cf200000, 0x000000076d100000)
  object space 131072K, 11% used [0x00000006c7200000,0x00000006c811e528,0x00000006cf200000)
 Metaspace       used 21857K, capacity 23255K, committed 23552K, reserved 1069056K
  class space    used 3172K, capacity 3459K, committed 3584K, reserved 1048576K
Event: 7.137 GC heap after
Heap after GC invocations=7 (full 1):
 PSYoungGen      total 125440K, used 800K [0x000000076d100000, 0x0000000776080000, 0x00000007c0000000)
  eden space 113152K, 0% used [0x000000076d100000,0x000000076d100000,0x0000000773f80000)
  from space 12288K, 6% used [0x0000000775480000,0x0000000775548018,0x0000000776080000)
  to   space 16896K, 0% used [0x0000000773f80000,0x0000000773f80000,0x0000000775000000)
 ParOldGen       total 131072K, used 15489K [0x00000006c7200000, 0x00000006cf200000, 0x000000076d100000)
  object space 131072K, 11% used [0x00000006c7200000,0x00000006c8120528,0x00000006cf200000)
 Metaspace       used 21857K, capacity 23255K, committed 23552K, reserved 1069056K
  class space    used 3172K, capacity 3459K, committed 3584K, reserved 1048576K
}
Event: 7.731 GC heap before
{Heap before GC invocations=8 (full 1):
 PSYoungGen      total 125440K, used 113952K [0x000000076d100000, 0x0000000776080000, 0x00000007c0000000)
  eden space 113152K, 100% used [0x000000076d100000,0x0000000773f80000,0x0000000773f80000)
  from space 12288K, 6% used [0x0000000775480000,0x0000000775548018,0x0000000776080000)
  to   space 16896K, 0% used [0x0000000773f80000,0x0000000773f80000,0x0000000775000000)
 ParOldGen       total 131072K, used 15489K [0x00000006c7200000, 0x00000006cf200000, 0x000000076d100000)
  object space 131072K, 11% used [0x00000006c7200000,0x00000006c8120528,0x00000006cf200000)
 Metaspace       used 21900K, capacity 23323K, committed 23552K, reserved 1069056K
  class space    used 3172K, capacity 3459K, committed 3584K, reserved 1048576K
Event: 7.733 GC heap after
Heap after GC invocations=8 (full 1):
 PSYoungGen      total 130048K, used 800K [0x000000076d100000, 0x0000000778a00000, 0x00000007c0000000)
  eden space 113152K, 0% used [0x000000076d100000,0x000000076d100000,0x0000000773f80000)
  from space 16896K, 4% used [0x0000000773f80000,0x0000000774048018,0x0000000775000000)
  to   space 16384K, 0% used [0x0000000777a00000,0x0000000777a00000,0x0000000778a00000)
 ParOldGen       total 131072K, used 15497K [0x00000006c7200000, 0x00000006cf200000, 0x000000076d100000)
  object space 131072K, 11% used [0x00000006c7200000,0x00000006c8122528,0x00000006cf200000)
 Metaspace       used 21900K, capacity 23323K, committed 23552K, reserved 1069056K
  class space    used 3172K, capacity 3459K, committed 3584K, reserved 1048576K
}

