# JRE version: Java(TM) SE Runtime Environment (8.0_144-b01) (build 1.8.0_144-b01)
# Java VM: Java HotSpot(TM) 64-Bit Server VM (25.144-b01 mixed mode linux-amd64 compressed oops)
Heap:
 PSYoungGen      total 119296K, used 95743K [0x000000076d100000, 0x0000000775600000, 0x00000007c0000000)
  eden space 101888K, 93% used [0x000000076d100000,0x0000000772d9fe00,0x0000000773480000)
  from space 17408K, 5% used [0x0000000774500000,0x00000007745e0018,0x0000000775600000)
  to   space 16896K, 0% used [0x0000000773480000,0x0000000773480000,0x0000000774500000)
 ParOldGen       total 130560K, used 15461K [0x00000006c7200000, 0x00000006cf180000, 0x000000076d100000)
  object space 130560K, 11% used [0x00000006c7200000,0x00000006c8119788,0x00000006cf180000)
 Metaspace       used 22244K, capacity 23692K, committed 23808K, reserved 1069056K
  class space    used 3253K, capacity 3537K, committed 3584K, reserved 1048576K
GC Heap History (10 events):
Event: 2.879 GC heap before
{Heap before GC invocations=3 (full 1):
 PSYoungGen      total 74752K, used 10238K [0x000000076d100000, 0x0000000772400000, 0x00000007c0000000)
  eden space 64512K, 0% used [0x000000076d100000,0x000000076d100000,0x0000000771000000)
  from space 10240K, 99% used [0x0000000771a00000,0x00000007723ff838,0x0000000772400000)
  to   space 10240K, 0% used [0x0000000771000000,0x0000000771000000,0x0000000771a00000)
 ParOldGen       total 171008K, used 5515K [0x00000006c7200000, 0x00000006d1900000, 0x000000076d100000)
  object space 171008K, 3% used [0x00000006c7200000,0x00000006c7762dd8,0x00000006d1900000)
 Metaspace       used 19994K, capacity 21172K, committed 21296K, reserved 1067008K
  class space    used 2911K, capacity 3175K, committed 3200K, reserved 1048576K
Event: 2.923 GC heap after
Heap after GC invocations=3 (full 1):
 PSYoungGen      total 74752K, used 0K [0x000000076d100000, 0x0000000772400000, 0x00000007c0000000)
  eden space 64512K, 0% used [0x000000076d100000,0x000000076d100000,0x0000000771000000)
  from space 10240K, 0% used [0x0000000771a00000,0x0000000771a00000,0x0000000772400000)
  to   space 10240K, 0% used [0x0000000771000000,0x0000000771000000,0x0000000771a00000)
 ParOldGen       total 130560K, used 15429K [0x00000006c7200000, 0x00000006cf180000, 0x000000076d100000)
  object space 130560K, 11% used [0x00000006c7200000,0x00000006c8111788,0x00000006cf180000)
 Metaspace       used 19994K, capacity 21172K, committed 21296K, reserved 1067008K
  class space    used 2911K, capacity 3175K, committed 3200K, reserved 1048576K
}
Event: 4.423 GC heap before
{Heap before GC invocations=4 (full 1):
 PSYoungGen      total 74752K, used 64512K [0x000000076d100000, 0x0000000772400000, 0x00000007c0000000)
  eden space 64512K, 100% used [0x000000076d100000,0x0000000771000000,0x0000000771000000)
  from space 10240K, 0% used [0x0000000771a00000,0x0000000771a00000,0x0000000772400000)
  to   space 10240K, 0% used [0x0000000771000000,0x0000000771000000,0x0000000771a00000)
 ParOldGen       total 130560K, used 15429K [0x00000006c7200000, 0x00000006cf180000, 0x000000076d100000)
  object space 130560K, 11% used [0x00000006c7200000,0x00000006c8111788,0x00000006cf180000)
 Metaspace       used 21611K, capacity 23014K, committed 23296K, reserved 1069056K
  class space    used 3176K, capacity 3466K, committed 3584K, reserved 1048576K
Event: 4.430 GC heap after
Heap after GC invocations=4 (full 1):
 PSYoungGen      total 74752K, used 800K [0x000000076d100000, 0x0000000773480000, 0x00000007c0000000)
  eden space 64512K, 0% used [0x000000076d100000,0x000000076d100000,0x0000000771000000)
  from space 10240K, 7% used [0x0000000771000000,0x00000007710c8018,0x0000000771a00000)
  to   space 10240K, 0% used [0x0000000772a80000,0x0000000772a80000,0x0000000773480000)
 ParOldGen       total 130560K, used 15437K [0x00000006c7200000, 0x00000006cf180000, 0x000000076d100000)
  object space 130560K, 11% used [0x00000006c7200000,0x00000006c8113788,0x00000006cf180000)
 Metaspace       used 21611K, capacity 23014K, committed 23296K, reserved 1069056K
  class space    used 3176K, capacity 3466K, committed 3584K, reserved 1048576K
}
Event: 5.313 GC heap before
{Heap before GC invocations=5 (full 1):
 PSYoungGen      total 74752K, used 65312K [0x000000076d100000, 0x0000000773480000, 0x00000007c0000000)
  eden space 64512K, 100% used [0x000000076d100000,0x0000000771000000,0x0000000771000000)
  from space 10240K, 7% used [0x0000000771000000,0x00000007710c8018,0x0000000771a00000)
  to   space 10240K, 0% used [0x0000000772a80000,0x0000000772a80000,0x0000000773480000)
 ParOldGen       total 130560K, used 15437K [0x00000006c7200000, 0x00000006cf180000, 0x000000076d100000)
  object space 130560K, 11% used [0x00000006c7200000,0x00000006c8113788,0x00000006cf180000)
 Metaspace       used 21709K, capacity 23148K, committed 23296K, reserved 1069056K
  class space    used 3178K, capacity 3467K, committed 3584K, reserved 1048576K
Event: 5.319 GC heap after
Heap after GC invocations=5 (full 1):
 PSYoungGen      total 91648K, used 864K [0x000000076d100000, 0x0000000773500000, 0x00000007c0000000)
  eden space 81408K, 0% used [0x000000076d100000,0x000000076d100000,0x0000000772080000)
  from space 10240K, 8% used [0x0000000772a80000,0x0000000772b58018,0x0000000773480000)
  to   space 10240K, 0% used [0x0000000772080000,0x0000000772080000,0x0000000772a80000)
 ParOldGen       total 130560K, used 15445K [0x00000006c7200000, 0x00000006cf180000, 0x000000076d100000)
  object space 130560K, 11% used [0x00000006c7200000,0x00000006c8115788,0x00000006cf180000)
 Metaspace       used 21709K, capacity 23148K, committed 23296K, reserved 1069056K
  class space    used 3178K, capacity 3467K, committed 3584K, reserved 1048576K
}
Event: 6.406 GC heap before
{Heap before GC invocations=6 (full 1):
 PSYoungGen      total 91648K, used 82272K [0x000000076d100000, 0x0000000773500000, 0x00000007c0000000)
  eden space 81408K, 100% used [0x000000076d100000,0x0000000772080000,0x0000000772080000)
  from space 10240K, 8% used [0x0000000772a80000,0x0000000772b58018,0x0000000773480000)
  to   space 10240K, 0% used [0x0000000772080000,0x0000000772080000,0x0000000772a80000)
 ParOldGen       total 130560K, used 15445K [0x00000006c7200000, 0x00000006cf180000, 0x000000076d100000)
  object space 130560K, 11% used [0x00000006c7200000,0x00000006c8115788,0x00000006cf180000)
 Metaspace       used 21816K, capacity 23218K, committed 23552K, reserved 1069056K
  class space    used 3180K, capacity 3468K, committed 3584K, reserved 1048576K
Event: 6.408 GC heap after
Heap after GC invocations=6 (full 1):
 PSYoungGen      total 91648K, used 832K [0x000000076d100000, 0x0000000775680000, 0x00000007c0000000)
  eden space 81408K, 0% used [0x000000076d100000,0x000000076d100000,0x0000000772080000)
  from space 10240K, 8% used [0x0000000772080000,0x0000000772150018,0x0000000772a80000)
  to   space 17920K, 0% used [0x0000000774500000,0x0000000774500000,0x0000000775680000)
 ParOldGen       total 130560K, used 15453K [0x00000006c7200000, 0x00000006cf180000, 0x000000076d100000)
  object space 130560K, 11% used [0x00000006c7200000,0x00000006c8117788,0x00000006cf180000)
 Metaspace       used 21816K, capacity 23218K, committed 23552K, reserved 1069056K
  class space    used 3180K, capacity 3468K, committed 3584K, reserved 1048576K
}
Event: 7.152 GC heap before
{Heap before GC invocations=7 (full 1):
 PSYoungGen      total 91648K, used 82240K [0x000000076d100000, 0x0000000775680000, 0x00000007c0000000)
  eden space 81408K, 100% used [0x000000076d100000,0x0000000772080000,0x0000000772080000)
  from space 10240K, 8% used [0x0000000772080000,0x0000000772150018,0x0000000772a80000)
  to   space 17920K, 0% used [0x0000000774500000,0x0000000774500000,0x0000000775680000)
 ParOldGen       total 130560K, used 15453K [0x00000006c7200000, 0x00000006cf180000, 0x000000076d100000)
  object space 130560K, 11% used [0x00000006c7200000,0x00000006c8117788,0x00000006cf180000)
 Metaspace       used 21880K, capacity 23282K, committed 23552K, reserved 1069056K
  class space    used 3180K, capacity 3468K, committed 3584K, reserved 1048576K
Event: 7.157 GC heap after
Heap after GC invocations=7 (full 1):
 PSYoungGen      total 119296K, used 896K [0x000000076d100000, 0x0000000775600000, 0x00000007c0000000)
  eden space 101888K, 0% used [0x000000076d100000,0x000000076d100000,0x0000000773480000)
  from space 17408K, 5% used [0x0000000774500000,0x00000007745e0018,0x0000000775600000)
  to   space 16896K, 0% used [0x0000000773480000,0x0000000773480000,0x0000000774500000)
 ParOldGen       total 130560K, used 15461K [0x00000006c7200000, 0x00000006cf180000, 0x000000076d100000)
  object space 130560K, 11% used [0x00000006c7200000,0x00000006c8119788,0x00000006cf180000)
 Metaspace       used 21880K, capacity 23282K, committed 23552K, reserved 1069056K
  class space    used 3180K, capacity 3468K, committed 3584K, reserved 1048576K
}

