# JRE version: Java(TM) SE Runtime Environment (8.0_144-b01) (build 1.8.0_144-b01)
# Java VM: Java HotSpot(TM) 64-Bit Server VM (25.144-b01 mixed mode linux-amd64 compressed oops)
Heap:
 PSYoungGen      total 155648K, used 14638K [0x000000076d100000, 0x0000000777800000, 0x00000007c0000000)
  eden space 142336K, 9% used [0x000000076d100000,0x000000076de7baf8,0x0000000775c00000)
  from space 13312K, 6% used [0x0000000776b00000,0x0000000776bd0018,0x0000000777800000)
  to   space 14336K, 0% used [0x0000000775c00000,0x0000000775c00000,0x0000000776a00000)
 ParOldGen       total 130048K, used 15499K [0x00000006c7200000, 0x00000006cf100000, 0x000000076d100000)
  object space 130048K, 11% used [0x00000006c7200000,0x00000006c8122cd0,0x00000006cf100000)
 Metaspace       used 22514K, capacity 23981K, committed 24064K, reserved 1069056K
  class space    used 3257K, capacity 3562K, committed 3584K, reserved 1048576K
GC Heap History (10 events):
Event: 9.341 GC heap before
{Heap before GC invocations=7 (full 1):
 PSYoungGen      total 89600K, used 80192K [0x000000076d100000, 0x0000000775600000, 0x00000007c0000000)
  eden space 79360K, 100% used [0x000000076d100000,0x0000000771e80000,0x0000000771e80000)
  from space 10240K, 8% used [0x0000000771e80000,0x0000000771f50018,0x0000000772880000)
  to   space 17920K, 0% used [0x0000000774480000,0x0000000774480000,0x0000000775600000)
 ParOldGen       total 130048K, used 15475K [0x00000006c7200000, 0x00000006cf100000, 0x000000076d100000)
  object space 130048K, 11% used [0x00000006c7200000,0x00000006c811ccd0,0x00000006cf100000)
 Metaspace       used 21997K, capacity 23433K, committed 23552K, reserved 1069056K
  class space    used 3183K, capacity 3492K, committed 3584K, reserved 1048576K
Event: 9.345 GC heap after
Heap after GC invocations=7 (full 1):
 PSYoungGen      total 115200K, used 832K [0x000000076d100000, 0x0000000775380000, 0x00000007c0000000)
  eden space 99840K, 0% used [0x000000076d100000,0x000000076d100000,0x0000000773280000)
  from space 15360K, 5% used [0x0000000774480000,0x0000000774550018,0x0000000775380000)
  to   space 16896K, 0% used [0x0000000773280000,0x0000000773280000,0x0000000774300000)
 ParOldGen       total 130048K, used 15483K [0x00000006c7200000, 0x00000006cf100000, 0x000000076d100000)
  object space 130048K, 11% used [0x00000006c7200000,0x00000006c811ecd0,0x00000006cf100000)
 Metaspace       used 21997K, capacity 23433K, committed 23552K, reserved 1069056K
  class space    used 3183K, capacity 3492K, committed 3584K, reserved 1048576K
}
Event: 10.894 GC heap before
{Heap before GC invocations=8 (full 1):
 PSYoungGen      total 115200K, used 100672K [0x000000076d100000, 0x0000000775380000, 0x00000007c0000000)
  eden space 99840K, 100% used [0x000000076d100000,0x0000000773280000,0x0000000773280000)
  from space 15360K, 5% used [0x0000000774480000,0x0000000774550018,0x0000000775380000)
  to   space 16896K, 0% used [0x0000000773280000,0x0000000773280000,0x0000000774300000)
 ParOldGen       total 130048K, used 15483K [0x00000006c7200000, 0x00000006cf100000, 0x000000076d100000)
  object space 130048K, 11% used [0x00000006c7200000,0x00000006c811ecd0,0x00000006cf100000)
 Metaspace       used 22058K, capacity 23503K, committed 23808K, reserved 1069056K
  class space    used 3184K, capacity 3493K, committed 3584K, reserved 1048576K
Event: 10.895 GC heap after
Heap after GC invocations=8 (full 1):
 PSYoungGen      total 116736K, used 864K [0x000000076d100000, 0x0000000776800000, 0x00000007c0000000)
  eden space 99840K, 0% used [0x000000076d100000,0x000000076d100000,0x0000000773280000)
  from space 16896K, 5% used [0x0000000773280000,0x0000000773358018,0x0000000774300000)
  to   space 16384K, 0% used [0x0000000775800000,0x0000000775800000,0x0000000776800000)
 ParOldGen       total 130048K, used 15491K [0x00000006c7200000, 0x00000006cf100000, 0x000000076d100000)
  object space 130048K, 11% used [0x00000006c7200000,0x00000006c8120cd0,0x00000006cf100000)
 Metaspace       used 22058K, capacity 23503K, committed 23808K, reserved 1069056K
  class space    used 3184K, capacity 3493K, committed 3584K, reserved 1048576K
}
Event: 12.298 GC heap before
{Heap before GC invocations=9 (full 1):
 PSYoungGen      total 116736K, used 100704K [0x000000076d100000, 0x0000000776800000, 0x00000007c0000000)
  eden space 99840K, 100% used [0x000000076d100000,0x0000000773280000,0x0000000773280000)
  from space 16896K, 5% used [0x0000000773280000,0x0000000773358018,0x0000000774300000)
  to   space 16384K, 0% used [0x0000000775800000,0x0000000775800000,0x0000000776800000)
 ParOldGen       total 130048K, used 15491K [0x00000006c7200000, 0x00000006cf100000, 0x000000076d100000)
  object space 130048K, 11% used [0x00000006c7200000,0x00000006c8120cd0,0x00000006cf100000)
 Metaspace       used 22091K, capacity 23567K, committed 23808K, reserved 1069056K
  class space    used 3184K, capacity 3493K, committed 3584K, reserved 1048576K
Event: 12.305 GC heap after
Heap after GC invocations=9 (full 1):
 PSYoungGen      total 138752K, used 832K [0x000000076d100000, 0x0000000776780000, 0x00000007c0000000)
  eden space 122880K, 0% used [0x000000076d100000,0x000000076d100000,0x0000000774900000)
  from space 15872K, 5% used [0x0000000775800000,0x00000007758d0018,0x0000000776780000)
  to   space 15360K, 0% used [0x0000000774900000,0x0000000774900000,0x0000000775800000)
 ParOldGen       total 130048K, used 15499K [0x00000006c7200000, 0x00000006cf100000, 0x000000076d100000)
  object space 130048K, 11% used [0x00000006c7200000,0x00000006c8122cd0,0x00000006cf100000)
 Metaspace       used 22091K, capacity 23567K, committed 23808K, reserved 1069056K
  class space    used 3184K, capacity 3493K, committed 3584K, reserved 1048576K
}
Event: 13.564 GC heap before
{Heap before GC invocations=10 (full 1):
 PSYoungGen      total 138752K, used 123712K [0x000000076d100000, 0x0000000776780000, 0x00000007c0000000)
  eden space 122880K, 100% used [0x000000076d100000,0x0000000774900000,0x0000000774900000)
  from space 15872K, 5% used [0x0000000775800000,0x00000007758d0018,0x0000000776780000)
  to   space 15360K, 0% used [0x0000000774900000,0x0000000774900000,0x0000000775800000)
 ParOldGen       total 130048K, used 15499K [0x00000006c7200000, 0x00000006cf100000, 0x000000076d100000)
  object space 130048K, 11% used [0x00000006c7200000,0x00000006c8122cd0,0x00000006cf100000)
 Metaspace       used 22125K, capacity 23567K, committed 23808K, reserved 1069056K
  class space    used 3184K, capacity 3493K, committed 3584K, reserved 1048576K
Event: 13.573 GC heap after
Heap after GC invocations=10 (full 1):
 PSYoungGen      total 138240K, used 832K [0x000000076d100000, 0x0000000777980000, 0x00000007c0000000)
  eden space 122880K, 0% used [0x000000076d100000,0x000000076d100000,0x0000000774900000)
  from space 15360K, 5% used [0x0000000774900000,0x00000007749d0018,0x0000000775800000)
  to   space 14848K, 0% used [0x0000000776b00000,0x0000000776b00000,0x0000000777980000)
 ParOldGen       total 130048K, used 15499K [0x00000006c7200000, 0x00000006cf100000, 0x000000076d100000)
  object space 130048K, 11% used [0x00000006c7200000,0x00000006c8122cd0,0x00000006cf100000)
 Metaspace       used 22125K, capacity 23567K, committed 23808K, reserved 1069056K
  class space    used 3184K, capacity 3493K, committed 3584K, reserved 1048576K
}
Event: 14.701 GC heap before
{Heap before GC invocations=11 (full 1):
 PSYoungGen      total 138240K, used 123712K [0x000000076d100000, 0x0000000777980000, 0x00000007c0000000)
  eden space 122880K, 100% used [0x000000076d100000,0x0000000774900000,0x0000000774900000)
  from space 15360K, 5% used [0x0000000774900000,0x00000007749d0018,0x0000000775800000)
  to   space 14848K, 0% used [0x0000000776b00000,0x0000000776b00000,0x0000000777980000)
 ParOldGen       total 130048K, used 15499K [0x00000006c7200000, 0x00000006cf100000, 0x000000076d100000)
  object space 130048K, 11% used [0x00000006c7200000,0x00000006c8122cd0,0x00000006cf100000)
 Metaspace       used 22174K, capacity 23635K, committed 23808K, reserved 1069056K
  class space    used 3184K, capacity 3493K, committed 3584K, reserved 1048576K
Event: 14.706 GC heap after
Heap after GC invocations=11 (full 1):
 PSYoungGen      total 155648K, used 832K [0x000000076d100000, 0x0000000777800000, 0x00000007c0000000)
  eden space 142336K, 0% used [0x000000076d100000,0x000000076d100000,0x0000000775c00000)
  from space 13312K, 6% used [0x0000000776b00000,0x0000000776bd0018,0x0000000777800000)
  to   space 14336K, 0% used [0x0000000775c00000,0x0000000775c00000,0x0000000776a00000)
 ParOldGen       total 130048K, used 15499K [0x00000006c7200000, 0x00000006cf100000, 0x000000076d100000)
  object space 130048K, 11% used [0x00000006c7200000,0x00000006c8122cd0,0x00000006cf100000)
 Metaspace       used 22174K, capacity 23635K, committed 23808K, reserved 1069056K
  class space    used 3184K, capacity 3493K, committed 3584K, reserved 1048576K
}

